{"/home/davidtan/_Workspaces/WebDevelopment/taskmanager/sveltekit-taskmanager-frontend/src/lib/api/handlers.ts": {"path":"/home/davidtan/_Workspaces/WebDevelopment/taskmanager/sveltekit-taskmanager-frontend/src/lib/api/handlers.ts","statementMap":{"0":{"start":{"line":50,"column":24},"end":{"line":91,"column":null}}},"fnMap":{},"branchMap":{},"s":{"0":33},"f":{},"b":{},"meta":{"lastBranch":0,"lastFunction":0,"lastStatement":1,"seen":{"s:50:24:91:Infinity":0},"fnNames":{}}}
,"/home/davidtan/_Workspaces/WebDevelopment/taskmanager/sveltekit-taskmanager-frontend/src/lib/features/auth/api/auth.api.ts": {"path":"/home/davidtan/_Workspaces/WebDevelopment/taskmanager/sveltekit-taskmanager-frontend/src/lib/features/auth/api/auth.api.ts","statementMap":{"0":{"start":{"line":66,"column":23},"end":{"line":120,"column":null}},"1":{"start":{"line":71,"column":2},"end":{"line":71,"column":null}},"2":{"start":{"line":78,"column":2},"end":{"line":78,"column":null}},"3":{"start":{"line":85,"column":2},"end":{"line":85,"column":null}},"4":{"start":{"line":92,"column":2},"end":{"line":92,"column":null}},"5":{"start":{"line":101,"column":2},"end":{"line":104,"column":null}},"6":{"start":{"line":111,"column":2},"end":{"line":111,"column":null}},"7":{"start":{"line":118,"column":2},"end":{"line":118,"column":null}}},"fnMap":{"0":{"name":"forgotPassword","decl":{"start":{"line":70,"column":7},"end":{"line":70,"column":22}},"loc":{"start":{"line":70,"column":81},"end":{"line":72,"column":null}},"line":70},"1":{"name":"getCurrentUser","decl":{"start":{"line":77,"column":7},"end":{"line":77,"column":39}},"loc":{"start":{"line":77,"column":39},"end":{"line":79,"column":null}},"line":77},"2":{"name":"login","decl":{"start":{"line":84,"column":7},"end":{"line":84,"column":13}},"loc":{"start":{"line":84,"column":68},"end":{"line":86,"column":null}},"line":84},"3":{"name":"logout","decl":{"start":{"line":91,"column":7},"end":{"line":91,"column":31}},"loc":{"start":{"line":91,"column":31},"end":{"line":93,"column":null}},"line":91},"4":{"name":"refreshToken","decl":{"start":{"line":98,"column":7},"end":{"line":98,"column":null}},"loc":{"start":{"line":100,"column":74},"end":{"line":105,"column":null}},"line":100},"5":{"name":"register","decl":{"start":{"line":110,"column":7},"end":{"line":110,"column":16}},"loc":{"start":{"line":110,"column":67},"end":{"line":112,"column":null}},"line":110},"6":{"name":"resetPassword","decl":{"start":{"line":117,"column":7},"end":{"line":117,"column":21}},"loc":{"start":{"line":117,"column":79},"end":{"line":119,"column":null}},"line":117}},"branchMap":{},"s":{"0":1,"1":2,"2":2,"3":2,"4":2,"5":2,"6":2,"7":2},"f":{"0":2,"1":2,"2":2,"3":2,"4":2,"5":2,"6":2},"b":{},"meta":{"lastBranch":0,"lastFunction":7,"lastStatement":8,"seen":{"s:66:23:120:Infinity":0,"f:70:7:70:22":0,"s:71:2:71:Infinity":1,"f:77:7:77:39":1,"s:78:2:78:Infinity":2,"f:84:7:84:13":2,"s:85:2:85:Infinity":3,"f:91:7:91:31":3,"s:92:2:92:Infinity":4,"f:98:7:98:Infinity":4,"s:101:2:104:Infinity":5,"f:110:7:110:16":5,"s:111:2:111:Infinity":6,"f:117:7:117:21":6,"s:118:2:118:Infinity":7},"fnNames":{}}}
,"/home/davidtan/_Workspaces/WebDevelopment/taskmanager/sveltekit-taskmanager-frontend/src/lib/features/auth/schemas/auth.schemas.ts": {"path":"/home/davidtan/_Workspaces/WebDevelopment/taskmanager/sveltekit-taskmanager-frontend/src/lib/features/auth/schemas/auth.schemas.ts","statementMap":{"0":{"start":{"line":10,"column":20},"end":{"line":15,"column":null}},"1":{"start":{"line":15,"column":21},"end":{"line":15,"column":45}},"2":{"start":{"line":20,"column":23},"end":{"line":27,"column":null}},"3":{"start":{"line":32,"column":19},"end":{"line":36,"column":null}},"4":{"start":{"line":36,"column":21},"end":{"line":36,"column":31}},"5":{"start":{"line":41,"column":27},"end":{"line":44,"column":null}},"6":{"start":{"line":49,"column":30},"end":{"line":53,"column":null}},"7":{"start":{"line":58,"column":36},"end":{"line":60,"column":null}},"8":{"start":{"line":65,"column":35},"end":{"line":74,"column":null}},"9":{"start":{"line":71,"column":19},"end":{"line":71,"column":59}}},"fnMap":{"0":{"name":"(anonymous_0)","decl":{"start":{"line":15,"column":2},"end":{"line":15,"column":13}},"loc":{"start":{"line":15,"column":21},"end":{"line":15,"column":45}},"line":15},"1":{"name":"(anonymous_1)","decl":{"start":{"line":36,"column":2},"end":{"line":36,"column":13}},"loc":{"start":{"line":36,"column":21},"end":{"line":36,"column":31}},"line":36},"2":{"name":"(anonymous_2)","decl":{"start":{"line":71,"column":2},"end":{"line":71,"column":10}},"loc":{"start":{"line":71,"column":19},"end":{"line":71,"column":59}},"line":71}},"branchMap":{},"s":{"0":1,"1":12,"2":1,"3":1,"4":8,"5":1,"6":1,"7":1,"8":1,"9":5},"f":{"0":12,"1":8,"2":5},"b":{},"meta":{"lastBranch":0,"lastFunction":3,"lastStatement":10,"seen":{"s:10:20:15:Infinity":0,"f:15:2:15:13":0,"s:15:21:15:45":1,"s:20:23:27:Infinity":2,"s:32:19:36:Infinity":3,"f:36:2:36:13":1,"s:36:21:36:31":4,"s:41:27:44:Infinity":5,"s:49:30:53:Infinity":6,"s:58:36:60:Infinity":7,"s:65:35:74:Infinity":8,"f:71:2:71:10":2,"s:71:19:71:59":9},"fnNames":{}}}
,"/home/davidtan/_Workspaces/WebDevelopment/taskmanager/sveltekit-taskmanager-frontend/src/lib/features/categories/schemas/category.schemas.ts": {"path":"/home/davidtan/_Workspaces/WebDevelopment/taskmanager/sveltekit-taskmanager-frontend/src/lib/features/categories/schemas/category.schemas.ts","statementMap":{"0":{"start":{"line":10,"column":19},"end":{"line":14,"column":null}},"1":{"start":{"line":14,"column":21},"end":{"line":14,"column":31}},"2":{"start":{"line":19,"column":26},"end":{"line":23,"column":null}},"3":{"start":{"line":22,"column":21},"end":{"line":22,"column":31}},"4":{"start":{"line":28,"column":20},"end":{"line":31,"column":null}},"5":{"start":{"line":36,"column":36},"end":{"line":41,"column":null}},"6":{"start":{"line":46,"column":36},"end":{"line":51,"column":null}}},"fnMap":{"0":{"name":"(anonymous_0)","decl":{"start":{"line":14,"column":2},"end":{"line":14,"column":13}},"loc":{"start":{"line":14,"column":21},"end":{"line":14,"column":31}},"line":14},"1":{"name":"(anonymous_1)","decl":{"start":{"line":22,"column":2},"end":{"line":22,"column":13}},"loc":{"start":{"line":22,"column":21},"end":{"line":22,"column":31}},"line":22}},"branchMap":{},"s":{"0":1,"1":13,"2":1,"3":4,"4":1,"5":1,"6":1},"f":{"0":13,"1":4},"b":{},"meta":{"lastBranch":0,"lastFunction":2,"lastStatement":7,"seen":{"s:10:19:14:Infinity":0,"f:14:2:14:13":0,"s:14:21:14:31":1,"s:19:26:23:Infinity":2,"f:22:2:22:13":1,"s:22:21:22:31":3,"s:28:20:31:Infinity":4,"s:36:36:41:Infinity":5,"s:46:36:51:Infinity":6},"fnNames":{}}}
,"/home/davidtan/_Workspaces/WebDevelopment/taskmanager/sveltekit-taskmanager-frontend/src/lib/features/tags/schemas/tag.schemas.ts": {"path":"/home/davidtan/_Workspaces/WebDevelopment/taskmanager/sveltekit-taskmanager-frontend/src/lib/features/tags/schemas/tag.schemas.ts","statementMap":{"0":{"start":{"line":10,"column":19},"end":{"line":14,"column":null}},"1":{"start":{"line":14,"column":21},"end":{"line":14,"column":31}},"2":{"start":{"line":19,"column":20},"end":{"line":22,"column":null}},"3":{"start":{"line":27,"column":31},"end":{"line":30,"column":null}},"4":{"start":{"line":35,"column":31},"end":{"line":38,"column":null}}},"fnMap":{"0":{"name":"(anonymous_0)","decl":{"start":{"line":14,"column":2},"end":{"line":14,"column":13}},"loc":{"start":{"line":14,"column":21},"end":{"line":14,"column":31}},"line":14}},"branchMap":{},"s":{"0":1,"1":11,"2":1,"3":1,"4":1},"f":{"0":11},"b":{},"meta":{"lastBranch":0,"lastFunction":1,"lastStatement":5,"seen":{"s:10:19:14:Infinity":0,"f:14:2:14:13":0,"s:14:21:14:31":1,"s:19:20:22:Infinity":2,"s:27:31:30:Infinity":3,"s:35:31:38:Infinity":4},"fnNames":{}}}
,"/home/davidtan/_Workspaces/WebDevelopment/taskmanager/sveltekit-taskmanager-frontend/src/lib/features/tasks/schemas/task.schemas.ts": {"path":"/home/davidtan/_Workspaces/WebDevelopment/taskmanager/sveltekit-taskmanager-frontend/src/lib/features/tasks/schemas/task.schemas.ts","statementMap":{"0":{"start":{"line":10,"column":20},"end":{"line":14,"column":null}},"1":{"start":{"line":14,"column":21},"end":{"line":14,"column":31}},"2":{"start":{"line":19,"column":26},"end":{"line":23,"column":null}},"3":{"start":{"line":22,"column":21},"end":{"line":22,"column":31}},"4":{"start":{"line":28,"column":19},"end":{"line":31,"column":null}},"5":{"start":{"line":36,"column":17},"end":{"line":36,"column":null}},"6":{"start":{"line":41,"column":23},"end":{"line":43,"column":null}},"7":{"start":{"line":48,"column":21},"end":{"line":50,"column":null}},"8":{"start":{"line":55,"column":22},"end":{"line":62,"column":null}},"9":{"start":{"line":67,"column":32},"end":{"line":75,"column":null}},"10":{"start":{"line":80,"column":32},"end":{"line":88,"column":null}}},"fnMap":{"0":{"name":"(anonymous_0)","decl":{"start":{"line":14,"column":2},"end":{"line":14,"column":13}},"loc":{"start":{"line":14,"column":21},"end":{"line":14,"column":31}},"line":14},"1":{"name":"(anonymous_1)","decl":{"start":{"line":22,"column":2},"end":{"line":22,"column":13}},"loc":{"start":{"line":22,"column":21},"end":{"line":22,"column":31}},"line":22}},"branchMap":{},"s":{"0":1,"1":16,"2":1,"3":3,"4":1,"5":1,"6":1,"7":1,"8":1,"9":1,"10":1},"f":{"0":16,"1":3},"b":{},"meta":{"lastBranch":0,"lastFunction":2,"lastStatement":11,"seen":{"s:10:20:14:Infinity":0,"f:14:2:14:13":0,"s:14:21:14:31":1,"s:19:26:23:Infinity":2,"f:22:2:22:13":1,"s:22:21:22:31":3,"s:28:19:31:Infinity":4,"s:36:17:36:Infinity":5,"s:41:23:43:Infinity":6,"s:48:21:50:Infinity":7,"s:55:22:62:Infinity":8,"s:67:32:75:Infinity":9,"s:80:32:88:Infinity":10},"fnNames":{}}}
,"/home/davidtan/_Workspaces/WebDevelopment/taskmanager/sveltekit-taskmanager-frontend/src/lib/shared/performance-monitoring.ts": {"path":"/home/davidtan/_Workspaces/WebDevelopment/taskmanager/sveltekit-taskmanager-frontend/src/lib/shared/performance-monitoring.ts","statementMap":{"0":{"start":{"line":39,"column":40},"end":{"line":43,"column":null}},"1":{"start":{"line":45,"column":34},"end":{"line":45,"column":null}},"2":{"start":{"line":49,"column":2},"end":{"line":49,"column":null}},"3":{"start":{"line":50,"column":2},"end":{"line":50,"column":null}},"4":{"start":{"line":52,"column":2},"end":{"line":54,"column":null}},"5":{"start":{"line":53,"column":3},"end":{"line":53,"column":null}},"6":{"start":{"line":61,"column":2},"end":{"line":61,"column":null}},"7":{"start":{"line":62,"column":2},"end":{"line":66,"column":null}},"8":{"start":{"line":73,"column":2},"end":{"line":79,"column":null}},"9":{"start":{"line":86,"column":2},"end":{"line":86,"column":null}},"10":{"start":{"line":93,"column":2},"end":{"line":93,"column":null}},"11":{"start":{"line":100,"column":19},"end":{"line":100,"column":null}},"12":{"start":{"line":101,"column":2},"end":{"line":101,"column":null}},"13":{"start":{"line":103,"column":2},"end":{"line":114,"column":null}},"14":{"start":{"line":104,"column":3},"end":{"line":104,"column":null}},"15":{"start":{"line":106,"column":3},"end":{"line":113,"column":null}},"16":{"start":{"line":107,"column":4},"end":{"line":112,"column":null}},"17":{"start":{"line":121,"column":19},"end":{"line":121,"column":null}},"18":{"start":{"line":122,"column":2},"end":{"line":122,"column":null}},"19":{"start":{"line":124,"column":2},"end":{"line":135,"column":null}},"20":{"start":{"line":125,"column":3},"end":{"line":125,"column":null}},"21":{"start":{"line":127,"column":3},"end":{"line":134,"column":null}},"22":{"start":{"line":128,"column":4},"end":{"line":133,"column":null}},"23":{"start":{"line":142,"column":19},"end":{"line":142,"column":null}},"24":{"start":{"line":143,"column":2},"end":{"line":143,"column":null}},"25":{"start":{"line":145,"column":2},"end":{"line":156,"column":null}},"26":{"start":{"line":146,"column":3},"end":{"line":146,"column":null}},"27":{"start":{"line":148,"column":3},"end":{"line":155,"column":null}},"28":{"start":{"line":149,"column":4},"end":{"line":154,"column":null}},"29":{"start":{"line":163,"column":2},"end":{"line":192,"column":null}},"30":{"start":{"line":164,"column":50},"end":{"line":164,"column":null}},"31":{"start":{"line":166,"column":3},"end":{"line":169,"column":null}},"32":{"start":{"line":167,"column":4},"end":{"line":167,"column":null}},"33":{"start":{"line":168,"column":4},"end":{"line":168,"column":null}},"34":{"start":{"line":171,"column":3},"end":{"line":174,"column":null}},"35":{"start":{"line":172,"column":4},"end":{"line":172,"column":null}},"36":{"start":{"line":173,"column":4},"end":{"line":173,"column":null}},"37":{"start":{"line":176,"column":3},"end":{"line":179,"column":null}},"38":{"start":{"line":177,"column":4},"end":{"line":177,"column":null}},"39":{"start":{"line":178,"column":4},"end":{"line":178,"column":null}},"40":{"start":{"line":181,"column":3},"end":{"line":184,"column":null}},"41":{"start":{"line":182,"column":4},"end":{"line":182,"column":null}},"42":{"start":{"line":183,"column":4},"end":{"line":183,"column":null}},"43":{"start":{"line":186,"column":3},"end":{"line":189,"column":null}},"44":{"start":{"line":187,"column":4},"end":{"line":187,"column":null}},"45":{"start":{"line":188,"column":4},"end":{"line":188,"column":null}},"46":{"start":{"line":191,"column":3},"end":{"line":191,"column":null}},"47":{"start":{"line":199,"column":2},"end":{"line":199,"column":null}},"48":{"start":{"line":199,"column":23},"end":{"line":199,"column":null}},"49":{"start":{"line":201,"column":2},"end":{"line":201,"column":null}},"50":{"start":{"line":204,"column":2},"end":{"line":212,"column":null}},"51":{"start":{"line":205,"column":3},"end":{"line":211,"column":null}},"52":{"start":{"line":219,"column":2},"end":{"line":219,"column":null}},"53":{"start":{"line":219,"column":31},"end":{"line":219,"column":null}},"54":{"start":{"line":222,"column":2},"end":{"line":232,"column":null}},"55":{"start":{"line":223,"column":16},"end":{"line":223,"column":null}},"56":{"start":{"line":224,"column":3},"end":{"line":224,"column":null}},"57":{"start":{"line":227,"column":3},"end":{"line":231,"column":null}},"58":{"start":{"line":231,"column":21},"end":{"line":231,"column":65}},"59":{"start":{"line":243,"column":1},"end":{"line":251,"column":null}},"60":{"start":{"line":244,"column":18},"end":{"line":244,"column":null}},"61":{"start":{"line":245,"column":19},"end":{"line":245,"column":null}},"62":{"start":{"line":247,"column":2},"end":{"line":250,"column":null}},"63":{"start":{"line":253,"column":1},"end":{"line":253,"column":null}},"64":{"start":{"line":259,"column":32},"end":{"line":325,"column":null}},"65":{"start":{"line":264,"column":2},"end":{"line":266,"column":null}},"66":{"start":{"line":265,"column":3},"end":{"line":265,"column":null}},"67":{"start":{"line":268,"column":17},"end":{"line":268,"column":null}},"68":{"start":{"line":269,"column":2},"end":{"line":276,"column":null}},"69":{"start":{"line":283,"column":2},"end":{"line":285,"column":null}},"70":{"start":{"line":284,"column":3},"end":{"line":284,"column":null}},"71":{"start":{"line":292,"column":2},"end":{"line":301,"column":null}},"72":{"start":{"line":293,"column":3},"end":{"line":300,"column":null}},"73":{"start":{"line":294,"column":4},"end":{"line":294,"column":null}},"74":{"start":{"line":295,"column":20},"end":{"line":295,"column":null}},"75":{"start":{"line":296,"column":4},"end":{"line":296,"column":null}},"76":{"start":{"line":298,"column":4},"end":{"line":298,"column":null}},"77":{"start":{"line":299,"column":4},"end":{"line":299,"column":null}},"78":{"start":{"line":302,"column":2},"end":{"line":302,"column":null}},"79":{"start":{"line":309,"column":16},"end":{"line":309,"column":null}},"80":{"start":{"line":310,"column":2},"end":{"line":323,"column":null}},"81":{"start":{"line":311,"column":18},"end":{"line":311,"column":null}},"82":{"start":{"line":312,"column":20},"end":{"line":312,"column":null}},"83":{"start":{"line":314,"column":3},"end":{"line":316,"column":null}},"84":{"start":{"line":315,"column":4},"end":{"line":315,"column":null}},"85":{"start":{"line":318,"column":3},"end":{"line":318,"column":null}},"86":{"start":{"line":320,"column":20},"end":{"line":320,"column":null}},"87":{"start":{"line":321,"column":3},"end":{"line":321,"column":null}},"88":{"start":{"line":322,"column":3},"end":{"line":322,"column":null}}},"fnMap":{"0":{"name":"constructor","decl":{"start":{"line":48,"column":1},"end":{"line":48,"column":13}},"loc":{"start":{"line":48,"column":78},"end":{"line":55,"column":null}},"line":48},"1":{"name":"clearMetrics","decl":{"start":{"line":60,"column":1},"end":{"line":60,"column":22}},"loc":{"start":{"line":60,"column":22},"end":{"line":67,"column":null}},"line":60},"2":{"name":"getPerformanceData","decl":{"start":{"line":72,"column":1},"end":{"line":72,"column":39}},"loc":{"start":{"line":72,"column":39},"end":{"line":80,"column":null}},"line":72},"3":{"name":"setEnabled","decl":{"start":{"line":85,"column":1},"end":{"line":85,"column":12}},"loc":{"start":{"line":85,"column":36},"end":{"line":87,"column":null}},"line":85},"4":{"name":"setReportingEndpoint","decl":{"start":{"line":92,"column":1},"end":{"line":92,"column":22}},"loc":{"start":{"line":92,"column":46},"end":{"line":94,"column":null}},"line":92},"5":{"name":"trackApiCall","decl":{"start":{"line":99,"column":1},"end":{"line":99,"column":14}},"loc":{"start":{"line":99,"column":52},"end":{"line":115,"column":null}},"line":99},"6":{"name":"trackComponentRender","decl":{"start":{"line":120,"column":1},"end":{"line":120,"column":22}},"loc":{"start":{"line":120,"column":70},"end":{"line":136,"column":null}},"line":120},"7":{"name":"trackPageRender","decl":{"start":{"line":141,"column":1},"end":{"line":141,"column":17}},"loc":{"start":{"line":141,"column":60},"end":{"line":157,"column":null}},"line":141},"8":{"name":"initializeWebVitals","decl":{"start":{"line":162,"column":15},"end":{"line":162,"column":52}},"loc":{"start":{"line":162,"column":52},"end":{"line":193,"column":null}},"line":162},"9":{"name":"(anonymous_9)","decl":{"start":{"line":166,"column":3},"end":{"line":166,"column":10}},"loc":{"start":{"line":166,"column":29},"end":{"line":169,"column":4}},"line":166},"10":{"name":"(anonymous_10)","decl":{"start":{"line":171,"column":3},"end":{"line":171,"column":10}},"loc":{"start":{"line":171,"column":29},"end":{"line":174,"column":4}},"line":171},"11":{"name":"(anonymous_11)","decl":{"start":{"line":176,"column":3},"end":{"line":176,"column":10}},"loc":{"start":{"line":176,"column":29},"end":{"line":179,"column":4}},"line":176},"12":{"name":"(anonymous_12)","decl":{"start":{"line":181,"column":3},"end":{"line":181,"column":10}},"loc":{"start":{"line":181,"column":29},"end":{"line":184,"column":4}},"line":181},"13":{"name":"(anonymous_13)","decl":{"start":{"line":186,"column":3},"end":{"line":186,"column":11}},"loc":{"start":{"line":186,"column":30},"end":{"line":189,"column":4}},"line":186},"14":{"name":"reportMetric","decl":{"start":{"line":198,"column":1},"end":{"line":198,"column":9}},"loc":{"start":{"line":198,"column":58},"end":{"line":213,"column":null}},"line":198},"15":{"name":"sendToReportingService","decl":{"start":{"line":218,"column":1},"end":{"line":218,"column":9}},"loc":{"start":{"line":218,"column":69},"end":{"line":233,"column":null}},"line":218},"16":{"name":"(anonymous_16)","decl":{"start":{"line":231,"column":6},"end":{"line":231,"column":13}},"loc":{"start":{"line":231,"column":21},"end":{"line":231,"column":65}},"line":231},"17":{"name":"getPerformanceMonitor","decl":{"start":{"line":242,"column":16},"end":{"line":242,"column":60}},"loc":{"start":{"line":242,"column":60},"end":{"line":254,"column":null}},"line":242},"18":{"name":"getNavigationTiming","decl":{"start":{"line":263,"column":1},"end":{"line":263,"column":54}},"loc":{"start":{"line":263,"column":54},"end":{"line":277,"column":null}},"line":263},"19":{"name":"mark","decl":{"start":{"line":282,"column":1},"end":{"line":282,"column":6}},"loc":{"start":{"line":282,"column":26},"end":{"line":286,"column":null}},"line":282},"20":{"name":"measure","decl":{"start":{"line":291,"column":1},"end":{"line":291,"column":9}},"loc":{"start":{"line":291,"column":67},"end":{"line":303,"column":null}},"line":291},"21":{"name":"measureFunction","decl":{"start":{"line":308,"column":7},"end":{"line":308,"column":26}},"loc":{"start":{"line":308,"column":74},"end":{"line":324,"column":null}},"line":308}},"branchMap":{"0":{"loc":{"start":{"line":48,"column":13},"end":{"line":48,"column":78}},"type":"default-arg","locations":[{"start":{"line":48,"column":74},"end":{"line":48,"column":78}}],"line":48},"1":{"loc":{"start":{"line":49,"column":19},"end":{"line":49,"column":null}},"type":"binary-expr","locations":[{"start":{"line":49,"column":19},"end":{"line":49,"column":38}},{"start":{"line":49,"column":38},"end":{"line":49,"column":null}}],"line":49},"2":{"loc":{"start":{"line":52,"column":2},"end":{"line":54,"column":null}},"type":"if","locations":[{"start":{"line":52,"column":2},"end":{"line":54,"column":null}},{"start":{},"end":{}}],"line":52},"3":{"loc":{"start":{"line":52,"column":6},"end":{"line":52,"column":55}},"type":"binary-expr","locations":[{"start":{"line":52,"column":6},"end":{"line":52,"column":24}},{"start":{"line":52,"column":24},"end":{"line":52,"column":55}}],"line":52},"4":{"loc":{"start":{"line":76,"column":8},"end":{"line":76,"column":null}},"type":"cond-expr","locations":[{"start":{"line":76,"column":40},"end":{"line":76,"column":63}},{"start":{"line":76,"column":63},"end":{"line":76,"column":null}}],"line":76},"5":{"loc":{"start":{"line":77,"column":14},"end":{"line":77,"column":null}},"type":"cond-expr","locations":[{"start":{"line":77,"column":49},"end":{"line":77,"column":71}},{"start":{"line":77,"column":71},"end":{"line":77,"column":null}}],"line":77},"6":{"loc":{"start":{"line":103,"column":2},"end":{"line":114,"column":null}},"type":"if","locations":[{"start":{"line":103,"column":2},"end":{"line":114,"column":null}},{"start":{},"end":{}}],"line":103},"7":{"loc":{"start":{"line":106,"column":3},"end":{"line":113,"column":null}},"type":"if","locations":[{"start":{"line":106,"column":3},"end":{"line":113,"column":null}},{"start":{},"end":{}}],"line":106},"8":{"loc":{"start":{"line":124,"column":2},"end":{"line":135,"column":null}},"type":"if","locations":[{"start":{"line":124,"column":2},"end":{"line":135,"column":null}},{"start":{},"end":{}}],"line":124},"9":{"loc":{"start":{"line":127,"column":3},"end":{"line":134,"column":null}},"type":"if","locations":[{"start":{"line":127,"column":3},"end":{"line":134,"column":null}},{"start":{},"end":{}}],"line":127},"10":{"loc":{"start":{"line":145,"column":2},"end":{"line":156,"column":null}},"type":"if","locations":[{"start":{"line":145,"column":2},"end":{"line":156,"column":null}},{"start":{},"end":{}}],"line":145},"11":{"loc":{"start":{"line":148,"column":3},"end":{"line":155,"column":null}},"type":"if","locations":[{"start":{"line":148,"column":3},"end":{"line":155,"column":null}},{"start":{},"end":{}}],"line":148},"12":{"loc":{"start":{"line":199,"column":2},"end":{"line":199,"column":null}},"type":"if","locations":[{"start":{"line":199,"column":2},"end":{"line":199,"column":null}},{"start":{},"end":{}}],"line":199},"13":{"loc":{"start":{"line":204,"column":2},"end":{"line":212,"column":null}},"type":"if","locations":[{"start":{"line":204,"column":2},"end":{"line":212,"column":null}},{"start":{},"end":{}}],"line":204},"14":{"loc":{"start":{"line":219,"column":2},"end":{"line":219,"column":null}},"type":"if","locations":[{"start":{"line":219,"column":2},"end":{"line":219,"column":null}},{"start":{},"end":{}}],"line":219},"15":{"loc":{"start":{"line":222,"column":2},"end":{"line":232,"column":null}},"type":"if","locations":[{"start":{"line":222,"column":2},"end":{"line":232,"column":null}},{"start":{"line":225,"column":9},"end":{"line":232,"column":null}}],"line":222},"16":{"loc":{"start":{"line":243,"column":1},"end":{"line":251,"column":null}},"type":"if","locations":[{"start":{"line":243,"column":1},"end":{"line":251,"column":null}},{"start":{},"end":{}}],"line":243},"17":{"loc":{"start":{"line":264,"column":2},"end":{"line":266,"column":null}},"type":"if","locations":[{"start":{"line":264,"column":2},"end":{"line":266,"column":null}},{"start":{},"end":{}}],"line":264},"18":{"loc":{"start":{"line":264,"column":6},"end":{"line":264,"column":65}},"type":"binary-expr","locations":[{"start":{"line":264,"column":6},"end":{"line":264,"column":44}},{"start":{"line":264,"column":44},"end":{"line":264,"column":65}}],"line":264},"19":{"loc":{"start":{"line":283,"column":2},"end":{"line":285,"column":null}},"type":"if","locations":[{"start":{"line":283,"column":2},"end":{"line":285,"column":null}},{"start":{},"end":{}}],"line":283},"20":{"loc":{"start":{"line":292,"column":2},"end":{"line":301,"column":null}},"type":"if","locations":[{"start":{"line":292,"column":2},"end":{"line":301,"column":null}},{"start":{},"end":{}}],"line":292},"21":{"loc":{"start":{"line":296,"column":11},"end":{"line":296,"column":null}},"type":"binary-expr","locations":[{"start":{"line":296,"column":11},"end":{"line":296,"column":52}},{"start":{"line":296,"column":52},"end":{"line":296,"column":null}}],"line":296},"22":{"loc":{"start":{"line":314,"column":3},"end":{"line":316,"column":null}},"type":"if","locations":[{"start":{"line":314,"column":3},"end":{"line":316,"column":null}},{"start":{},"end":{}}],"line":314}},"s":{"0":29,"1":29,"2":29,"3":29,"4":29,"5":8,"6":1,"7":1,"8":7,"9":3,"10":1,"11":5,"12":5,"13":5,"14":3,"15":3,"16":1,"17":3,"18":3,"19":3,"20":2,"21":2,"22":1,"23":3,"24":3,"25":3,"26":2,"27":2,"28":1,"29":8,"30":8,"31":0,"32":0,"33":0,"34":0,"35":0,"36":0,"37":0,"38":0,"39":0,"40":0,"41":0,"42":0,"43":0,"44":0,"45":0,"46":0,"47":0,"48":0,"49":0,"50":0,"51":0,"52":3,"53":0,"54":3,"55":0,"56":0,"57":3,"58":3,"59":4,"60":1,"61":1,"62":1,"63":4,"64":1,"65":2,"66":1,"67":1,"68":1,"69":1,"70":0,"71":2,"72":1,"73":1,"74":1,"75":1,"76":1,"77":1,"78":1,"79":3,"80":3,"81":3,"82":2,"83":2,"84":2,"85":2,"86":1,"87":1,"88":1},"f":{"0":29,"1":1,"2":7,"3":3,"4":1,"5":5,"6":3,"7":3,"8":8,"9":0,"10":0,"11":0,"12":0,"13":0,"14":0,"15":3,"16":3,"17":4,"18":2,"19":1,"20":2,"21":3},"b":{"0":[29],"1":[29,2],"2":[8,21],"3":[29,8],"4":[7,0],"5":[7,0],"6":[3,2],"7":[1,2],"8":[2,1],"9":[1,1],"10":[2,1],"11":[1,1],"12":[0,0],"13":[0,0],"14":[0,3],"15":[0,3],"16":[1,3],"17":[1,1],"18":[2,1],"19":[0,1],"20":[1,1],"21":[1,0],"22":[2,0]},"meta":{"lastBranch":23,"lastFunction":22,"lastStatement":89,"seen":{"s:39:40:43:Infinity":0,"s:45:34:45:Infinity":1,"f:48:1:48:13":0,"b:48:74:48:78":0,"s:49:2:49:Infinity":2,"b:49:19:49:38:49:38:49:Infinity":1,"s:50:2:50:Infinity":3,"b:52:2:54:Infinity:undefined:undefined:undefined:undefined":2,"s:52:2:54:Infinity":4,"b:52:6:52:24:52:24:52:55":3,"s:53:3:53:Infinity":5,"f:60:1:60:22":1,"s:61:2:61:Infinity":6,"s:62:2:66:Infinity":7,"f:72:1:72:39":2,"s:73:2:79:Infinity":8,"b:76:40:76:63:76:63:76:Infinity":4,"b:77:49:77:71:77:71:77:Infinity":5,"f:85:1:85:12":3,"s:86:2:86:Infinity":9,"f:92:1:92:22":4,"s:93:2:93:Infinity":10,"f:99:1:99:14":5,"s:100:19:100:Infinity":11,"s:101:2:101:Infinity":12,"b:103:2:114:Infinity:undefined:undefined:undefined:undefined":6,"s:103:2:114:Infinity":13,"s:104:3:104:Infinity":14,"b:106:3:113:Infinity:undefined:undefined:undefined:undefined":7,"s:106:3:113:Infinity":15,"s:107:4:112:Infinity":16,"f:120:1:120:22":6,"s:121:19:121:Infinity":17,"s:122:2:122:Infinity":18,"b:124:2:135:Infinity:undefined:undefined:undefined:undefined":8,"s:124:2:135:Infinity":19,"s:125:3:125:Infinity":20,"b:127:3:134:Infinity:undefined:undefined:undefined:undefined":9,"s:127:3:134:Infinity":21,"s:128:4:133:Infinity":22,"f:141:1:141:17":7,"s:142:19:142:Infinity":23,"s:143:2:143:Infinity":24,"b:145:2:156:Infinity:undefined:undefined:undefined:undefined":10,"s:145:2:156:Infinity":25,"s:146:3:146:Infinity":26,"b:148:3:155:Infinity:undefined:undefined:undefined:undefined":11,"s:148:3:155:Infinity":27,"s:149:4:154:Infinity":28,"f:162:15:162:52":8,"s:163:2:192:Infinity":29,"s:164:50:164:Infinity":30,"s:166:3:169:Infinity":31,"f:166:3:166:10":9,"s:167:4:167:Infinity":32,"s:168:4:168:Infinity":33,"s:171:3:174:Infinity":34,"f:171:3:171:10":10,"s:172:4:172:Infinity":35,"s:173:4:173:Infinity":36,"s:176:3:179:Infinity":37,"f:176:3:176:10":11,"s:177:4:177:Infinity":38,"s:178:4:178:Infinity":39,"s:181:3:184:Infinity":40,"f:181:3:181:10":12,"s:182:4:182:Infinity":41,"s:183:4:183:Infinity":42,"s:186:3:189:Infinity":43,"f:186:3:186:11":13,"s:187:4:187:Infinity":44,"s:188:4:188:Infinity":45,"s:191:3:191:Infinity":46,"f:198:1:198:9":14,"b:199:2:199:Infinity:undefined:undefined:undefined:undefined":12,"s:199:2:199:Infinity":47,"s:199:23:199:Infinity":48,"s:201:2:201:Infinity":49,"b:204:2:212:Infinity:undefined:undefined:undefined:undefined":13,"s:204:2:212:Infinity":50,"s:205:3:211:Infinity":51,"f:218:1:218:9":15,"b:219:2:219:Infinity:undefined:undefined:undefined:undefined":14,"s:219:2:219:Infinity":52,"s:219:31:219:Infinity":53,"b:222:2:232:Infinity:225:9:232:Infinity":15,"s:222:2:232:Infinity":54,"s:223:16:223:Infinity":55,"s:224:3:224:Infinity":56,"s:227:3:231:Infinity":57,"f:231:6:231:13":16,"s:231:21:231:65":58,"f:242:16:242:60":17,"b:243:1:251:Infinity:undefined:undefined:undefined:undefined":16,"s:243:1:251:Infinity":59,"s:244:18:244:Infinity":60,"s:245:19:245:Infinity":61,"s:247:2:250:Infinity":62,"s:253:1:253:Infinity":63,"s:259:32:325:Infinity":64,"f:263:1:263:54":18,"b:264:2:266:Infinity:undefined:undefined:undefined:undefined":17,"s:264:2:266:Infinity":65,"b:264:6:264:44:264:44:264:65":18,"s:265:3:265:Infinity":66,"s:268:17:268:Infinity":67,"s:269:2:276:Infinity":68,"f:282:1:282:6":19,"b:283:2:285:Infinity:undefined:undefined:undefined:undefined":19,"s:283:2:285:Infinity":69,"s:284:3:284:Infinity":70,"f:291:1:291:9":20,"b:292:2:301:Infinity:undefined:undefined:undefined:undefined":20,"s:292:2:301:Infinity":71,"s:293:3:300:Infinity":72,"s:294:4:294:Infinity":73,"s:295:20:295:Infinity":74,"s:296:4:296:Infinity":75,"b:296:11:296:52:296:52:296:Infinity":21,"s:298:4:298:Infinity":76,"s:299:4:299:Infinity":77,"s:302:2:302:Infinity":78,"f:308:7:308:26":21,"s:309:16:309:Infinity":79,"s:310:2:323:Infinity":80,"s:311:18:311:Infinity":81,"s:312:20:312:Infinity":82,"b:314:3:316:Infinity:undefined:undefined:undefined:undefined":22,"s:314:3:316:Infinity":83,"s:315:4:315:Infinity":84,"s:318:3:318:Infinity":85,"s:320:20:320:Infinity":86,"s:321:3:321:Infinity":87,"s:322:3:322:Infinity":88},"fnNames":{}}}
,"/home/davidtan/_Workspaces/WebDevelopment/taskmanager/sveltekit-taskmanager-frontend/src/lib/shared/utils/api.utils.ts": {"path":"/home/davidtan/_Workspaces/WebDevelopment/taskmanager/sveltekit-taskmanager-frontend/src/lib/shared/utils/api.utils.ts","statementMap":{"0":{"start":{"line":13,"column":21},"end":{"line":13,"column":null}},"1":{"start":{"line":51,"column":53},"end":{"line":51,"column":null}},"2":{"start":{"line":52,"column":55},"end":{"line":52,"column":null}},"3":{"start":{"line":55,"column":2},"end":{"line":55,"column":null}},"4":{"start":{"line":56,"column":2},"end":{"line":61,"column":null}},"5":{"start":{"line":68,"column":2},"end":{"line":68,"column":null}},"6":{"start":{"line":75,"column":2},"end":{"line":75,"column":null}},"7":{"start":{"line":82,"column":2},"end":{"line":82,"column":null}},"8":{"start":{"line":89,"column":2},"end":{"line":89,"column":null}},"9":{"start":{"line":96,"column":2},"end":{"line":100,"column":null}},"10":{"start":{"line":107,"column":2},"end":{"line":111,"column":null}},"11":{"start":{"line":118,"column":2},"end":{"line":122,"column":null}},"12":{"start":{"line":129,"column":25},"end":{"line":129,"column":null}},"13":{"start":{"line":130,"column":2},"end":{"line":132,"column":null}},"14":{"start":{"line":131,"column":3},"end":{"line":131,"column":null}},"15":{"start":{"line":133,"column":2},"end":{"line":133,"column":null}},"16":{"start":{"line":140,"column":26},"end":{"line":140,"column":null}},"17":{"start":{"line":141,"column":2},"end":{"line":143,"column":null}},"18":{"start":{"line":142,"column":3},"end":{"line":142,"column":null}},"19":{"start":{"line":144,"column":2},"end":{"line":144,"column":null}},"20":{"start":{"line":151,"column":21},"end":{"line":151,"column":null}},"21":{"start":{"line":152,"column":2},"end":{"line":152,"column":null}},"22":{"start":{"line":152,"column":19},"end":{"line":152,"column":39}},"23":{"start":{"line":153,"column":2},"end":{"line":153,"column":null}},"24":{"start":{"line":160,"column":2},"end":{"line":164,"column":null}},"25":{"start":{"line":161,"column":3},"end":{"line":161,"column":null}},"26":{"start":{"line":163,"column":3},"end":{"line":163,"column":null}},"27":{"start":{"line":171,"column":14},"end":{"line":171,"column":null}},"28":{"start":{"line":172,"column":21},"end":{"line":172,"column":null}},"29":{"start":{"line":173,"column":32},"end":{"line":173,"column":null}},"30":{"start":{"line":175,"column":2},"end":{"line":219,"column":null}},"31":{"start":{"line":175,"column":21},"end":{"line":175,"column":24}},"32":{"start":{"line":176,"column":3},"end":{"line":218,"column":null}},"33":{"start":{"line":177,"column":30},"end":{"line":177,"column":null}},"34":{"start":{"line":179,"column":29},"end":{"line":187,"column":null}},"35":{"start":{"line":189,"column":19},"end":{"line":189,"column":null}},"36":{"start":{"line":190,"column":4},"end":{"line":190,"column":null}},"37":{"start":{"line":192,"column":4},"end":{"line":195,"column":null}},"38":{"start":{"line":193,"column":23},"end":{"line":193,"column":null}},"39":{"start":{"line":194,"column":5},"end":{"line":194,"column":null}},"40":{"start":{"line":197,"column":4},"end":{"line":197,"column":null}},"41":{"start":{"line":199,"column":4},"end":{"line":199,"column":null}},"42":{"start":{"line":202,"column":4},"end":{"line":211,"column":null}},"43":{"start":{"line":210,"column":5},"end":{"line":210,"column":null}},"44":{"start":{"line":214,"column":4},"end":{"line":217,"column":null}},"45":{"start":{"line":215,"column":11},"end":{"line":215,"column":null}},"46":{"start":{"line":216,"column":5},"end":{"line":216,"column":null}},"47":{"start":{"line":221,"column":2},"end":{"line":221,"column":null}},"48":{"start":{"line":228,"column":2},"end":{"line":228,"column":null}},"49":{"start":{"line":228,"column":34},"end":{"line":228,"column":57}},"50":{"start":{"line":236,"column":44},"end":{"line":236,"column":null}},"51":{"start":{"line":238,"column":26},"end":{"line":249,"column":null}},"52":{"start":{"line":240,"column":2},"end":{"line":246,"column":null}},"53":{"start":{"line":241,"column":3},"end":{"line":241,"column":null}},"54":{"start":{"line":243,"column":3},"end":{"line":243,"column":null}},"55":{"start":{"line":244,"column":3},"end":{"line":244,"column":null}},"56":{"start":{"line":245,"column":3},"end":{"line":245,"column":null}},"57":{"start":{"line":247,"column":2},"end":{"line":247,"column":null}},"58":{"start":{"line":256,"column":16},"end":{"line":256,"column":null}},"59":{"start":{"line":257,"column":1},"end":{"line":257,"column":null}}},"fnMap":{"0":{"name":"constructor","decl":{"start":{"line":54,"column":1},"end":{"line":54,"column":13}},"loc":{"start":{"line":54,"column":63},"end":{"line":62,"column":null}},"line":54},"1":{"name":"addRequestInterceptor","decl":{"start":{"line":67,"column":1},"end":{"line":67,"column":23}},"loc":{"start":{"line":67,"column":62},"end":{"line":69,"column":null}},"line":67},"2":{"name":"addResponseInterceptor","decl":{"start":{"line":74,"column":1},"end":{"line":74,"column":24}},"loc":{"start":{"line":74,"column":64},"end":{"line":76,"column":null}},"line":74},"3":{"name":"delete","decl":{"start":{"line":81,"column":7},"end":{"line":81,"column":17}},"loc":{"start":{"line":81,"column":73},"end":{"line":83,"column":null}},"line":81},"4":{"name":"get","decl":{"start":{"line":88,"column":7},"end":{"line":88,"column":14}},"loc":{"start":{"line":88,"column":70},"end":{"line":90,"column":null}},"line":88},"5":{"name":"patch","decl":{"start":{"line":95,"column":7},"end":{"line":95,"column":16}},"loc":{"start":{"line":95,"column":88},"end":{"line":101,"column":null}},"line":95},"6":{"name":"post","decl":{"start":{"line":106,"column":7},"end":{"line":106,"column":15}},"loc":{"start":{"line":106,"column":87},"end":{"line":112,"column":null}},"line":106},"7":{"name":"put","decl":{"start":{"line":117,"column":7},"end":{"line":117,"column":14}},"loc":{"start":{"line":117,"column":86},"end":{"line":123,"column":null}},"line":117},"8":{"name":"applyRequestInterceptors","decl":{"start":{"line":128,"column":15},"end":{"line":128,"column":40}},"loc":{"start":{"line":128,"column":84},"end":{"line":134,"column":null}},"line":128},"9":{"name":"applyResponseInterceptors","decl":{"start":{"line":139,"column":15},"end":{"line":139,"column":41}},"loc":{"start":{"line":139,"column":80},"end":{"line":145,"column":null}},"line":139},"10":{"name":"createTimeoutController","decl":{"start":{"line":150,"column":1},"end":{"line":150,"column":9}},"loc":{"start":{"line":150,"column":67},"end":{"line":154,"column":null}},"line":150},"11":{"name":"(anonymous_11)","decl":{"start":{"line":152,"column":2},"end":{"line":152,"column":19}},"loc":{"start":{"line":152,"column":19},"end":{"line":152,"column":39}},"line":152},"12":{"name":"parseErrorData","decl":{"start":{"line":159,"column":15},"end":{"line":159,"column":30}},"loc":{"start":{"line":159,"column":68},"end":{"line":165,"column":null}},"line":159},"13":{"name":"request","decl":{"start":{"line":170,"column":15},"end":{"line":170,"column":26}},"loc":{"start":{"line":170,"column":86},"end":{"line":222,"column":null}},"line":170},"14":{"name":"sleep","decl":{"start":{"line":227,"column":15},"end":{"line":227,"column":21}},"loc":{"start":{"line":227,"column":48},"end":{"line":229,"column":null}},"line":227},"15":{"name":"(anonymous_15)","decl":{"start":{"line":228,"column":13},"end":{"line":228,"column":22}},"loc":{"start":{"line":228,"column":34},"end":{"line":228,"column":57}},"line":228},"16":{"name":"get_2","decl":{"start":{"line":239,"column":1},"end":{"line":239,"column":5}},"loc":{"start":{"line":239,"column":20},"end":{"line":248,"column":null}},"line":239},"17":{"name":"fetchJson","decl":{"start":{"line":255,"column":22},"end":{"line":255,"column":35}},"loc":{"start":{"line":255,"column":86},"end":{"line":258,"column":null}},"line":255}},"branchMap":{"0":{"loc":{"start":{"line":13,"column":21},"end":{"line":13,"column":null}},"type":"binary-expr","locations":[{"start":{"line":13,"column":21},"end":{"line":13,"column":54}},{"start":{"line":13,"column":54},"end":{"line":13,"column":null}}],"line":13},"1":{"loc":{"start":{"line":54,"column":30},"end":{"line":54,"column":63}},"type":"default-arg","locations":[{"start":{"line":54,"column":59},"end":{"line":54,"column":63}}],"line":54},"2":{"loc":{"start":{"line":170,"column":44},"end":{"line":170,"column":86}},"type":"default-arg","locations":[{"start":{"line":170,"column":70},"end":{"line":170,"column":86}}],"line":170},"3":{"loc":{"start":{"line":172,"column":21},"end":{"line":172,"column":null}},"type":"binary-expr","locations":[{"start":{"line":172,"column":21},"end":{"line":172,"column":52}},{"start":{"line":172,"column":52},"end":{"line":172,"column":null}}],"line":172},"4":{"loc":{"start":{"line":177,"column":59},"end":{"line":177,"column":95}},"type":"binary-expr","locations":[{"start":{"line":177,"column":59},"end":{"line":177,"column":90}},{"start":{"line":177,"column":90},"end":{"line":177,"column":95}}],"line":177},"5":{"loc":{"start":{"line":192,"column":4},"end":{"line":195,"column":null}},"type":"if","locations":[{"start":{"line":192,"column":4},"end":{"line":195,"column":null}},{"start":{},"end":{}}],"line":192},"6":{"loc":{"start":{"line":202,"column":4},"end":{"line":211,"column":null}},"type":"if","locations":[{"start":{"line":202,"column":4},"end":{"line":211,"column":null}},{"start":{},"end":{}}],"line":202},"7":{"loc":{"start":{"line":203,"column":5},"end":{"line":208,"column":null}},"type":"binary-expr","locations":[{"start":{"line":203,"column":5},"end":{"line":203,"column":null}},{"start":{"line":204,"column":6},"end":{"line":204,"column":null}},{"start":{"line":205,"column":7},"end":{"line":205,"column":null}},{"start":{"line":206,"column":7},"end":{"line":206,"column":null}},{"start":{"line":207,"column":7},"end":{"line":207,"column":null}},{"start":{"line":208,"column":7},"end":{"line":208,"column":null}}],"line":203},"8":{"loc":{"start":{"line":214,"column":4},"end":{"line":217,"column":null}},"type":"if","locations":[{"start":{"line":214,"column":4},"end":{"line":217,"column":null}},{"start":{},"end":{}}],"line":214},"9":{"loc":{"start":{"line":215,"column":20},"end":{"line":215,"column":62}},"type":"binary-expr","locations":[{"start":{"line":215,"column":20},"end":{"line":215,"column":54}},{"start":{"line":215,"column":54},"end":{"line":215,"column":62}}],"line":215},"10":{"loc":{"start":{"line":221,"column":8},"end":{"line":221,"column":null}},"type":"binary-expr","locations":[{"start":{"line":221,"column":8},"end":{"line":221,"column":21}},{"start":{"line":221,"column":21},"end":{"line":221,"column":null}}],"line":221},"11":{"loc":{"start":{"line":240,"column":2},"end":{"line":246,"column":null}},"type":"if","locations":[{"start":{"line":240,"column":2},"end":{"line":246,"column":null}},{"start":{},"end":{}}],"line":240}},"s":{"0":1,"1":16,"2":16,"3":16,"4":16,"5":1,"6":1,"7":1,"8":9,"9":1,"10":1,"11":1,"12":15,"13":15,"14":1,"15":15,"16":15,"17":15,"18":1,"19":15,"20":15,"21":15,"22":0,"23":15,"24":5,"25":5,"26":2,"27":13,"28":13,"29":13,"30":13,"31":13,"32":15,"33":15,"34":15,"35":15,"36":15,"37":15,"38":5,"39":5,"40":10,"41":5,"42":5,"43":3,"44":2,"45":2,"46":2,"47":3,"48":0,"49":0,"50":1,"51":1,"52":0,"53":0,"54":0,"55":0,"56":0,"57":0,"58":0,"59":0},"f":{"0":16,"1":1,"2":1,"3":1,"4":9,"5":1,"6":1,"7":1,"8":15,"9":15,"10":15,"11":0,"12":5,"13":13,"14":0,"15":0,"16":0,"17":0},"b":{"0":[1,0],"1":[16],"2":[13],"3":[13,0],"4":[15,0],"5":[5,10],"6":[3,2],"7":[5,5,5,5,5,4],"8":[2,0],"9":[2,2],"10":[3,0],"11":[0,0]},"meta":{"lastBranch":12,"lastFunction":18,"lastStatement":60,"seen":{"s:13:21:13:Infinity":0,"b:13:21:13:54:13:54:13:Infinity":0,"s:51:53:51:Infinity":1,"s:52:55:52:Infinity":2,"f:54:1:54:13":0,"b:54:59:54:63":1,"s:55:2:55:Infinity":3,"s:56:2:61:Infinity":4,"f:67:1:67:23":1,"s:68:2:68:Infinity":5,"f:74:1:74:24":2,"s:75:2:75:Infinity":6,"f:81:7:81:17":3,"s:82:2:82:Infinity":7,"f:88:7:88:14":4,"s:89:2:89:Infinity":8,"f:95:7:95:16":5,"s:96:2:100:Infinity":9,"f:106:7:106:15":6,"s:107:2:111:Infinity":10,"f:117:7:117:14":7,"s:118:2:122:Infinity":11,"f:128:15:128:40":8,"s:129:25:129:Infinity":12,"s:130:2:132:Infinity":13,"s:131:3:131:Infinity":14,"s:133:2:133:Infinity":15,"f:139:15:139:41":9,"s:140:26:140:Infinity":16,"s:141:2:143:Infinity":17,"s:142:3:142:Infinity":18,"s:144:2:144:Infinity":19,"f:150:1:150:9":10,"s:151:21:151:Infinity":20,"s:152:2:152:Infinity":21,"f:152:2:152:19":11,"s:152:19:152:39":22,"s:153:2:153:Infinity":23,"f:159:15:159:30":12,"s:160:2:164:Infinity":24,"s:161:3:161:Infinity":25,"s:163:3:163:Infinity":26,"f:170:15:170:26":13,"b:170:70:170:86":2,"s:171:14:171:Infinity":27,"s:172:21:172:Infinity":28,"b:172:21:172:52:172:52:172:Infinity":3,"s:173:32:173:Infinity":29,"s:175:2:219:Infinity":30,"s:175:21:175:24":31,"s:176:3:218:Infinity":32,"s:177:30:177:Infinity":33,"b:177:59:177:90:177:90:177:95":4,"s:179:29:187:Infinity":34,"s:189:19:189:Infinity":35,"s:190:4:190:Infinity":36,"b:192:4:195:Infinity:undefined:undefined:undefined:undefined":5,"s:192:4:195:Infinity":37,"s:193:23:193:Infinity":38,"s:194:5:194:Infinity":39,"s:197:4:197:Infinity":40,"s:199:4:199:Infinity":41,"b:202:4:211:Infinity:undefined:undefined:undefined:undefined":6,"s:202:4:211:Infinity":42,"b:203:5:203:Infinity:204:6:204:Infinity:205:7:205:Infinity:206:7:206:Infinity:207:7:207:Infinity:208:7:208:Infinity":7,"s:210:5:210:Infinity":43,"b:214:4:217:Infinity:undefined:undefined:undefined:undefined":8,"s:214:4:217:Infinity":44,"s:215:11:215:Infinity":45,"b:215:20:215:54:215:54:215:62":9,"s:216:5:216:Infinity":46,"s:221:2:221:Infinity":47,"b:221:8:221:21:221:21:221:Infinity":10,"f:227:15:227:21":14,"s:228:2:228:Infinity":48,"f:228:13:228:22":15,"s:228:34:228:57":49,"s:236:44:236:Infinity":50,"s:238:26:249:Infinity":51,"f:239:1:239:5":16,"b:240:2:246:Infinity:undefined:undefined:undefined:undefined":11,"s:240:2:246:Infinity":52,"s:241:3:241:Infinity":53,"s:243:3:243:Infinity":54,"s:244:3:244:Infinity":55,"s:245:3:245:Infinity":56,"s:247:2:247:Infinity":57,"f:255:22:255:35":17,"s:256:16:256:Infinity":58,"s:257:1:257:Infinity":59},"fnNames":{}}}
,"/home/davidtan/_Workspaces/WebDevelopment/taskmanager/sveltekit-taskmanager-frontend/src/lib/shared/utils/auth.interceptors.ts": {"path":"/home/davidtan/_Workspaces/WebDevelopment/taskmanager/sveltekit-taskmanager-frontend/src/lib/shared/utils/auth.interceptors.ts","statementMap":{"0":{"start":{"line":5,"column":18},"end":{"line":5,"column":null}},"1":{"start":{"line":6,"column":26},"end":{"line":6,"column":null}},"2":{"start":{"line":7,"column":25},"end":{"line":7,"column":null}},"3":{"start":{"line":13,"column":15},"end":{"line":13,"column":null}},"4":{"start":{"line":14,"column":1},"end":{"line":22,"column":null}},"5":{"start":{"line":15,"column":2},"end":{"line":21,"column":null}},"6":{"start":{"line":23,"column":1},"end":{"line":23,"column":null}},"7":{"start":{"line":31,"column":1},"end":{"line":37,"column":null}},"8":{"start":{"line":32,"column":2},"end":{"line":32,"column":null}},"9":{"start":{"line":34,"column":2},"end":{"line":36,"column":null}},"10":{"start":{"line":35,"column":3},"end":{"line":35,"column":null}},"11":{"start":{"line":40,"column":1},"end":{"line":45,"column":null}},"12":{"start":{"line":42,"column":2},"end":{"line":44,"column":null}},"13":{"start":{"line":43,"column":3},"end":{"line":43,"column":null}},"14":{"start":{"line":47,"column":1},"end":{"line":47,"column":null}},"15":{"start":{"line":54,"column":1},"end":{"line":60,"column":null}},"16":{"start":{"line":55,"column":2},"end":{"line":59,"column":null}},"17":{"start":{"line":61,"column":1},"end":{"line":61,"column":null}},"18":{"start":{"line":68,"column":1},"end":{"line":68,"column":null}},"19":{"start":{"line":68,"column":36},"end":{"line":68,"column":null}},"20":{"start":{"line":69,"column":15},"end":{"line":69,"column":null}},"21":{"start":{"line":72,"column":16},"end":{"line":72,"column":null}},"22":{"start":{"line":73,"column":1},"end":{"line":79,"column":null}},"23":{"start":{"line":74,"column":21},"end":{"line":74,"column":null}},"24":{"start":{"line":75,"column":2},"end":{"line":78,"column":null}},"25":{"start":{"line":76,"column":3},"end":{"line":76,"column":null}},"26":{"start":{"line":77,"column":3},"end":{"line":77,"column":null}},"27":{"start":{"line":81,"column":1},"end":{"line":81,"column":null}},"28":{"start":{"line":88,"column":1},"end":{"line":88,"column":null}},"29":{"start":{"line":88,"column":36},"end":{"line":88,"column":null}},"30":{"start":{"line":89,"column":1},"end":{"line":89,"column":null}},"31":{"start":{"line":96,"column":16},"end":{"line":96,"column":null}},"32":{"start":{"line":97,"column":1},"end":{"line":97,"column":null}},"33":{"start":{"line":97,"column":14},"end":{"line":97,"column":null}},"34":{"start":{"line":99,"column":20},"end":{"line":99,"column":null}},"35":{"start":{"line":100,"column":1},"end":{"line":100,"column":null}},"36":{"start":{"line":107,"column":1},"end":{"line":107,"column":null}},"37":{"start":{"line":107,"column":36},"end":{"line":107,"column":null}},"38":{"start":{"line":108,"column":1},"end":{"line":108,"column":null}},"39":{"start":{"line":109,"column":1},"end":{"line":109,"column":null}},"40":{"start":{"line":110,"column":1},"end":{"line":110,"column":null}},"41":{"start":{"line":113,"column":1},"end":{"line":113,"column":null}},"42":{"start":{"line":120,"column":1},"end":{"line":120,"column":null}},"43":{"start":{"line":120,"column":36},"end":{"line":120,"column":null}},"44":{"start":{"line":121,"column":1},"end":{"line":121,"column":null}},"45":{"start":{"line":124,"column":20},"end":{"line":124,"column":null}},"46":{"start":{"line":125,"column":1},"end":{"line":125,"column":null}},"47":{"start":{"line":128,"column":1},"end":{"line":128,"column":null}},"48":{"start":{"line":135,"column":1},"end":{"line":135,"column":null}},"49":{"start":{"line":135,"column":36},"end":{"line":135,"column":null}},"50":{"start":{"line":136,"column":1},"end":{"line":136,"column":null}}},"fnMap":{"0":{"name":"authRequestInterceptor","decl":{"start":{"line":12,"column":16},"end":{"line":12,"column":39}},"loc":{"start":{"line":12,"column":74},"end":{"line":24,"column":null}},"line":12},"1":{"name":"authResponseInterceptor","decl":{"start":{"line":29,"column":22},"end":{"line":29,"column":46}},"loc":{"start":{"line":29,"column":85},"end":{"line":48,"column":null}},"line":29},"2":{"name":"errorLoggingInterceptor","decl":{"start":{"line":53,"column":16},"end":{"line":53,"column":40}},"loc":{"start":{"line":53,"column":70},"end":{"line":62,"column":null}},"line":53},"3":{"name":"getAuthToken","decl":{"start":{"line":67,"column":16},"end":{"line":67,"column":46}},"loc":{"start":{"line":67,"column":46},"end":{"line":82,"column":null}},"line":67},"4":{"name":"getRefreshToken","decl":{"start":{"line":87,"column":16},"end":{"line":87,"column":49}},"loc":{"start":{"line":87,"column":49},"end":{"line":90,"column":null}},"line":87},"5":{"name":"isTokenExpired","decl":{"start":{"line":95,"column":16},"end":{"line":95,"column":42}},"loc":{"start":{"line":95,"column":42},"end":{"line":101,"column":null}},"line":95},"6":{"name":"removeAuthToken","decl":{"start":{"line":106,"column":16},"end":{"line":106,"column":40}},"loc":{"start":{"line":106,"column":40},"end":{"line":114,"column":null}},"line":106},"7":{"name":"setAuthToken","decl":{"start":{"line":119,"column":16},"end":{"line":119,"column":29}},"loc":{"start":{"line":119,"column":76},"end":{"line":129,"column":null}},"line":119},"8":{"name":"setRefreshToken","decl":{"start":{"line":134,"column":16},"end":{"line":134,"column":32}},"loc":{"start":{"line":134,"column":53},"end":{"line":137,"column":null}},"line":134}},"branchMap":{"0":{"loc":{"start":{"line":14,"column":1},"end":{"line":22,"column":null}},"type":"if","locations":[{"start":{"line":14,"column":1},"end":{"line":22,"column":null}},{"start":{},"end":{}}],"line":14},"1":{"loc":{"start":{"line":31,"column":1},"end":{"line":37,"column":null}},"type":"if","locations":[{"start":{"line":31,"column":1},"end":{"line":37,"column":null}},{"start":{},"end":{}}],"line":31},"2":{"loc":{"start":{"line":34,"column":2},"end":{"line":36,"column":null}},"type":"if","locations":[{"start":{"line":34,"column":2},"end":{"line":36,"column":null}},{"start":{},"end":{}}],"line":34},"3":{"loc":{"start":{"line":40,"column":1},"end":{"line":45,"column":null}},"type":"if","locations":[{"start":{"line":40,"column":1},"end":{"line":45,"column":null}},{"start":{},"end":{}}],"line":40},"4":{"loc":{"start":{"line":42,"column":2},"end":{"line":44,"column":null}},"type":"if","locations":[{"start":{"line":42,"column":2},"end":{"line":44,"column":null}},{"start":{},"end":{}}],"line":42},"5":{"loc":{"start":{"line":54,"column":1},"end":{"line":60,"column":null}},"type":"if","locations":[{"start":{"line":54,"column":1},"end":{"line":60,"column":null}},{"start":{},"end":{}}],"line":54},"6":{"loc":{"start":{"line":68,"column":1},"end":{"line":68,"column":null}},"type":"if","locations":[{"start":{"line":68,"column":1},"end":{"line":68,"column":null}},{"start":{},"end":{}}],"line":68},"7":{"loc":{"start":{"line":73,"column":1},"end":{"line":79,"column":null}},"type":"if","locations":[{"start":{"line":73,"column":1},"end":{"line":79,"column":null}},{"start":{},"end":{}}],"line":73},"8":{"loc":{"start":{"line":73,"column":5},"end":{"line":73,"column":22}},"type":"binary-expr","locations":[{"start":{"line":73,"column":5},"end":{"line":73,"column":15}},{"start":{"line":73,"column":15},"end":{"line":73,"column":22}}],"line":73},"9":{"loc":{"start":{"line":75,"column":2},"end":{"line":78,"column":null}},"type":"if","locations":[{"start":{"line":75,"column":2},"end":{"line":78,"column":null}},{"start":{},"end":{}}],"line":75},"10":{"loc":{"start":{"line":88,"column":1},"end":{"line":88,"column":null}},"type":"if","locations":[{"start":{"line":88,"column":1},"end":{"line":88,"column":null}},{"start":{},"end":{}}],"line":88},"11":{"loc":{"start":{"line":97,"column":1},"end":{"line":97,"column":null}},"type":"if","locations":[{"start":{"line":97,"column":1},"end":{"line":97,"column":null}},{"start":{},"end":{}}],"line":97},"12":{"loc":{"start":{"line":107,"column":1},"end":{"line":107,"column":null}},"type":"if","locations":[{"start":{"line":107,"column":1},"end":{"line":107,"column":null}},{"start":{},"end":{}}],"line":107},"13":{"loc":{"start":{"line":119,"column":44},"end":{"line":119,"column":76}},"type":"default-arg","locations":[{"start":{"line":119,"column":64},"end":{"line":119,"column":76}}],"line":119},"14":{"loc":{"start":{"line":120,"column":1},"end":{"line":120,"column":null}},"type":"if","locations":[{"start":{"line":120,"column":1},"end":{"line":120,"column":null}},{"start":{},"end":{}}],"line":120},"15":{"loc":{"start":{"line":135,"column":1},"end":{"line":135,"column":null}},"type":"if","locations":[{"start":{"line":135,"column":1},"end":{"line":135,"column":null}},{"start":{},"end":{}}],"line":135}},"s":{"0":2,"1":2,"2":2,"3":6,"4":6,"5":4,"6":2,"7":3,"8":1,"9":1,"10":1,"11":3,"12":1,"13":1,"14":3,"15":2,"16":1,"17":2,"18":14,"19":2,"20":12,"21":12,"22":12,"23":8,"24":8,"25":2,"26":2,"27":10,"28":6,"29":2,"30":4,"31":6,"32":6,"33":2,"34":4,"35":4,"36":9,"37":2,"38":7,"39":7,"40":7,"41":7,"42":6,"43":2,"44":4,"45":4,"46":4,"47":4,"48":4,"49":2,"50":2},"f":{"0":6,"1":3,"2":2,"3":14,"4":6,"5":6,"6":9,"7":6,"8":4},"b":{"0":[4,2],"1":[1,2],"2":[1,0],"3":[1,2],"4":[1,0],"5":[1,1],"6":[2,12],"7":[8,4],"8":[12,8],"9":[2,6],"10":[2,4],"11":[2,4],"12":[2,7],"13":[6],"14":[2,4],"15":[2,2]},"meta":{"lastBranch":16,"lastFunction":9,"lastStatement":51,"seen":{"s:5:18:5:Infinity":0,"s:6:26:6:Infinity":1,"s:7:25:7:Infinity":2,"f:12:16:12:39":0,"s:13:15:13:Infinity":3,"b:14:1:22:Infinity:undefined:undefined:undefined:undefined":0,"s:14:1:22:Infinity":4,"s:15:2:21:Infinity":5,"s:23:1:23:Infinity":6,"f:29:22:29:46":1,"b:31:1:37:Infinity:undefined:undefined:undefined:undefined":1,"s:31:1:37:Infinity":7,"s:32:2:32:Infinity":8,"b:34:2:36:Infinity:undefined:undefined:undefined:undefined":2,"s:34:2:36:Infinity":9,"s:35:3:35:Infinity":10,"b:40:1:45:Infinity:undefined:undefined:undefined:undefined":3,"s:40:1:45:Infinity":11,"b:42:2:44:Infinity:undefined:undefined:undefined:undefined":4,"s:42:2:44:Infinity":12,"s:43:3:43:Infinity":13,"s:47:1:47:Infinity":14,"f:53:16:53:40":2,"b:54:1:60:Infinity:undefined:undefined:undefined:undefined":5,"s:54:1:60:Infinity":15,"s:55:2:59:Infinity":16,"s:61:1:61:Infinity":17,"f:67:16:67:46":3,"b:68:1:68:Infinity:undefined:undefined:undefined:undefined":6,"s:68:1:68:Infinity":18,"s:68:36:68:Infinity":19,"s:69:15:69:Infinity":20,"s:72:16:72:Infinity":21,"b:73:1:79:Infinity:undefined:undefined:undefined:undefined":7,"s:73:1:79:Infinity":22,"b:73:5:73:15:73:15:73:22":8,"s:74:21:74:Infinity":23,"b:75:2:78:Infinity:undefined:undefined:undefined:undefined":9,"s:75:2:78:Infinity":24,"s:76:3:76:Infinity":25,"s:77:3:77:Infinity":26,"s:81:1:81:Infinity":27,"f:87:16:87:49":4,"b:88:1:88:Infinity:undefined:undefined:undefined:undefined":10,"s:88:1:88:Infinity":28,"s:88:36:88:Infinity":29,"s:89:1:89:Infinity":30,"f:95:16:95:42":5,"s:96:16:96:Infinity":31,"b:97:1:97:Infinity:undefined:undefined:undefined:undefined":11,"s:97:1:97:Infinity":32,"s:97:14:97:Infinity":33,"s:99:20:99:Infinity":34,"s:100:1:100:Infinity":35,"f:106:16:106:40":6,"b:107:1:107:Infinity:undefined:undefined:undefined:undefined":12,"s:107:1:107:Infinity":36,"s:107:36:107:Infinity":37,"s:108:1:108:Infinity":38,"s:109:1:109:Infinity":39,"s:110:1:110:Infinity":40,"s:113:1:113:Infinity":41,"f:119:16:119:29":7,"b:119:64:119:76":13,"b:120:1:120:Infinity:undefined:undefined:undefined:undefined":14,"s:120:1:120:Infinity":42,"s:120:36:120:Infinity":43,"s:121:1:121:Infinity":44,"s:124:20:124:Infinity":45,"s:125:1:125:Infinity":46,"s:128:1:128:Infinity":47,"f:134:16:134:32":8,"b:135:1:135:Infinity:undefined:undefined:undefined:undefined":15,"s:135:1:135:Infinity":48,"s:135:36:135:Infinity":49,"s:136:1:136:Infinity":50},"fnNames":{}}}
,"/home/davidtan/_Workspaces/WebDevelopment/taskmanager/sveltekit-taskmanager-frontend/src/lib/shared/utils/error.utils.ts": {"path":"/home/davidtan/_Workspaces/WebDevelopment/taskmanager/sveltekit-taskmanager-frontend/src/lib/shared/utils/error.utils.ts","statementMap":{"0":{"start":{"line":19,"column":2},"end":{"line":19,"column":null}},"1":{"start":{"line":15,"column":9},"end":{"line":15,"column":null}},"2":{"start":{"line":16,"column":9},"end":{"line":16,"column":null}},"3":{"start":{"line":17,"column":9},"end":{"line":17,"column":null}},"4":{"start":{"line":20,"column":2},"end":{"line":20,"column":null}},"5":{"start":{"line":29,"column":2},"end":{"line":29,"column":null}},"6":{"start":{"line":30,"column":2},"end":{"line":30,"column":null}},"7":{"start":{"line":42,"column":2},"end":{"line":42,"column":null}},"8":{"start":{"line":39,"column":9},"end":{"line":39,"column":null}},"9":{"start":{"line":43,"column":2},"end":{"line":43,"column":null}},"10":{"start":{"line":50,"column":38},"end":{"line":50,"column":null}},"11":{"start":{"line":56,"column":1},"end":{"line":56,"column":null}},"12":{"start":{"line":63,"column":1},"end":{"line":80,"column":null}},"13":{"start":{"line":64,"column":2},"end":{"line":79,"column":null}},"14":{"start":{"line":66,"column":4},"end":{"line":66,"column":null}},"15":{"start":{"line":68,"column":4},"end":{"line":68,"column":null}},"16":{"start":{"line":70,"column":4},"end":{"line":70,"column":null}},"17":{"start":{"line":72,"column":4},"end":{"line":72,"column":null}},"18":{"start":{"line":74,"column":4},"end":{"line":74,"column":null}},"19":{"start":{"line":76,"column":4},"end":{"line":76,"column":null}},"20":{"start":{"line":78,"column":4},"end":{"line":78,"column":null}},"21":{"start":{"line":82,"column":1},"end":{"line":84,"column":null}},"22":{"start":{"line":83,"column":2},"end":{"line":83,"column":null}},"23":{"start":{"line":86,"column":1},"end":{"line":88,"column":null}},"24":{"start":{"line":87,"column":2},"end":{"line":87,"column":null}},"25":{"start":{"line":90,"column":1},"end":{"line":92,"column":null}},"26":{"start":{"line":91,"column":2},"end":{"line":91,"column":null}},"27":{"start":{"line":94,"column":1},"end":{"line":94,"column":null}},"28":{"start":{"line":101,"column":1},"end":{"line":101,"column":null}},"29":{"start":{"line":105,"column":1},"end":{"line":105,"column":null}},"30":{"start":{"line":109,"column":1},"end":{"line":109,"column":null}},"31":{"start":{"line":116,"column":1},"end":{"line":116,"column":null}},"32":{"start":{"line":123,"column":1},"end":{"line":134,"column":null}},"33":{"start":{"line":124,"column":2},"end":{"line":124,"column":null}},"34":{"start":{"line":126,"column":25},"end":{"line":126,"column":null}},"35":{"start":{"line":128,"column":2},"end":{"line":130,"column":null}},"36":{"start":{"line":129,"column":3},"end":{"line":129,"column":null}},"37":{"start":{"line":132,"column":2},"end":{"line":132,"column":null}},"38":{"start":{"line":133,"column":2},"end":{"line":133,"column":null}},"39":{"start":{"line":141,"column":1},"end":{"line":147,"column":null}},"40":{"start":{"line":142,"column":2},"end":{"line":146,"column":null}},"41":{"start":{"line":143,"column":3},"end":{"line":143,"column":null}},"42":{"start":{"line":145,"column":3},"end":{"line":145,"column":null}}},"fnMap":{"0":{"name":"constructor","decl":{"start":{"line":14,"column":1},"end":{"line":14,"column":null}},"loc":{"start":{"line":18,"column":3},"end":{"line":21,"column":null}},"line":18},"1":{"name":"constructor_2","decl":{"start":{"line":28,"column":1},"end":{"line":28,"column":13}},"loc":{"start":{"line":28,"column":56},"end":{"line":31,"column":null}},"line":28},"2":{"name":"constructor_3","decl":{"start":{"line":38,"column":1},"end":{"line":38,"column":null}},"loc":{"start":{"line":41,"column":3},"end":{"line":44,"column":null}},"line":41},"3":{"name":"clearErrorHandlers","decl":{"start":{"line":55,"column":16},"end":{"line":55,"column":43}},"loc":{"start":{"line":55,"column":43},"end":{"line":57,"column":null}},"line":55},"4":{"name":"getErrorMessage","decl":{"start":{"line":62,"column":16},"end":{"line":62,"column":32}},"loc":{"start":{"line":62,"column":56},"end":{"line":95,"column":null}},"line":62},"5":{"name":"isApiError","decl":{"start":{"line":100,"column":16},"end":{"line":100,"column":27}},"loc":{"start":{"line":100,"column":62},"end":{"line":102,"column":null}},"line":100},"6":{"name":"isAuthenticationError","decl":{"start":{"line":104,"column":16},"end":{"line":104,"column":38}},"loc":{"start":{"line":104,"column":84},"end":{"line":106,"column":null}},"line":104},"7":{"name":"isValidationError","decl":{"start":{"line":108,"column":16},"end":{"line":108,"column":34}},"loc":{"start":{"line":108,"column":76},"end":{"line":110,"column":null}},"line":108},"8":{"name":"registerErrorHandler","decl":{"start":{"line":115,"column":16},"end":{"line":115,"column":37}},"loc":{"start":{"line":115,"column":66},"end":{"line":117,"column":null}},"line":115},"9":{"name":"withErrorHandling","decl":{"start":{"line":122,"column":22},"end":{"line":122,"column":43}},"loc":{"start":{"line":122,"column":95},"end":{"line":135,"column":null}},"line":122},"10":{"name":"executeErrorHandlers","decl":{"start":{"line":140,"column":9},"end":{"line":140,"column":30}},"loc":{"start":{"line":140,"column":50},"end":{"line":148,"column":null}},"line":140},"11":{"name":"(anonymous_11)","decl":{"start":{"line":141,"column":15},"end":{"line":141,"column":24}},"loc":{"start":{"line":141,"column":36},"end":{"line":147,"column":2}},"line":141}},"branchMap":{"0":{"loc":{"start":{"line":28,"column":13},"end":{"line":28,"column":56}},"type":"default-arg","locations":[{"start":{"line":28,"column":31},"end":{"line":28,"column":56}}],"line":28},"1":{"loc":{"start":{"line":63,"column":1},"end":{"line":80,"column":null}},"type":"if","locations":[{"start":{"line":63,"column":1},"end":{"line":80,"column":null}},{"start":{},"end":{}}],"line":63},"2":{"loc":{"start":{"line":64,"column":2},"end":{"line":79,"column":null}},"type":"switch","locations":[{"start":{"line":65,"column":3},"end":{"line":66,"column":null}},{"start":{"line":67,"column":3},"end":{"line":68,"column":null}},{"start":{"line":69,"column":3},"end":{"line":70,"column":null}},{"start":{"line":71,"column":3},"end":{"line":72,"column":null}},{"start":{"line":73,"column":3},"end":{"line":74,"column":null}},{"start":{"line":75,"column":3},"end":{"line":76,"column":null}},{"start":{"line":77,"column":3},"end":{"line":78,"column":null}}],"line":64},"3":{"loc":{"start":{"line":78,"column":11},"end":{"line":78,"column":null}},"type":"binary-expr","locations":[{"start":{"line":78,"column":11},"end":{"line":78,"column":31}},{"start":{"line":78,"column":31},"end":{"line":78,"column":null}}],"line":78},"4":{"loc":{"start":{"line":82,"column":1},"end":{"line":84,"column":null}},"type":"if","locations":[{"start":{"line":82,"column":1},"end":{"line":84,"column":null}},{"start":{},"end":{}}],"line":82},"5":{"loc":{"start":{"line":86,"column":1},"end":{"line":88,"column":null}},"type":"if","locations":[{"start":{"line":86,"column":1},"end":{"line":88,"column":null}},{"start":{},"end":{}}],"line":86},"6":{"loc":{"start":{"line":90,"column":1},"end":{"line":92,"column":null}},"type":"if","locations":[{"start":{"line":90,"column":1},"end":{"line":92,"column":null}},{"start":{},"end":{}}],"line":90},"7":{"loc":{"start":{"line":126,"column":25},"end":{"line":126,"column":null}},"type":"cond-expr","locations":[{"start":{"line":126,"column":50},"end":{"line":126,"column":58}},{"start":{"line":126,"column":58},"end":{"line":126,"column":null}}],"line":126},"8":{"loc":{"start":{"line":128,"column":2},"end":{"line":130,"column":null}},"type":"if","locations":[{"start":{"line":128,"column":2},"end":{"line":130,"column":null}},{"start":{},"end":{}}],"line":128}},"s":{"0":16,"1":16,"2":16,"3":16,"4":16,"5":5,"6":5,"7":4,"8":4,"9":4,"10":2,"11":28,"12":13,"13":7,"14":1,"15":1,"16":1,"17":1,"18":1,"19":1,"20":1,"21":6,"22":1,"23":5,"24":1,"25":4,"26":1,"27":3,"28":19,"29":9,"30":10,"31":7,"32":10,"33":10,"34":8,"35":8,"36":1,"37":8,"38":8,"39":8,"40":7,"41":7,"42":2},"f":{"0":16,"1":5,"2":4,"3":28,"4":13,"5":19,"6":9,"7":10,"8":7,"9":10,"10":8,"11":7},"b":{"0":[5],"1":[7,6],"2":[1,1,1,1,1,1,1],"3":[1,0],"4":[1,5],"5":[1,4],"6":[1,3],"7":[7,1],"8":[1,7]},"meta":{"lastBranch":9,"lastFunction":12,"lastStatement":43,"seen":{"f:14:1:14:Infinity":0,"s:19:2:19:Infinity":0,"s:15:9:15:Infinity":1,"s:16:9:16:Infinity":2,"s:17:9:17:Infinity":3,"s:20:2:20:Infinity":4,"f:28:1:28:13":1,"b:28:31:28:56":0,"s:29:2:29:Infinity":5,"s:30:2:30:Infinity":6,"f:38:1:38:Infinity":2,"s:42:2:42:Infinity":7,"s:39:9:39:Infinity":8,"s:43:2:43:Infinity":9,"s:50:38:50:Infinity":10,"f:55:16:55:43":3,"s:56:1:56:Infinity":11,"f:62:16:62:32":4,"b:63:1:80:Infinity:undefined:undefined:undefined:undefined":1,"s:63:1:80:Infinity":12,"b:65:3:66:Infinity:67:3:68:Infinity:69:3:70:Infinity:71:3:72:Infinity:73:3:74:Infinity:75:3:76:Infinity:77:3:78:Infinity":2,"s:64:2:79:Infinity":13,"s:66:4:66:Infinity":14,"s:68:4:68:Infinity":15,"s:70:4:70:Infinity":16,"s:72:4:72:Infinity":17,"s:74:4:74:Infinity":18,"s:76:4:76:Infinity":19,"s:78:4:78:Infinity":20,"b:78:11:78:31:78:31:78:Infinity":3,"b:82:1:84:Infinity:undefined:undefined:undefined:undefined":4,"s:82:1:84:Infinity":21,"s:83:2:83:Infinity":22,"b:86:1:88:Infinity:undefined:undefined:undefined:undefined":5,"s:86:1:88:Infinity":23,"s:87:2:87:Infinity":24,"b:90:1:92:Infinity:undefined:undefined:undefined:undefined":6,"s:90:1:92:Infinity":25,"s:91:2:91:Infinity":26,"s:94:1:94:Infinity":27,"f:100:16:100:27":5,"s:101:1:101:Infinity":28,"f:104:16:104:38":6,"s:105:1:105:Infinity":29,"f:108:16:108:34":7,"s:109:1:109:Infinity":30,"f:115:16:115:37":8,"s:116:1:116:Infinity":31,"f:122:22:122:43":9,"s:123:1:134:Infinity":32,"s:124:2:124:Infinity":33,"s:126:25:126:Infinity":34,"b:126:50:126:58:126:58:126:Infinity":7,"b:128:2:130:Infinity:undefined:undefined:undefined:undefined":8,"s:128:2:130:Infinity":35,"s:129:3:129:Infinity":36,"s:132:2:132:Infinity":37,"s:133:2:133:Infinity":38,"f:140:9:140:30":10,"s:141:1:147:Infinity":39,"f:141:15:141:24":11,"s:142:2:146:Infinity":40,"s:143:3:143:Infinity":41,"s:145:3:145:Infinity":42},"fnNames":{}}}
}
