{"/home/davidtan/_Workspaces/WebDevelopment/taskmanager/sveltekit-taskmanager-frontend/src/lib/api/handlers.ts": {"path":"/home/davidtan/_Workspaces/WebDevelopment/taskmanager/sveltekit-taskmanager-frontend/src/lib/api/handlers.ts","statementMap":{"0":{"start":{"line":50,"column":24},"end":{"line":91,"column":null}}},"fnMap":{},"branchMap":{},"s":{"0":33},"f":{},"b":{},"meta":{"lastBranch":0,"lastFunction":0,"lastStatement":1,"seen":{"s:50:24:91:Infinity":0},"fnNames":{}}}
,"/home/davidtan/_Workspaces/WebDevelopment/taskmanager/sveltekit-taskmanager-frontend/src/lib/api/index.msw.ts": {"path":"/home/davidtan/_Workspaces/WebDevelopment/taskmanager/sveltekit-taskmanager-frontend/src/lib/api/index.msw.ts","statementMap":{"0":{"start":{"line":23,"column":13},"end":{"line":23,"column":null}},"1":{"start":{"line":23,"column":54},"end":{"line":23,"column":null}},"2":{"start":{"line":25,"column":13},"end":{"line":42,"column":null}},"3":{"start":{"line":27,"column":23},"end":{"line":42,"column":null}},"4":{"start":{"line":44,"column":13},"end":{"line":86,"column":null}},"5":{"start":{"line":46,"column":21},"end":{"line":86,"column":null}},"6":{"start":{"line":88,"column":13},"end":{"line":105,"column":null}},"7":{"start":{"line":90,"column":23},"end":{"line":105,"column":null}},"8":{"start":{"line":107,"column":13},"end":{"line":140,"column":null}},"9":{"start":{"line":109,"column":20},"end":{"line":140,"column":null}},"10":{"start":{"line":142,"column":13},"end":{"line":175,"column":null}},"11":{"start":{"line":144,"column":20},"end":{"line":175,"column":null}},"12":{"start":{"line":177,"column":13},"end":{"line":288,"column":null}},"13":{"start":{"line":179,"column":25},"end":{"line":288,"column":null}},"14":{"start":{"line":191,"column":76},"end":{"line":191,"column":81}},"15":{"start":{"line":191,"column":94},"end":{"line":266,"column":6}},"16":{"start":{"line":233,"column":78},"end":{"line":233,"column":83}},"17":{"start":{"line":234,"column":14},"end":{"line":246,"column":null}},"18":{"start":{"line":251,"column":78},"end":{"line":251,"column":83}},"19":{"start":{"line":252,"column":14},"end":{"line":262,"column":null}},"20":{"start":{"line":290,"column":13},"end":{"line":375,"column":null}},"21":{"start":{"line":292,"column":20},"end":{"line":375,"column":null}},"22":{"start":{"line":338,"column":76},"end":{"line":338,"column":81}},"23":{"start":{"line":338,"column":94},"end":{"line":350,"column":6}},"24":{"start":{"line":354,"column":76},"end":{"line":354,"column":81}},"25":{"start":{"line":354,"column":94},"end":{"line":364,"column":6}},"26":{"start":{"line":377,"column":13},"end":{"line":462,"column":null}},"27":{"start":{"line":379,"column":20},"end":{"line":462,"column":null}},"28":{"start":{"line":425,"column":76},"end":{"line":425,"column":81}},"29":{"start":{"line":425,"column":94},"end":{"line":437,"column":6}},"30":{"start":{"line":441,"column":76},"end":{"line":441,"column":81}},"31":{"start":{"line":441,"column":94},"end":{"line":451,"column":6}},"32":{"start":{"line":464,"column":13},"end":{"line":549,"column":null}},"33":{"start":{"line":466,"column":20},"end":{"line":549,"column":null}},"34":{"start":{"line":512,"column":76},"end":{"line":512,"column":81}},"35":{"start":{"line":512,"column":94},"end":{"line":524,"column":6}},"36":{"start":{"line":528,"column":76},"end":{"line":528,"column":81}},"37":{"start":{"line":528,"column":94},"end":{"line":538,"column":6}},"38":{"start":{"line":551,"column":13},"end":{"line":568,"column":null}},"39":{"start":{"line":553,"column":23},"end":{"line":568,"column":null}},"40":{"start":{"line":570,"column":13},"end":{"line":587,"column":null}},"41":{"start":{"line":572,"column":23},"end":{"line":587,"column":null}},"42":{"start":{"line":589,"column":13},"end":{"line":606,"column":null}},"43":{"start":{"line":591,"column":23},"end":{"line":606,"column":null}},"44":{"start":{"line":608,"column":13},"end":{"line":625,"column":null}},"45":{"start":{"line":610,"column":23},"end":{"line":625,"column":null}},"46":{"start":{"line":627,"column":13},"end":{"line":661,"column":null}},"47":{"start":{"line":629,"column":25},"end":{"line":661,"column":null}},"48":{"start":{"line":663,"column":13},"end":{"line":680,"column":null}},"49":{"start":{"line":665,"column":23},"end":{"line":680,"column":null}},"50":{"start":{"line":682,"column":13},"end":{"line":699,"column":null}},"51":{"start":{"line":684,"column":23},"end":{"line":699,"column":null}},"52":{"start":{"line":701,"column":13},"end":{"line":718,"column":null}},"53":{"start":{"line":703,"column":23},"end":{"line":718,"column":null}},"54":{"start":{"line":720,"column":13},"end":{"line":752,"column":null}},"55":{"start":{"line":722,"column":20},"end":{"line":752,"column":null}},"56":{"start":{"line":732,"column":74},"end":{"line":732,"column":79}},"57":{"start":{"line":732,"column":92},"end":{"line":744,"column":4}},"58":{"start":{"line":754,"column":13},"end":{"line":771,"column":null}},"59":{"start":{"line":756,"column":23},"end":{"line":771,"column":null}},"60":{"start":{"line":773,"column":13},"end":{"line":805,"column":null}},"61":{"start":{"line":775,"column":26},"end":{"line":805,"column":null}},"62":{"start":{"line":785,"column":74},"end":{"line":785,"column":79}},"63":{"start":{"line":785,"column":92},"end":{"line":797,"column":4}},"64":{"start":{"line":807,"column":13},"end":{"line":839,"column":null}},"65":{"start":{"line":809,"column":24},"end":{"line":839,"column":null}},"66":{"start":{"line":841,"column":13},"end":{"line":873,"column":null}},"67":{"start":{"line":843,"column":24},"end":{"line":873,"column":null}},"68":{"start":{"line":875,"column":13},"end":{"line":907,"column":null}},"69":{"start":{"line":877,"column":24},"end":{"line":907,"column":null}},"70":{"start":{"line":909,"column":13},"end":{"line":926,"column":null}},"71":{"start":{"line":911,"column":23},"end":{"line":926,"column":null}},"72":{"start":{"line":928,"column":13},"end":{"line":960,"column":null}},"73":{"start":{"line":930,"column":20},"end":{"line":960,"column":null}},"74":{"start":{"line":940,"column":74},"end":{"line":940,"column":79}},"75":{"start":{"line":940,"column":92},"end":{"line":952,"column":4}},"76":{"start":{"line":962,"column":13},"end":{"line":994,"column":null}},"77":{"start":{"line":964,"column":19},"end":{"line":994,"column":null}},"78":{"start":{"line":996,"column":13},"end":{"line":1028,"column":null}},"79":{"start":{"line":998,"column":19},"end":{"line":1028,"column":null}},"80":{"start":{"line":1030,"column":13},"end":{"line":1062,"column":null}},"81":{"start":{"line":1032,"column":19},"end":{"line":1062,"column":null}},"82":{"start":{"line":1064,"column":13},"end":{"line":1081,"column":null}},"83":{"start":{"line":1066,"column":23},"end":{"line":1081,"column":null}},"84":{"start":{"line":1083,"column":13},"end":{"line":1194,"column":null}},"85":{"start":{"line":1085,"column":25},"end":{"line":1194,"column":null}},"86":{"start":{"line":1097,"column":76},"end":{"line":1097,"column":81}},"87":{"start":{"line":1097,"column":94},"end":{"line":1172,"column":6}},"88":{"start":{"line":1139,"column":78},"end":{"line":1139,"column":83}},"89":{"start":{"line":1140,"column":14},"end":{"line":1152,"column":null}},"90":{"start":{"line":1157,"column":78},"end":{"line":1157,"column":83}},"91":{"start":{"line":1158,"column":14},"end":{"line":1168,"column":null}},"92":{"start":{"line":1196,"column":13},"end":{"line":1226,"column":null}},"93":{"start":{"line":1198,"column":23},"end":{"line":1226,"column":null}},"94":{"start":{"line":1228,"column":13},"end":{"line":1258,"column":null}},"95":{"start":{"line":1230,"column":24},"end":{"line":1258,"column":null}},"96":{"start":{"line":1240,"column":74},"end":{"line":1240,"column":79}},"97":{"start":{"line":1240,"column":92},"end":{"line":1250,"column":4}},"98":{"start":{"line":1260,"column":13},"end":{"line":1290,"column":null}},"99":{"start":{"line":1262,"column":23},"end":{"line":1290,"column":null}},"100":{"start":{"line":1292,"column":13},"end":{"line":1322,"column":null}},"101":{"start":{"line":1294,"column":23},"end":{"line":1322,"column":null}},"102":{"start":{"line":1324,"column":13},"end":{"line":1341,"column":null}},"103":{"start":{"line":1326,"column":23},"end":{"line":1341,"column":null}},"104":{"start":{"line":1343,"column":13},"end":{"line":1373,"column":null}},"105":{"start":{"line":1345,"column":23},"end":{"line":1373,"column":null}},"106":{"start":{"line":1375,"column":13},"end":{"line":1427,"column":null}},"107":{"start":{"line":1377,"column":28},"end":{"line":1427,"column":null}},"108":{"start":{"line":1387,"column":74},"end":{"line":1387,"column":79}},"109":{"start":{"line":1387,"column":92},"end":{"line":1419,"column":4}},"110":{"start":{"line":1429,"column":13},"end":{"line":1481,"column":null}},"111":{"start":{"line":1431,"column":27},"end":{"line":1481,"column":null}},"112":{"start":{"line":1483,"column":13},"end":{"line":1535,"column":null}},"113":{"start":{"line":1485,"column":28},"end":{"line":1535,"column":null}},"114":{"start":{"line":1495,"column":74},"end":{"line":1495,"column":79}},"115":{"start":{"line":1495,"column":92},"end":{"line":1527,"column":4}},"116":{"start":{"line":1537,"column":13},"end":{"line":1558,"column":null}},"117":{"start":{"line":1543,"column":1},"end":{"line":1557,"column":null}},"118":{"start":{"line":1547,"column":4},"end":{"line":1551,"column":null}},"119":{"start":{"line":1553,"column":4},"end":{"line":1553,"column":null}},"120":{"start":{"line":1554,"column":3},"end":{"line":1554,"column":null}},"121":{"start":{"line":1560,"column":13},"end":{"line":1582,"column":null}},"122":{"start":{"line":1568,"column":1},"end":{"line":1581,"column":null}},"123":{"start":{"line":1571,"column":3},"end":{"line":1578,"column":null}},"124":{"start":{"line":1584,"column":13},"end":{"line":1606,"column":null}},"125":{"start":{"line":1592,"column":1},"end":{"line":1605,"column":null}},"126":{"start":{"line":1595,"column":3},"end":{"line":1602,"column":null}},"127":{"start":{"line":1608,"column":13},"end":{"line":1630,"column":null}},"128":{"start":{"line":1616,"column":1},"end":{"line":1629,"column":null}},"129":{"start":{"line":1619,"column":3},"end":{"line":1626,"column":null}},"130":{"start":{"line":1632,"column":13},"end":{"line":1654,"column":null}},"131":{"start":{"line":1640,"column":1},"end":{"line":1653,"column":null}},"132":{"start":{"line":1643,"column":3},"end":{"line":1650,"column":null}},"133":{"start":{"line":1656,"column":13},"end":{"line":1678,"column":null}},"134":{"start":{"line":1664,"column":1},"end":{"line":1677,"column":null}},"135":{"start":{"line":1667,"column":3},"end":{"line":1674,"column":null}},"136":{"start":{"line":1680,"column":13},"end":{"line":1702,"column":null}},"137":{"start":{"line":1688,"column":1},"end":{"line":1701,"column":null}},"138":{"start":{"line":1691,"column":3},"end":{"line":1698,"column":null}},"139":{"start":{"line":1704,"column":13},"end":{"line":1726,"column":null}},"140":{"start":{"line":1712,"column":1},"end":{"line":1725,"column":null}},"141":{"start":{"line":1715,"column":3},"end":{"line":1722,"column":null}},"142":{"start":{"line":1728,"column":13},"end":{"line":1750,"column":null}},"143":{"start":{"line":1736,"column":1},"end":{"line":1749,"column":null}},"144":{"start":{"line":1739,"column":3},"end":{"line":1746,"column":null}},"145":{"start":{"line":1752,"column":13},"end":{"line":1774,"column":null}},"146":{"start":{"line":1760,"column":1},"end":{"line":1773,"column":null}},"147":{"start":{"line":1763,"column":3},"end":{"line":1770,"column":null}},"148":{"start":{"line":1776,"column":13},"end":{"line":1798,"column":null}},"149":{"start":{"line":1784,"column":1},"end":{"line":1797,"column":null}},"150":{"start":{"line":1787,"column":3},"end":{"line":1794,"column":null}},"151":{"start":{"line":1800,"column":13},"end":{"line":1822,"column":null}},"152":{"start":{"line":1808,"column":1},"end":{"line":1821,"column":null}},"153":{"start":{"line":1811,"column":3},"end":{"line":1818,"column":null}},"154":{"start":{"line":1824,"column":13},"end":{"line":1846,"column":null}},"155":{"start":{"line":1832,"column":1},"end":{"line":1845,"column":null}},"156":{"start":{"line":1835,"column":3},"end":{"line":1842,"column":null}},"157":{"start":{"line":1848,"column":13},"end":{"line":1870,"column":null}},"158":{"start":{"line":1856,"column":1},"end":{"line":1869,"column":null}},"159":{"start":{"line":1859,"column":3},"end":{"line":1866,"column":null}},"160":{"start":{"line":1872,"column":13},"end":{"line":1894,"column":null}},"161":{"start":{"line":1880,"column":1},"end":{"line":1893,"column":null}},"162":{"start":{"line":1883,"column":3},"end":{"line":1890,"column":null}},"163":{"start":{"line":1896,"column":13},"end":{"line":1918,"column":null}},"164":{"start":{"line":1904,"column":1},"end":{"line":1917,"column":null}},"165":{"start":{"line":1907,"column":3},"end":{"line":1914,"column":null}},"166":{"start":{"line":1920,"column":13},"end":{"line":1942,"column":null}},"167":{"start":{"line":1928,"column":1},"end":{"line":1941,"column":null}},"168":{"start":{"line":1931,"column":3},"end":{"line":1938,"column":null}},"169":{"start":{"line":1944,"column":13},"end":{"line":1966,"column":null}},"170":{"start":{"line":1952,"column":1},"end":{"line":1965,"column":null}},"171":{"start":{"line":1955,"column":3},"end":{"line":1962,"column":null}},"172":{"start":{"line":1968,"column":13},"end":{"line":1990,"column":null}},"173":{"start":{"line":1976,"column":1},"end":{"line":1989,"column":null}},"174":{"start":{"line":1979,"column":3},"end":{"line":1986,"column":null}},"175":{"start":{"line":1992,"column":13},"end":{"line":2014,"column":null}},"176":{"start":{"line":2000,"column":1},"end":{"line":2013,"column":null}},"177":{"start":{"line":2003,"column":3},"end":{"line":2010,"column":null}},"178":{"start":{"line":2016,"column":13},"end":{"line":2038,"column":null}},"179":{"start":{"line":2024,"column":1},"end":{"line":2037,"column":null}},"180":{"start":{"line":2027,"column":3},"end":{"line":2034,"column":null}},"181":{"start":{"line":2040,"column":13},"end":{"line":2062,"column":null}},"182":{"start":{"line":2048,"column":1},"end":{"line":2061,"column":null}},"183":{"start":{"line":2051,"column":3},"end":{"line":2058,"column":null}},"184":{"start":{"line":2064,"column":13},"end":{"line":2086,"column":null}},"185":{"start":{"line":2072,"column":1},"end":{"line":2085,"column":null}},"186":{"start":{"line":2075,"column":3},"end":{"line":2082,"column":null}},"187":{"start":{"line":2088,"column":13},"end":{"line":2110,"column":null}},"188":{"start":{"line":2096,"column":1},"end":{"line":2109,"column":null}},"189":{"start":{"line":2099,"column":3},"end":{"line":2106,"column":null}},"190":{"start":{"line":2112,"column":13},"end":{"line":2134,"column":null}},"191":{"start":{"line":2120,"column":1},"end":{"line":2133,"column":null}},"192":{"start":{"line":2123,"column":3},"end":{"line":2130,"column":null}},"193":{"start":{"line":2136,"column":13},"end":{"line":2158,"column":null}},"194":{"start":{"line":2144,"column":1},"end":{"line":2157,"column":null}},"195":{"start":{"line":2147,"column":3},"end":{"line":2154,"column":null}},"196":{"start":{"line":2160,"column":13},"end":{"line":2182,"column":null}},"197":{"start":{"line":2168,"column":1},"end":{"line":2181,"column":null}},"198":{"start":{"line":2171,"column":3},"end":{"line":2178,"column":null}},"199":{"start":{"line":2184,"column":13},"end":{"line":2204,"column":null}},"200":{"start":{"line":2190,"column":1},"end":{"line":2203,"column":null}},"201":{"start":{"line":2193,"column":3},"end":{"line":2200,"column":null}},"202":{"start":{"line":2206,"column":13},"end":{"line":2226,"column":null}},"203":{"start":{"line":2212,"column":1},"end":{"line":2225,"column":null}},"204":{"start":{"line":2215,"column":3},"end":{"line":2222,"column":null}},"205":{"start":{"line":2228,"column":13},"end":{"line":2250,"column":null}},"206":{"start":{"line":2236,"column":1},"end":{"line":2249,"column":null}},"207":{"start":{"line":2239,"column":3},"end":{"line":2246,"column":null}},"208":{"start":{"line":2252,"column":13},"end":{"line":2274,"column":null}},"209":{"start":{"line":2260,"column":1},"end":{"line":2273,"column":null}},"210":{"start":{"line":2263,"column":3},"end":{"line":2270,"column":null}},"211":{"start":{"line":2276,"column":13},"end":{"line":2298,"column":null}},"212":{"start":{"line":2284,"column":1},"end":{"line":2297,"column":null}},"213":{"start":{"line":2287,"column":3},"end":{"line":2294,"column":null}},"214":{"start":{"line":2300,"column":13},"end":{"line":2322,"column":null}},"215":{"start":{"line":2308,"column":1},"end":{"line":2321,"column":null}},"216":{"start":{"line":2311,"column":3},"end":{"line":2318,"column":null}},"217":{"start":{"line":2324,"column":13},"end":{"line":2346,"column":null}},"218":{"start":{"line":2332,"column":1},"end":{"line":2345,"column":null}},"219":{"start":{"line":2335,"column":3},"end":{"line":2342,"column":null}},"220":{"start":{"line":2348,"column":13},"end":{"line":2370,"column":null}},"221":{"start":{"line":2356,"column":1},"end":{"line":2369,"column":null}},"222":{"start":{"line":2359,"column":3},"end":{"line":2366,"column":null}},"223":{"start":{"line":2372,"column":13},"end":{"line":2394,"column":null}},"224":{"start":{"line":2380,"column":1},"end":{"line":2393,"column":null}},"225":{"start":{"line":2383,"column":3},"end":{"line":2390,"column":null}},"226":{"start":{"line":2396,"column":13},"end":{"line":2418,"column":null}},"227":{"start":{"line":2404,"column":1},"end":{"line":2417,"column":null}},"228":{"start":{"line":2407,"column":3},"end":{"line":2414,"column":null}},"229":{"start":{"line":2420,"column":13},"end":{"line":2442,"column":null}},"230":{"start":{"line":2428,"column":1},"end":{"line":2441,"column":null}},"231":{"start":{"line":2431,"column":3},"end":{"line":2438,"column":null}},"232":{"start":{"line":2444,"column":13},"end":{"line":2466,"column":null}},"233":{"start":{"line":2452,"column":1},"end":{"line":2465,"column":null}},"234":{"start":{"line":2455,"column":3},"end":{"line":2462,"column":null}},"235":{"start":{"line":2468,"column":13},"end":{"line":2490,"column":null}},"236":{"start":{"line":2476,"column":1},"end":{"line":2489,"column":null}},"237":{"start":{"line":2479,"column":3},"end":{"line":2486,"column":null}},"238":{"start":{"line":2491,"column":13},"end":{"line":2532,"column":null}},"239":{"start":{"line":2491,"column":52},"end":{"line":2532,"column":null}}},"fnMap":{"0":{"name":"(anonymous_0)","decl":{"start":{"line":23,"column":13},"end":{"line":23,"column":54}},"loc":{"start":{"line":23,"column":54},"end":{"line":23,"column":null}},"line":23},"1":{"name":"(anonymous_1)","decl":{"start":{"line":25,"column":13},"end":{"line":25,"column":null}},"loc":{"start":{"line":27,"column":23},"end":{"line":42,"column":null}},"line":27},"2":{"name":"(anonymous_2)","decl":{"start":{"line":44,"column":13},"end":{"line":44,"column":null}},"loc":{"start":{"line":46,"column":21},"end":{"line":86,"column":null}},"line":46},"3":{"name":"(anonymous_3)","decl":{"start":{"line":88,"column":13},"end":{"line":88,"column":null}},"loc":{"start":{"line":90,"column":23},"end":{"line":105,"column":null}},"line":90},"4":{"name":"(anonymous_4)","decl":{"start":{"line":107,"column":13},"end":{"line":107,"column":null}},"loc":{"start":{"line":109,"column":20},"end":{"line":140,"column":null}},"line":109},"5":{"name":"(anonymous_5)","decl":{"start":{"line":142,"column":13},"end":{"line":142,"column":null}},"loc":{"start":{"line":144,"column":20},"end":{"line":175,"column":null}},"line":144},"6":{"name":"(anonymous_6)","decl":{"start":{"line":177,"column":13},"end":{"line":177,"column":null}},"loc":{"start":{"line":179,"column":25},"end":{"line":288,"column":null}},"line":179},"7":{"name":"(anonymous_7)","decl":{"start":{"line":191,"column":63},"end":{"line":191,"column":67}},"loc":{"start":{"line":191,"column":76},"end":{"line":191,"column":81}},"line":191},"8":{"name":"(anonymous_8)","decl":{"start":{"line":191,"column":83},"end":{"line":191,"column":94}},"loc":{"start":{"line":191,"column":94},"end":{"line":266,"column":6}},"line":191},"9":{"name":"(anonymous_9)","decl":{"start":{"line":233,"column":65},"end":{"line":233,"column":69}},"loc":{"start":{"line":233,"column":78},"end":{"line":233,"column":83}},"line":233},"10":{"name":"(anonymous_10)","decl":{"start":{"line":233,"column":85},"end":{"line":233,"column":null}},"loc":{"start":{"line":234,"column":14},"end":{"line":246,"column":null}},"line":234},"11":{"name":"(anonymous_11)","decl":{"start":{"line":251,"column":65},"end":{"line":251,"column":69}},"loc":{"start":{"line":251,"column":78},"end":{"line":251,"column":83}},"line":251},"12":{"name":"(anonymous_12)","decl":{"start":{"line":251,"column":85},"end":{"line":251,"column":null}},"loc":{"start":{"line":252,"column":14},"end":{"line":262,"column":null}},"line":252},"13":{"name":"(anonymous_13)","decl":{"start":{"line":290,"column":13},"end":{"line":290,"column":null}},"loc":{"start":{"line":292,"column":20},"end":{"line":375,"column":null}},"line":292},"14":{"name":"(anonymous_14)","decl":{"start":{"line":338,"column":63},"end":{"line":338,"column":67}},"loc":{"start":{"line":338,"column":76},"end":{"line":338,"column":81}},"line":338},"15":{"name":"(anonymous_15)","decl":{"start":{"line":338,"column":83},"end":{"line":338,"column":94}},"loc":{"start":{"line":338,"column":94},"end":{"line":350,"column":6}},"line":338},"16":{"name":"(anonymous_16)","decl":{"start":{"line":354,"column":63},"end":{"line":354,"column":67}},"loc":{"start":{"line":354,"column":76},"end":{"line":354,"column":81}},"line":354},"17":{"name":"(anonymous_17)","decl":{"start":{"line":354,"column":83},"end":{"line":354,"column":94}},"loc":{"start":{"line":354,"column":94},"end":{"line":364,"column":6}},"line":354},"18":{"name":"(anonymous_18)","decl":{"start":{"line":377,"column":13},"end":{"line":377,"column":null}},"loc":{"start":{"line":379,"column":20},"end":{"line":462,"column":null}},"line":379},"19":{"name":"(anonymous_19)","decl":{"start":{"line":425,"column":63},"end":{"line":425,"column":67}},"loc":{"start":{"line":425,"column":76},"end":{"line":425,"column":81}},"line":425},"20":{"name":"(anonymous_20)","decl":{"start":{"line":425,"column":83},"end":{"line":425,"column":94}},"loc":{"start":{"line":425,"column":94},"end":{"line":437,"column":6}},"line":425},"21":{"name":"(anonymous_21)","decl":{"start":{"line":441,"column":63},"end":{"line":441,"column":67}},"loc":{"start":{"line":441,"column":76},"end":{"line":441,"column":81}},"line":441},"22":{"name":"(anonymous_22)","decl":{"start":{"line":441,"column":83},"end":{"line":441,"column":94}},"loc":{"start":{"line":441,"column":94},"end":{"line":451,"column":6}},"line":441},"23":{"name":"(anonymous_23)","decl":{"start":{"line":464,"column":13},"end":{"line":464,"column":null}},"loc":{"start":{"line":466,"column":20},"end":{"line":549,"column":null}},"line":466},"24":{"name":"(anonymous_24)","decl":{"start":{"line":512,"column":63},"end":{"line":512,"column":67}},"loc":{"start":{"line":512,"column":76},"end":{"line":512,"column":81}},"line":512},"25":{"name":"(anonymous_25)","decl":{"start":{"line":512,"column":83},"end":{"line":512,"column":94}},"loc":{"start":{"line":512,"column":94},"end":{"line":524,"column":6}},"line":512},"26":{"name":"(anonymous_26)","decl":{"start":{"line":528,"column":63},"end":{"line":528,"column":67}},"loc":{"start":{"line":528,"column":76},"end":{"line":528,"column":81}},"line":528},"27":{"name":"(anonymous_27)","decl":{"start":{"line":528,"column":83},"end":{"line":528,"column":94}},"loc":{"start":{"line":528,"column":94},"end":{"line":538,"column":6}},"line":528},"28":{"name":"(anonymous_28)","decl":{"start":{"line":551,"column":13},"end":{"line":551,"column":null}},"loc":{"start":{"line":553,"column":23},"end":{"line":568,"column":null}},"line":553},"29":{"name":"(anonymous_29)","decl":{"start":{"line":570,"column":13},"end":{"line":570,"column":null}},"loc":{"start":{"line":572,"column":23},"end":{"line":587,"column":null}},"line":572},"30":{"name":"(anonymous_30)","decl":{"start":{"line":589,"column":13},"end":{"line":589,"column":null}},"loc":{"start":{"line":591,"column":23},"end":{"line":606,"column":null}},"line":591},"31":{"name":"(anonymous_31)","decl":{"start":{"line":608,"column":13},"end":{"line":608,"column":null}},"loc":{"start":{"line":610,"column":23},"end":{"line":625,"column":null}},"line":610},"32":{"name":"(anonymous_32)","decl":{"start":{"line":627,"column":13},"end":{"line":627,"column":null}},"loc":{"start":{"line":629,"column":25},"end":{"line":661,"column":null}},"line":629},"33":{"name":"(anonymous_33)","decl":{"start":{"line":663,"column":13},"end":{"line":663,"column":null}},"loc":{"start":{"line":665,"column":23},"end":{"line":680,"column":null}},"line":665},"34":{"name":"(anonymous_34)","decl":{"start":{"line":682,"column":13},"end":{"line":682,"column":null}},"loc":{"start":{"line":684,"column":23},"end":{"line":699,"column":null}},"line":684},"35":{"name":"(anonymous_35)","decl":{"start":{"line":701,"column":13},"end":{"line":701,"column":null}},"loc":{"start":{"line":703,"column":23},"end":{"line":718,"column":null}},"line":703},"36":{"name":"(anonymous_36)","decl":{"start":{"line":720,"column":13},"end":{"line":720,"column":null}},"loc":{"start":{"line":722,"column":20},"end":{"line":752,"column":null}},"line":722},"37":{"name":"(anonymous_37)","decl":{"start":{"line":732,"column":61},"end":{"line":732,"column":65}},"loc":{"start":{"line":732,"column":74},"end":{"line":732,"column":79}},"line":732},"38":{"name":"(anonymous_38)","decl":{"start":{"line":732,"column":81},"end":{"line":732,"column":92}},"loc":{"start":{"line":732,"column":92},"end":{"line":744,"column":4}},"line":732},"39":{"name":"(anonymous_39)","decl":{"start":{"line":754,"column":13},"end":{"line":754,"column":null}},"loc":{"start":{"line":756,"column":23},"end":{"line":771,"column":null}},"line":756},"40":{"name":"(anonymous_40)","decl":{"start":{"line":773,"column":13},"end":{"line":773,"column":null}},"loc":{"start":{"line":775,"column":26},"end":{"line":805,"column":null}},"line":775},"41":{"name":"(anonymous_41)","decl":{"start":{"line":785,"column":61},"end":{"line":785,"column":65}},"loc":{"start":{"line":785,"column":74},"end":{"line":785,"column":79}},"line":785},"42":{"name":"(anonymous_42)","decl":{"start":{"line":785,"column":81},"end":{"line":785,"column":92}},"loc":{"start":{"line":785,"column":92},"end":{"line":797,"column":4}},"line":785},"43":{"name":"(anonymous_43)","decl":{"start":{"line":807,"column":13},"end":{"line":807,"column":null}},"loc":{"start":{"line":809,"column":24},"end":{"line":839,"column":null}},"line":809},"44":{"name":"(anonymous_44)","decl":{"start":{"line":841,"column":13},"end":{"line":841,"column":null}},"loc":{"start":{"line":843,"column":24},"end":{"line":873,"column":null}},"line":843},"45":{"name":"(anonymous_45)","decl":{"start":{"line":875,"column":13},"end":{"line":875,"column":null}},"loc":{"start":{"line":877,"column":24},"end":{"line":907,"column":null}},"line":877},"46":{"name":"(anonymous_46)","decl":{"start":{"line":909,"column":13},"end":{"line":909,"column":null}},"loc":{"start":{"line":911,"column":23},"end":{"line":926,"column":null}},"line":911},"47":{"name":"(anonymous_47)","decl":{"start":{"line":928,"column":13},"end":{"line":928,"column":null}},"loc":{"start":{"line":930,"column":20},"end":{"line":960,"column":null}},"line":930},"48":{"name":"(anonymous_48)","decl":{"start":{"line":940,"column":61},"end":{"line":940,"column":65}},"loc":{"start":{"line":940,"column":74},"end":{"line":940,"column":79}},"line":940},"49":{"name":"(anonymous_49)","decl":{"start":{"line":940,"column":81},"end":{"line":940,"column":92}},"loc":{"start":{"line":940,"column":92},"end":{"line":952,"column":4}},"line":940},"50":{"name":"(anonymous_50)","decl":{"start":{"line":962,"column":13},"end":{"line":962,"column":null}},"loc":{"start":{"line":964,"column":19},"end":{"line":994,"column":null}},"line":964},"51":{"name":"(anonymous_51)","decl":{"start":{"line":996,"column":13},"end":{"line":996,"column":null}},"loc":{"start":{"line":998,"column":19},"end":{"line":1028,"column":null}},"line":998},"52":{"name":"(anonymous_52)","decl":{"start":{"line":1030,"column":13},"end":{"line":1030,"column":null}},"loc":{"start":{"line":1032,"column":19},"end":{"line":1062,"column":null}},"line":1032},"53":{"name":"(anonymous_53)","decl":{"start":{"line":1064,"column":13},"end":{"line":1064,"column":null}},"loc":{"start":{"line":1066,"column":23},"end":{"line":1081,"column":null}},"line":1066},"54":{"name":"(anonymous_54)","decl":{"start":{"line":1083,"column":13},"end":{"line":1083,"column":null}},"loc":{"start":{"line":1085,"column":25},"end":{"line":1194,"column":null}},"line":1085},"55":{"name":"(anonymous_55)","decl":{"start":{"line":1097,"column":63},"end":{"line":1097,"column":67}},"loc":{"start":{"line":1097,"column":76},"end":{"line":1097,"column":81}},"line":1097},"56":{"name":"(anonymous_56)","decl":{"start":{"line":1097,"column":83},"end":{"line":1097,"column":94}},"loc":{"start":{"line":1097,"column":94},"end":{"line":1172,"column":6}},"line":1097},"57":{"name":"(anonymous_57)","decl":{"start":{"line":1139,"column":65},"end":{"line":1139,"column":69}},"loc":{"start":{"line":1139,"column":78},"end":{"line":1139,"column":83}},"line":1139},"58":{"name":"(anonymous_58)","decl":{"start":{"line":1139,"column":85},"end":{"line":1139,"column":null}},"loc":{"start":{"line":1140,"column":14},"end":{"line":1152,"column":null}},"line":1140},"59":{"name":"(anonymous_59)","decl":{"start":{"line":1157,"column":65},"end":{"line":1157,"column":69}},"loc":{"start":{"line":1157,"column":78},"end":{"line":1157,"column":83}},"line":1157},"60":{"name":"(anonymous_60)","decl":{"start":{"line":1157,"column":85},"end":{"line":1157,"column":null}},"loc":{"start":{"line":1158,"column":14},"end":{"line":1168,"column":null}},"line":1158},"61":{"name":"(anonymous_61)","decl":{"start":{"line":1196,"column":13},"end":{"line":1196,"column":null}},"loc":{"start":{"line":1198,"column":23},"end":{"line":1226,"column":null}},"line":1198},"62":{"name":"(anonymous_62)","decl":{"start":{"line":1228,"column":13},"end":{"line":1228,"column":null}},"loc":{"start":{"line":1230,"column":24},"end":{"line":1258,"column":null}},"line":1230},"63":{"name":"(anonymous_63)","decl":{"start":{"line":1240,"column":61},"end":{"line":1240,"column":65}},"loc":{"start":{"line":1240,"column":74},"end":{"line":1240,"column":79}},"line":1240},"64":{"name":"(anonymous_64)","decl":{"start":{"line":1240,"column":81},"end":{"line":1240,"column":92}},"loc":{"start":{"line":1240,"column":92},"end":{"line":1250,"column":4}},"line":1240},"65":{"name":"(anonymous_65)","decl":{"start":{"line":1260,"column":13},"end":{"line":1260,"column":null}},"loc":{"start":{"line":1262,"column":23},"end":{"line":1290,"column":null}},"line":1262},"66":{"name":"(anonymous_66)","decl":{"start":{"line":1292,"column":13},"end":{"line":1292,"column":null}},"loc":{"start":{"line":1294,"column":23},"end":{"line":1322,"column":null}},"line":1294},"67":{"name":"(anonymous_67)","decl":{"start":{"line":1324,"column":13},"end":{"line":1324,"column":null}},"loc":{"start":{"line":1326,"column":23},"end":{"line":1341,"column":null}},"line":1326},"68":{"name":"(anonymous_68)","decl":{"start":{"line":1343,"column":13},"end":{"line":1343,"column":null}},"loc":{"start":{"line":1345,"column":23},"end":{"line":1373,"column":null}},"line":1345},"69":{"name":"(anonymous_69)","decl":{"start":{"line":1375,"column":13},"end":{"line":1375,"column":null}},"loc":{"start":{"line":1377,"column":28},"end":{"line":1427,"column":null}},"line":1377},"70":{"name":"(anonymous_70)","decl":{"start":{"line":1387,"column":61},"end":{"line":1387,"column":65}},"loc":{"start":{"line":1387,"column":74},"end":{"line":1387,"column":79}},"line":1387},"71":{"name":"(anonymous_71)","decl":{"start":{"line":1387,"column":81},"end":{"line":1387,"column":92}},"loc":{"start":{"line":1387,"column":92},"end":{"line":1419,"column":4}},"line":1387},"72":{"name":"(anonymous_72)","decl":{"start":{"line":1429,"column":13},"end":{"line":1429,"column":null}},"loc":{"start":{"line":1431,"column":27},"end":{"line":1481,"column":null}},"line":1431},"73":{"name":"(anonymous_73)","decl":{"start":{"line":1483,"column":13},"end":{"line":1483,"column":null}},"loc":{"start":{"line":1485,"column":28},"end":{"line":1535,"column":null}},"line":1485},"74":{"name":"(anonymous_74)","decl":{"start":{"line":1495,"column":61},"end":{"line":1495,"column":65}},"loc":{"start":{"line":1495,"column":74},"end":{"line":1495,"column":79}},"line":1495},"75":{"name":"(anonymous_75)","decl":{"start":{"line":1495,"column":81},"end":{"line":1495,"column":92}},"loc":{"start":{"line":1495,"column":92},"end":{"line":1527,"column":4}},"line":1495},"76":{"name":"(anonymous_76)","decl":{"start":{"line":1537,"column":13},"end":{"line":1537,"column":null}},"loc":{"start":{"line":1542,"column":5},"end":{"line":1558,"column":null}},"line":1542},"77":{"name":"(anonymous_77)","decl":{"start":{"line":1545,"column":2},"end":{"line":1545,"column":9}},"loc":{"start":{"line":1545,"column":65},"end":{"line":1555,"column":null}},"line":1545},"78":{"name":"(anonymous_78)","decl":{"start":{"line":1560,"column":13},"end":{"line":1560,"column":null}},"loc":{"start":{"line":1567,"column":5},"end":{"line":1582,"column":null}},"line":1567},"79":{"name":"(anonymous_79)","decl":{"start":{"line":1570,"column":2},"end":{"line":1570,"column":9}},"loc":{"start":{"line":1570,"column":66},"end":{"line":1579,"column":null}},"line":1570},"80":{"name":"(anonymous_80)","decl":{"start":{"line":1584,"column":13},"end":{"line":1584,"column":null}},"loc":{"start":{"line":1591,"column":5},"end":{"line":1606,"column":null}},"line":1591},"81":{"name":"(anonymous_81)","decl":{"start":{"line":1594,"column":2},"end":{"line":1594,"column":9}},"loc":{"start":{"line":1594,"column":66},"end":{"line":1603,"column":null}},"line":1594},"82":{"name":"(anonymous_82)","decl":{"start":{"line":1608,"column":13},"end":{"line":1608,"column":null}},"loc":{"start":{"line":1615,"column":5},"end":{"line":1630,"column":null}},"line":1615},"83":{"name":"(anonymous_83)","decl":{"start":{"line":1618,"column":2},"end":{"line":1618,"column":9}},"loc":{"start":{"line":1618,"column":66},"end":{"line":1627,"column":null}},"line":1618},"84":{"name":"(anonymous_84)","decl":{"start":{"line":1632,"column":13},"end":{"line":1632,"column":null}},"loc":{"start":{"line":1639,"column":5},"end":{"line":1654,"column":null}},"line":1639},"85":{"name":"(anonymous_85)","decl":{"start":{"line":1642,"column":2},"end":{"line":1642,"column":9}},"loc":{"start":{"line":1642,"column":65},"end":{"line":1651,"column":null}},"line":1642},"86":{"name":"(anonymous_86)","decl":{"start":{"line":1656,"column":13},"end":{"line":1656,"column":null}},"loc":{"start":{"line":1663,"column":5},"end":{"line":1678,"column":null}},"line":1663},"87":{"name":"(anonymous_87)","decl":{"start":{"line":1666,"column":2},"end":{"line":1666,"column":9}},"loc":{"start":{"line":1666,"column":65},"end":{"line":1675,"column":null}},"line":1666},"88":{"name":"(anonymous_88)","decl":{"start":{"line":1680,"column":13},"end":{"line":1680,"column":null}},"loc":{"start":{"line":1687,"column":5},"end":{"line":1702,"column":null}},"line":1687},"89":{"name":"(anonymous_89)","decl":{"start":{"line":1690,"column":2},"end":{"line":1690,"column":9}},"loc":{"start":{"line":1690,"column":65},"end":{"line":1699,"column":null}},"line":1690},"90":{"name":"(anonymous_90)","decl":{"start":{"line":1704,"column":13},"end":{"line":1704,"column":null}},"loc":{"start":{"line":1711,"column":5},"end":{"line":1726,"column":null}},"line":1711},"91":{"name":"(anonymous_91)","decl":{"start":{"line":1714,"column":2},"end":{"line":1714,"column":9}},"loc":{"start":{"line":1714,"column":66},"end":{"line":1723,"column":null}},"line":1714},"92":{"name":"(anonymous_92)","decl":{"start":{"line":1728,"column":13},"end":{"line":1728,"column":null}},"loc":{"start":{"line":1735,"column":5},"end":{"line":1750,"column":null}},"line":1735},"93":{"name":"(anonymous_93)","decl":{"start":{"line":1738,"column":2},"end":{"line":1738,"column":9}},"loc":{"start":{"line":1738,"column":65},"end":{"line":1747,"column":null}},"line":1738},"94":{"name":"(anonymous_94)","decl":{"start":{"line":1752,"column":13},"end":{"line":1752,"column":null}},"loc":{"start":{"line":1759,"column":5},"end":{"line":1774,"column":null}},"line":1759},"95":{"name":"(anonymous_95)","decl":{"start":{"line":1762,"column":2},"end":{"line":1762,"column":9}},"loc":{"start":{"line":1762,"column":65},"end":{"line":1771,"column":null}},"line":1762},"96":{"name":"(anonymous_96)","decl":{"start":{"line":1776,"column":13},"end":{"line":1776,"column":null}},"loc":{"start":{"line":1783,"column":5},"end":{"line":1798,"column":null}},"line":1783},"97":{"name":"(anonymous_97)","decl":{"start":{"line":1786,"column":2},"end":{"line":1786,"column":9}},"loc":{"start":{"line":1786,"column":68},"end":{"line":1795,"column":null}},"line":1786},"98":{"name":"(anonymous_98)","decl":{"start":{"line":1800,"column":13},"end":{"line":1800,"column":null}},"loc":{"start":{"line":1807,"column":5},"end":{"line":1822,"column":null}},"line":1807},"99":{"name":"(anonymous_99)","decl":{"start":{"line":1810,"column":2},"end":{"line":1810,"column":9}},"loc":{"start":{"line":1810,"column":67},"end":{"line":1819,"column":null}},"line":1810},"100":{"name":"(anonymous_100)","decl":{"start":{"line":1824,"column":13},"end":{"line":1824,"column":null}},"loc":{"start":{"line":1831,"column":5},"end":{"line":1846,"column":null}},"line":1831},"101":{"name":"(anonymous_101)","decl":{"start":{"line":1834,"column":2},"end":{"line":1834,"column":9}},"loc":{"start":{"line":1834,"column":67},"end":{"line":1843,"column":null}},"line":1834},"102":{"name":"(anonymous_102)","decl":{"start":{"line":1848,"column":13},"end":{"line":1848,"column":null}},"loc":{"start":{"line":1855,"column":5},"end":{"line":1870,"column":null}},"line":1855},"103":{"name":"(anonymous_103)","decl":{"start":{"line":1858,"column":2},"end":{"line":1858,"column":9}},"loc":{"start":{"line":1858,"column":67},"end":{"line":1867,"column":null}},"line":1858},"104":{"name":"(anonymous_104)","decl":{"start":{"line":1872,"column":13},"end":{"line":1872,"column":null}},"loc":{"start":{"line":1879,"column":5},"end":{"line":1894,"column":null}},"line":1879},"105":{"name":"(anonymous_105)","decl":{"start":{"line":1882,"column":2},"end":{"line":1882,"column":9}},"loc":{"start":{"line":1882,"column":65},"end":{"line":1891,"column":null}},"line":1882},"106":{"name":"(anonymous_106)","decl":{"start":{"line":1896,"column":13},"end":{"line":1896,"column":null}},"loc":{"start":{"line":1903,"column":5},"end":{"line":1918,"column":null}},"line":1903},"107":{"name":"(anonymous_107)","decl":{"start":{"line":1906,"column":2},"end":{"line":1906,"column":9}},"loc":{"start":{"line":1906,"column":66},"end":{"line":1915,"column":null}},"line":1906},"108":{"name":"(anonymous_108)","decl":{"start":{"line":1920,"column":13},"end":{"line":1920,"column":null}},"loc":{"start":{"line":1927,"column":5},"end":{"line":1942,"column":null}},"line":1927},"109":{"name":"(anonymous_109)","decl":{"start":{"line":1930,"column":2},"end":{"line":1930,"column":9}},"loc":{"start":{"line":1930,"column":66},"end":{"line":1939,"column":null}},"line":1930},"110":{"name":"(anonymous_110)","decl":{"start":{"line":1944,"column":13},"end":{"line":1944,"column":null}},"loc":{"start":{"line":1951,"column":5},"end":{"line":1966,"column":null}},"line":1951},"111":{"name":"(anonymous_111)","decl":{"start":{"line":1954,"column":2},"end":{"line":1954,"column":9}},"loc":{"start":{"line":1954,"column":66},"end":{"line":1963,"column":null}},"line":1954},"112":{"name":"(anonymous_112)","decl":{"start":{"line":1968,"column":13},"end":{"line":1968,"column":null}},"loc":{"start":{"line":1975,"column":5},"end":{"line":1990,"column":null}},"line":1975},"113":{"name":"(anonymous_113)","decl":{"start":{"line":1978,"column":2},"end":{"line":1978,"column":9}},"loc":{"start":{"line":1978,"column":65},"end":{"line":1987,"column":null}},"line":1978},"114":{"name":"(anonymous_114)","decl":{"start":{"line":1992,"column":13},"end":{"line":1992,"column":null}},"loc":{"start":{"line":1999,"column":5},"end":{"line":2014,"column":null}},"line":1999},"115":{"name":"(anonymous_115)","decl":{"start":{"line":2002,"column":2},"end":{"line":2002,"column":9}},"loc":{"start":{"line":2002,"column":68},"end":{"line":2011,"column":null}},"line":2002},"116":{"name":"(anonymous_116)","decl":{"start":{"line":2016,"column":13},"end":{"line":2016,"column":null}},"loc":{"start":{"line":2023,"column":5},"end":{"line":2038,"column":null}},"line":2023},"117":{"name":"(anonymous_117)","decl":{"start":{"line":2026,"column":2},"end":{"line":2026,"column":9}},"loc":{"start":{"line":2026,"column":65},"end":{"line":2035,"column":null}},"line":2026},"118":{"name":"(anonymous_118)","decl":{"start":{"line":2040,"column":13},"end":{"line":2040,"column":null}},"loc":{"start":{"line":2047,"column":5},"end":{"line":2062,"column":null}},"line":2047},"119":{"name":"(anonymous_119)","decl":{"start":{"line":2050,"column":2},"end":{"line":2050,"column":9}},"loc":{"start":{"line":2050,"column":66},"end":{"line":2059,"column":null}},"line":2050},"120":{"name":"(anonymous_120)","decl":{"start":{"line":2064,"column":13},"end":{"line":2064,"column":null}},"loc":{"start":{"line":2071,"column":5},"end":{"line":2086,"column":null}},"line":2071},"121":{"name":"(anonymous_121)","decl":{"start":{"line":2074,"column":2},"end":{"line":2074,"column":9}},"loc":{"start":{"line":2074,"column":65},"end":{"line":2083,"column":null}},"line":2074},"122":{"name":"(anonymous_122)","decl":{"start":{"line":2088,"column":13},"end":{"line":2088,"column":null}},"loc":{"start":{"line":2095,"column":5},"end":{"line":2110,"column":null}},"line":2095},"123":{"name":"(anonymous_123)","decl":{"start":{"line":2098,"column":2},"end":{"line":2098,"column":9}},"loc":{"start":{"line":2098,"column":65},"end":{"line":2107,"column":null}},"line":2098},"124":{"name":"(anonymous_124)","decl":{"start":{"line":2112,"column":13},"end":{"line":2112,"column":null}},"loc":{"start":{"line":2119,"column":5},"end":{"line":2134,"column":null}},"line":2119},"125":{"name":"(anonymous_125)","decl":{"start":{"line":2122,"column":2},"end":{"line":2122,"column":9}},"loc":{"start":{"line":2122,"column":68},"end":{"line":2131,"column":null}},"line":2122},"126":{"name":"(anonymous_126)","decl":{"start":{"line":2136,"column":13},"end":{"line":2136,"column":null}},"loc":{"start":{"line":2143,"column":5},"end":{"line":2158,"column":null}},"line":2143},"127":{"name":"(anonymous_127)","decl":{"start":{"line":2146,"column":2},"end":{"line":2146,"column":9}},"loc":{"start":{"line":2146,"column":65},"end":{"line":2155,"column":null}},"line":2146},"128":{"name":"(anonymous_128)","decl":{"start":{"line":2160,"column":13},"end":{"line":2160,"column":null}},"loc":{"start":{"line":2167,"column":5},"end":{"line":2182,"column":null}},"line":2167},"129":{"name":"(anonymous_129)","decl":{"start":{"line":2170,"column":2},"end":{"line":2170,"column":9}},"loc":{"start":{"line":2170,"column":66},"end":{"line":2179,"column":null}},"line":2170},"130":{"name":"(anonymous_130)","decl":{"start":{"line":2184,"column":13},"end":{"line":2184,"column":null}},"loc":{"start":{"line":2189,"column":5},"end":{"line":2204,"column":null}},"line":2189},"131":{"name":"(anonymous_131)","decl":{"start":{"line":2192,"column":2},"end":{"line":2192,"column":9}},"loc":{"start":{"line":2192,"column":65},"end":{"line":2201,"column":null}},"line":2192},"132":{"name":"(anonymous_132)","decl":{"start":{"line":2206,"column":13},"end":{"line":2206,"column":null}},"loc":{"start":{"line":2211,"column":5},"end":{"line":2226,"column":null}},"line":2211},"133":{"name":"(anonymous_133)","decl":{"start":{"line":2214,"column":2},"end":{"line":2214,"column":9}},"loc":{"start":{"line":2214,"column":65},"end":{"line":2223,"column":null}},"line":2214},"134":{"name":"(anonymous_134)","decl":{"start":{"line":2228,"column":13},"end":{"line":2228,"column":null}},"loc":{"start":{"line":2235,"column":5},"end":{"line":2250,"column":null}},"line":2235},"135":{"name":"(anonymous_135)","decl":{"start":{"line":2238,"column":2},"end":{"line":2238,"column":9}},"loc":{"start":{"line":2238,"column":68},"end":{"line":2247,"column":null}},"line":2238},"136":{"name":"(anonymous_136)","decl":{"start":{"line":2252,"column":13},"end":{"line":2252,"column":null}},"loc":{"start":{"line":2259,"column":5},"end":{"line":2274,"column":null}},"line":2259},"137":{"name":"(anonymous_137)","decl":{"start":{"line":2262,"column":2},"end":{"line":2262,"column":9}},"loc":{"start":{"line":2262,"column":65},"end":{"line":2271,"column":null}},"line":2262},"138":{"name":"(anonymous_138)","decl":{"start":{"line":2276,"column":13},"end":{"line":2276,"column":null}},"loc":{"start":{"line":2283,"column":5},"end":{"line":2298,"column":null}},"line":2283},"139":{"name":"(anonymous_139)","decl":{"start":{"line":2286,"column":2},"end":{"line":2286,"column":9}},"loc":{"start":{"line":2286,"column":66},"end":{"line":2295,"column":null}},"line":2286},"140":{"name":"(anonymous_140)","decl":{"start":{"line":2300,"column":13},"end":{"line":2300,"column":null}},"loc":{"start":{"line":2307,"column":5},"end":{"line":2322,"column":null}},"line":2307},"141":{"name":"(anonymous_141)","decl":{"start":{"line":2310,"column":2},"end":{"line":2310,"column":9}},"loc":{"start":{"line":2310,"column":65},"end":{"line":2319,"column":null}},"line":2310},"142":{"name":"(anonymous_142)","decl":{"start":{"line":2324,"column":13},"end":{"line":2324,"column":null}},"loc":{"start":{"line":2331,"column":5},"end":{"line":2346,"column":null}},"line":2331},"143":{"name":"(anonymous_143)","decl":{"start":{"line":2334,"column":2},"end":{"line":2334,"column":9}},"loc":{"start":{"line":2334,"column":65},"end":{"line":2343,"column":null}},"line":2334},"144":{"name":"(anonymous_144)","decl":{"start":{"line":2348,"column":13},"end":{"line":2348,"column":null}},"loc":{"start":{"line":2355,"column":5},"end":{"line":2370,"column":null}},"line":2355},"145":{"name":"(anonymous_145)","decl":{"start":{"line":2358,"column":2},"end":{"line":2358,"column":9}},"loc":{"start":{"line":2358,"column":65},"end":{"line":2367,"column":null}},"line":2358},"146":{"name":"(anonymous_146)","decl":{"start":{"line":2372,"column":13},"end":{"line":2372,"column":null}},"loc":{"start":{"line":2379,"column":5},"end":{"line":2394,"column":null}},"line":2379},"147":{"name":"(anonymous_147)","decl":{"start":{"line":2382,"column":2},"end":{"line":2382,"column":9}},"loc":{"start":{"line":2382,"column":68},"end":{"line":2391,"column":null}},"line":2382},"148":{"name":"(anonymous_148)","decl":{"start":{"line":2396,"column":13},"end":{"line":2396,"column":null}},"loc":{"start":{"line":2403,"column":5},"end":{"line":2418,"column":null}},"line":2403},"149":{"name":"(anonymous_149)","decl":{"start":{"line":2406,"column":2},"end":{"line":2406,"column":9}},"loc":{"start":{"line":2406,"column":67},"end":{"line":2415,"column":null}},"line":2406},"150":{"name":"(anonymous_150)","decl":{"start":{"line":2420,"column":13},"end":{"line":2420,"column":null}},"loc":{"start":{"line":2427,"column":5},"end":{"line":2442,"column":null}},"line":2427},"151":{"name":"(anonymous_151)","decl":{"start":{"line":2430,"column":2},"end":{"line":2430,"column":9}},"loc":{"start":{"line":2430,"column":65},"end":{"line":2439,"column":null}},"line":2430},"152":{"name":"(anonymous_152)","decl":{"start":{"line":2444,"column":13},"end":{"line":2444,"column":null}},"loc":{"start":{"line":2451,"column":5},"end":{"line":2466,"column":null}},"line":2451},"153":{"name":"(anonymous_153)","decl":{"start":{"line":2454,"column":2},"end":{"line":2454,"column":9}},"loc":{"start":{"line":2454,"column":65},"end":{"line":2463,"column":null}},"line":2454},"154":{"name":"(anonymous_154)","decl":{"start":{"line":2468,"column":13},"end":{"line":2468,"column":null}},"loc":{"start":{"line":2475,"column":5},"end":{"line":2490,"column":null}},"line":2475},"155":{"name":"(anonymous_155)","decl":{"start":{"line":2478,"column":2},"end":{"line":2478,"column":9}},"loc":{"start":{"line":2478,"column":65},"end":{"line":2487,"column":null}},"line":2478},"156":{"name":"(anonymous_156)","decl":{"start":{"line":2491,"column":13},"end":{"line":2491,"column":52}},"loc":{"start":{"line":2491,"column":52},"end":{"line":2532,"column":null}},"line":2491}},"branchMap":{"0":{"loc":{"start":{"line":26,"column":1},"end":{"line":26,"column":null}},"type":"default-arg","locations":[{"start":{"line":26,"column":63},"end":{"line":26,"column":null}}],"line":26},"1":{"loc":{"start":{"line":45,"column":1},"end":{"line":45,"column":null}},"type":"default-arg","locations":[{"start":{"line":45,"column":61},"end":{"line":45,"column":null}}],"line":45},"2":{"loc":{"start":{"line":89,"column":1},"end":{"line":89,"column":null}},"type":"default-arg","locations":[{"start":{"line":89,"column":63},"end":{"line":89,"column":null}}],"line":89},"3":{"loc":{"start":{"line":108,"column":1},"end":{"line":108,"column":null}},"type":"default-arg","locations":[{"start":{"line":108,"column":60},"end":{"line":108,"column":null}}],"line":108},"4":{"loc":{"start":{"line":143,"column":1},"end":{"line":143,"column":null}},"type":"default-arg","locations":[{"start":{"line":143,"column":60},"end":{"line":143,"column":null}}],"line":143},"5":{"loc":{"start":{"line":178,"column":1},"end":{"line":178,"column":null}},"type":"default-arg","locations":[{"start":{"line":178,"column":65},"end":{"line":178,"column":null}}],"line":178},"6":{"loc":{"start":{"line":291,"column":1},"end":{"line":291,"column":null}},"type":"default-arg","locations":[{"start":{"line":291,"column":60},"end":{"line":291,"column":null}}],"line":291},"7":{"loc":{"start":{"line":378,"column":1},"end":{"line":378,"column":null}},"type":"default-arg","locations":[{"start":{"line":378,"column":60},"end":{"line":378,"column":null}}],"line":378},"8":{"loc":{"start":{"line":465,"column":1},"end":{"line":465,"column":null}},"type":"default-arg","locations":[{"start":{"line":465,"column":60},"end":{"line":465,"column":null}}],"line":465},"9":{"loc":{"start":{"line":552,"column":1},"end":{"line":552,"column":null}},"type":"default-arg","locations":[{"start":{"line":552,"column":63},"end":{"line":552,"column":null}}],"line":552},"10":{"loc":{"start":{"line":571,"column":1},"end":{"line":571,"column":null}},"type":"default-arg","locations":[{"start":{"line":571,"column":63},"end":{"line":571,"column":null}}],"line":571},"11":{"loc":{"start":{"line":590,"column":1},"end":{"line":590,"column":null}},"type":"default-arg","locations":[{"start":{"line":590,"column":63},"end":{"line":590,"column":null}}],"line":590},"12":{"loc":{"start":{"line":609,"column":1},"end":{"line":609,"column":null}},"type":"default-arg","locations":[{"start":{"line":609,"column":63},"end":{"line":609,"column":null}}],"line":609},"13":{"loc":{"start":{"line":628,"column":1},"end":{"line":628,"column":null}},"type":"default-arg","locations":[{"start":{"line":628,"column":65},"end":{"line":628,"column":null}}],"line":628},"14":{"loc":{"start":{"line":664,"column":1},"end":{"line":664,"column":null}},"type":"default-arg","locations":[{"start":{"line":664,"column":63},"end":{"line":664,"column":null}}],"line":664},"15":{"loc":{"start":{"line":683,"column":1},"end":{"line":683,"column":null}},"type":"default-arg","locations":[{"start":{"line":683,"column":63},"end":{"line":683,"column":null}}],"line":683},"16":{"loc":{"start":{"line":702,"column":1},"end":{"line":702,"column":null}},"type":"default-arg","locations":[{"start":{"line":702,"column":63},"end":{"line":702,"column":null}}],"line":702},"17":{"loc":{"start":{"line":721,"column":1},"end":{"line":721,"column":null}},"type":"default-arg","locations":[{"start":{"line":721,"column":60},"end":{"line":721,"column":null}}],"line":721},"18":{"loc":{"start":{"line":755,"column":1},"end":{"line":755,"column":null}},"type":"default-arg","locations":[{"start":{"line":755,"column":63},"end":{"line":755,"column":null}}],"line":755},"19":{"loc":{"start":{"line":774,"column":1},"end":{"line":774,"column":null}},"type":"default-arg","locations":[{"start":{"line":774,"column":66},"end":{"line":774,"column":null}}],"line":774},"20":{"loc":{"start":{"line":808,"column":1},"end":{"line":808,"column":null}},"type":"default-arg","locations":[{"start":{"line":808,"column":64},"end":{"line":808,"column":null}}],"line":808},"21":{"loc":{"start":{"line":842,"column":1},"end":{"line":842,"column":null}},"type":"default-arg","locations":[{"start":{"line":842,"column":64},"end":{"line":842,"column":null}}],"line":842},"22":{"loc":{"start":{"line":876,"column":1},"end":{"line":876,"column":null}},"type":"default-arg","locations":[{"start":{"line":876,"column":64},"end":{"line":876,"column":null}}],"line":876},"23":{"loc":{"start":{"line":910,"column":1},"end":{"line":910,"column":null}},"type":"default-arg","locations":[{"start":{"line":910,"column":63},"end":{"line":910,"column":null}}],"line":910},"24":{"loc":{"start":{"line":929,"column":1},"end":{"line":929,"column":null}},"type":"default-arg","locations":[{"start":{"line":929,"column":60},"end":{"line":929,"column":null}}],"line":929},"25":{"loc":{"start":{"line":963,"column":1},"end":{"line":963,"column":null}},"type":"default-arg","locations":[{"start":{"line":963,"column":59},"end":{"line":963,"column":null}}],"line":963},"26":{"loc":{"start":{"line":997,"column":1},"end":{"line":997,"column":null}},"type":"default-arg","locations":[{"start":{"line":997,"column":59},"end":{"line":997,"column":null}}],"line":997},"27":{"loc":{"start":{"line":1031,"column":1},"end":{"line":1031,"column":null}},"type":"default-arg","locations":[{"start":{"line":1031,"column":59},"end":{"line":1031,"column":null}}],"line":1031},"28":{"loc":{"start":{"line":1065,"column":1},"end":{"line":1065,"column":null}},"type":"default-arg","locations":[{"start":{"line":1065,"column":63},"end":{"line":1065,"column":null}}],"line":1065},"29":{"loc":{"start":{"line":1084,"column":1},"end":{"line":1084,"column":null}},"type":"default-arg","locations":[{"start":{"line":1084,"column":65},"end":{"line":1084,"column":null}}],"line":1084},"30":{"loc":{"start":{"line":1197,"column":1},"end":{"line":1197,"column":null}},"type":"default-arg","locations":[{"start":{"line":1197,"column":63},"end":{"line":1197,"column":null}}],"line":1197},"31":{"loc":{"start":{"line":1229,"column":1},"end":{"line":1229,"column":null}},"type":"default-arg","locations":[{"start":{"line":1229,"column":64},"end":{"line":1229,"column":null}}],"line":1229},"32":{"loc":{"start":{"line":1261,"column":1},"end":{"line":1261,"column":null}},"type":"default-arg","locations":[{"start":{"line":1261,"column":63},"end":{"line":1261,"column":null}}],"line":1261},"33":{"loc":{"start":{"line":1293,"column":1},"end":{"line":1293,"column":null}},"type":"default-arg","locations":[{"start":{"line":1293,"column":63},"end":{"line":1293,"column":null}}],"line":1293},"34":{"loc":{"start":{"line":1325,"column":1},"end":{"line":1325,"column":null}},"type":"default-arg","locations":[{"start":{"line":1325,"column":63},"end":{"line":1325,"column":null}}],"line":1325},"35":{"loc":{"start":{"line":1344,"column":1},"end":{"line":1344,"column":null}},"type":"default-arg","locations":[{"start":{"line":1344,"column":63},"end":{"line":1344,"column":null}}],"line":1344},"36":{"loc":{"start":{"line":1376,"column":1},"end":{"line":1376,"column":null}},"type":"default-arg","locations":[{"start":{"line":1376,"column":68},"end":{"line":1376,"column":null}}],"line":1376},"37":{"loc":{"start":{"line":1430,"column":1},"end":{"line":1430,"column":null}},"type":"default-arg","locations":[{"start":{"line":1430,"column":67},"end":{"line":1430,"column":null}}],"line":1430},"38":{"loc":{"start":{"line":1484,"column":1},"end":{"line":1484,"column":null}},"type":"default-arg","locations":[{"start":{"line":1484,"column":68},"end":{"line":1484,"column":null}}],"line":1484},"39":{"loc":{"start":{"line":1547,"column":4},"end":{"line":1551,"column":null}},"type":"cond-expr","locations":[{"start":{"line":1548,"column":7},"end":{"line":1550,"column":null}},{"start":{"line":1551,"column":7},"end":{"line":1551,"column":null}}],"line":1547},"40":{"loc":{"start":{"line":1548,"column":7},"end":{"line":1550,"column":null}},"type":"cond-expr","locations":[{"start":{"line":1549,"column":8},"end":{"line":1549,"column":null}},{"start":{"line":1550,"column":8},"end":{"line":1550,"column":null}}],"line":1548},"41":{"loc":{"start":{"line":1553,"column":4},"end":{"line":1553,"column":null}},"type":"cond-expr","locations":[{"start":{"line":1553,"column":39},"end":{"line":1553,"column":54}},{"start":{"line":1553,"column":54},"end":{"line":1553,"column":null}}],"line":1553},"42":{"loc":{"start":{"line":1553,"column":69},"end":{"line":1553,"column":89}},"type":"binary-expr","locations":[{"start":{"line":1553,"column":69},"end":{"line":1553,"column":85}},{"start":{"line":1553,"column":85},"end":{"line":1553,"column":89}}],"line":1553},"43":{"loc":{"start":{"line":1572,"column":4},"end":{"line":1576,"column":null}},"type":"cond-expr","locations":[{"start":{"line":1573,"column":7},"end":{"line":1575,"column":null}},{"start":{"line":1576,"column":7},"end":{"line":1576,"column":null}}],"line":1572},"44":{"loc":{"start":{"line":1573,"column":7},"end":{"line":1575,"column":null}},"type":"cond-expr","locations":[{"start":{"line":1574,"column":8},"end":{"line":1574,"column":null}},{"start":{"line":1575,"column":8},"end":{"line":1575,"column":null}}],"line":1573},"45":{"loc":{"start":{"line":1596,"column":4},"end":{"line":1600,"column":null}},"type":"cond-expr","locations":[{"start":{"line":1597,"column":7},"end":{"line":1599,"column":null}},{"start":{"line":1600,"column":7},"end":{"line":1600,"column":null}}],"line":1596},"46":{"loc":{"start":{"line":1597,"column":7},"end":{"line":1599,"column":null}},"type":"cond-expr","locations":[{"start":{"line":1598,"column":8},"end":{"line":1598,"column":null}},{"start":{"line":1599,"column":8},"end":{"line":1599,"column":null}}],"line":1597},"47":{"loc":{"start":{"line":1620,"column":4},"end":{"line":1624,"column":null}},"type":"cond-expr","locations":[{"start":{"line":1621,"column":7},"end":{"line":1623,"column":null}},{"start":{"line":1624,"column":7},"end":{"line":1624,"column":null}}],"line":1620},"48":{"loc":{"start":{"line":1621,"column":7},"end":{"line":1623,"column":null}},"type":"cond-expr","locations":[{"start":{"line":1622,"column":8},"end":{"line":1622,"column":null}},{"start":{"line":1623,"column":8},"end":{"line":1623,"column":null}}],"line":1621},"49":{"loc":{"start":{"line":1644,"column":4},"end":{"line":1648,"column":null}},"type":"cond-expr","locations":[{"start":{"line":1645,"column":7},"end":{"line":1647,"column":null}},{"start":{"line":1648,"column":7},"end":{"line":1648,"column":null}}],"line":1644},"50":{"loc":{"start":{"line":1645,"column":7},"end":{"line":1647,"column":null}},"type":"cond-expr","locations":[{"start":{"line":1646,"column":8},"end":{"line":1646,"column":null}},{"start":{"line":1647,"column":8},"end":{"line":1647,"column":null}}],"line":1645},"51":{"loc":{"start":{"line":1668,"column":4},"end":{"line":1672,"column":null}},"type":"cond-expr","locations":[{"start":{"line":1669,"column":7},"end":{"line":1671,"column":null}},{"start":{"line":1672,"column":7},"end":{"line":1672,"column":null}}],"line":1668},"52":{"loc":{"start":{"line":1669,"column":7},"end":{"line":1671,"column":null}},"type":"cond-expr","locations":[{"start":{"line":1670,"column":8},"end":{"line":1670,"column":null}},{"start":{"line":1671,"column":8},"end":{"line":1671,"column":null}}],"line":1669},"53":{"loc":{"start":{"line":1692,"column":4},"end":{"line":1696,"column":null}},"type":"cond-expr","locations":[{"start":{"line":1693,"column":7},"end":{"line":1695,"column":null}},{"start":{"line":1696,"column":7},"end":{"line":1696,"column":null}}],"line":1692},"54":{"loc":{"start":{"line":1693,"column":7},"end":{"line":1695,"column":null}},"type":"cond-expr","locations":[{"start":{"line":1694,"column":8},"end":{"line":1694,"column":null}},{"start":{"line":1695,"column":8},"end":{"line":1695,"column":null}}],"line":1693},"55":{"loc":{"start":{"line":1716,"column":4},"end":{"line":1720,"column":null}},"type":"cond-expr","locations":[{"start":{"line":1717,"column":7},"end":{"line":1719,"column":null}},{"start":{"line":1720,"column":7},"end":{"line":1720,"column":null}}],"line":1716},"56":{"loc":{"start":{"line":1717,"column":7},"end":{"line":1719,"column":null}},"type":"cond-expr","locations":[{"start":{"line":1718,"column":8},"end":{"line":1718,"column":null}},{"start":{"line":1719,"column":8},"end":{"line":1719,"column":null}}],"line":1717},"57":{"loc":{"start":{"line":1740,"column":4},"end":{"line":1744,"column":null}},"type":"cond-expr","locations":[{"start":{"line":1741,"column":7},"end":{"line":1743,"column":null}},{"start":{"line":1744,"column":7},"end":{"line":1744,"column":null}}],"line":1740},"58":{"loc":{"start":{"line":1741,"column":7},"end":{"line":1743,"column":null}},"type":"cond-expr","locations":[{"start":{"line":1742,"column":8},"end":{"line":1742,"column":null}},{"start":{"line":1743,"column":8},"end":{"line":1743,"column":null}}],"line":1741},"59":{"loc":{"start":{"line":1764,"column":4},"end":{"line":1768,"column":null}},"type":"cond-expr","locations":[{"start":{"line":1765,"column":7},"end":{"line":1767,"column":null}},{"start":{"line":1768,"column":7},"end":{"line":1768,"column":null}}],"line":1764},"60":{"loc":{"start":{"line":1765,"column":7},"end":{"line":1767,"column":null}},"type":"cond-expr","locations":[{"start":{"line":1766,"column":8},"end":{"line":1766,"column":null}},{"start":{"line":1767,"column":8},"end":{"line":1767,"column":null}}],"line":1765},"61":{"loc":{"start":{"line":1788,"column":4},"end":{"line":1792,"column":null}},"type":"cond-expr","locations":[{"start":{"line":1789,"column":7},"end":{"line":1791,"column":null}},{"start":{"line":1792,"column":7},"end":{"line":1792,"column":null}}],"line":1788},"62":{"loc":{"start":{"line":1789,"column":7},"end":{"line":1791,"column":null}},"type":"cond-expr","locations":[{"start":{"line":1790,"column":8},"end":{"line":1790,"column":null}},{"start":{"line":1791,"column":8},"end":{"line":1791,"column":null}}],"line":1789},"63":{"loc":{"start":{"line":1812,"column":4},"end":{"line":1816,"column":null}},"type":"cond-expr","locations":[{"start":{"line":1813,"column":7},"end":{"line":1815,"column":null}},{"start":{"line":1816,"column":7},"end":{"line":1816,"column":null}}],"line":1812},"64":{"loc":{"start":{"line":1813,"column":7},"end":{"line":1815,"column":null}},"type":"cond-expr","locations":[{"start":{"line":1814,"column":8},"end":{"line":1814,"column":null}},{"start":{"line":1815,"column":8},"end":{"line":1815,"column":null}}],"line":1813},"65":{"loc":{"start":{"line":1836,"column":4},"end":{"line":1840,"column":null}},"type":"cond-expr","locations":[{"start":{"line":1837,"column":7},"end":{"line":1839,"column":null}},{"start":{"line":1840,"column":7},"end":{"line":1840,"column":null}}],"line":1836},"66":{"loc":{"start":{"line":1837,"column":7},"end":{"line":1839,"column":null}},"type":"cond-expr","locations":[{"start":{"line":1838,"column":8},"end":{"line":1838,"column":null}},{"start":{"line":1839,"column":8},"end":{"line":1839,"column":null}}],"line":1837},"67":{"loc":{"start":{"line":1860,"column":4},"end":{"line":1864,"column":null}},"type":"cond-expr","locations":[{"start":{"line":1861,"column":7},"end":{"line":1863,"column":null}},{"start":{"line":1864,"column":7},"end":{"line":1864,"column":null}}],"line":1860},"68":{"loc":{"start":{"line":1861,"column":7},"end":{"line":1863,"column":null}},"type":"cond-expr","locations":[{"start":{"line":1862,"column":8},"end":{"line":1862,"column":null}},{"start":{"line":1863,"column":8},"end":{"line":1863,"column":null}}],"line":1861},"69":{"loc":{"start":{"line":1884,"column":4},"end":{"line":1888,"column":null}},"type":"cond-expr","locations":[{"start":{"line":1885,"column":7},"end":{"line":1887,"column":null}},{"start":{"line":1888,"column":7},"end":{"line":1888,"column":null}}],"line":1884},"70":{"loc":{"start":{"line":1885,"column":7},"end":{"line":1887,"column":null}},"type":"cond-expr","locations":[{"start":{"line":1886,"column":8},"end":{"line":1886,"column":null}},{"start":{"line":1887,"column":8},"end":{"line":1887,"column":null}}],"line":1885},"71":{"loc":{"start":{"line":1908,"column":4},"end":{"line":1912,"column":null}},"type":"cond-expr","locations":[{"start":{"line":1909,"column":7},"end":{"line":1911,"column":null}},{"start":{"line":1912,"column":7},"end":{"line":1912,"column":null}}],"line":1908},"72":{"loc":{"start":{"line":1909,"column":7},"end":{"line":1911,"column":null}},"type":"cond-expr","locations":[{"start":{"line":1910,"column":8},"end":{"line":1910,"column":null}},{"start":{"line":1911,"column":8},"end":{"line":1911,"column":null}}],"line":1909},"73":{"loc":{"start":{"line":1932,"column":4},"end":{"line":1936,"column":null}},"type":"cond-expr","locations":[{"start":{"line":1933,"column":7},"end":{"line":1935,"column":null}},{"start":{"line":1936,"column":7},"end":{"line":1936,"column":null}}],"line":1932},"74":{"loc":{"start":{"line":1933,"column":7},"end":{"line":1935,"column":null}},"type":"cond-expr","locations":[{"start":{"line":1934,"column":8},"end":{"line":1934,"column":null}},{"start":{"line":1935,"column":8},"end":{"line":1935,"column":null}}],"line":1933},"75":{"loc":{"start":{"line":1956,"column":4},"end":{"line":1960,"column":null}},"type":"cond-expr","locations":[{"start":{"line":1957,"column":7},"end":{"line":1959,"column":null}},{"start":{"line":1960,"column":7},"end":{"line":1960,"column":null}}],"line":1956},"76":{"loc":{"start":{"line":1957,"column":7},"end":{"line":1959,"column":null}},"type":"cond-expr","locations":[{"start":{"line":1958,"column":8},"end":{"line":1958,"column":null}},{"start":{"line":1959,"column":8},"end":{"line":1959,"column":null}}],"line":1957},"77":{"loc":{"start":{"line":1980,"column":4},"end":{"line":1984,"column":null}},"type":"cond-expr","locations":[{"start":{"line":1981,"column":7},"end":{"line":1983,"column":null}},{"start":{"line":1984,"column":7},"end":{"line":1984,"column":null}}],"line":1980},"78":{"loc":{"start":{"line":1981,"column":7},"end":{"line":1983,"column":null}},"type":"cond-expr","locations":[{"start":{"line":1982,"column":8},"end":{"line":1982,"column":null}},{"start":{"line":1983,"column":8},"end":{"line":1983,"column":null}}],"line":1981},"79":{"loc":{"start":{"line":2004,"column":4},"end":{"line":2008,"column":null}},"type":"cond-expr","locations":[{"start":{"line":2005,"column":7},"end":{"line":2007,"column":null}},{"start":{"line":2008,"column":7},"end":{"line":2008,"column":null}}],"line":2004},"80":{"loc":{"start":{"line":2005,"column":7},"end":{"line":2007,"column":null}},"type":"cond-expr","locations":[{"start":{"line":2006,"column":8},"end":{"line":2006,"column":null}},{"start":{"line":2007,"column":8},"end":{"line":2007,"column":null}}],"line":2005},"81":{"loc":{"start":{"line":2028,"column":4},"end":{"line":2032,"column":null}},"type":"cond-expr","locations":[{"start":{"line":2029,"column":7},"end":{"line":2031,"column":null}},{"start":{"line":2032,"column":7},"end":{"line":2032,"column":null}}],"line":2028},"82":{"loc":{"start":{"line":2029,"column":7},"end":{"line":2031,"column":null}},"type":"cond-expr","locations":[{"start":{"line":2030,"column":8},"end":{"line":2030,"column":null}},{"start":{"line":2031,"column":8},"end":{"line":2031,"column":null}}],"line":2029},"83":{"loc":{"start":{"line":2052,"column":4},"end":{"line":2056,"column":null}},"type":"cond-expr","locations":[{"start":{"line":2053,"column":7},"end":{"line":2055,"column":null}},{"start":{"line":2056,"column":7},"end":{"line":2056,"column":null}}],"line":2052},"84":{"loc":{"start":{"line":2053,"column":7},"end":{"line":2055,"column":null}},"type":"cond-expr","locations":[{"start":{"line":2054,"column":8},"end":{"line":2054,"column":null}},{"start":{"line":2055,"column":8},"end":{"line":2055,"column":null}}],"line":2053},"85":{"loc":{"start":{"line":2076,"column":4},"end":{"line":2080,"column":null}},"type":"cond-expr","locations":[{"start":{"line":2077,"column":7},"end":{"line":2079,"column":null}},{"start":{"line":2080,"column":7},"end":{"line":2080,"column":null}}],"line":2076},"86":{"loc":{"start":{"line":2077,"column":7},"end":{"line":2079,"column":null}},"type":"cond-expr","locations":[{"start":{"line":2078,"column":8},"end":{"line":2078,"column":null}},{"start":{"line":2079,"column":8},"end":{"line":2079,"column":null}}],"line":2077},"87":{"loc":{"start":{"line":2100,"column":4},"end":{"line":2104,"column":null}},"type":"cond-expr","locations":[{"start":{"line":2101,"column":7},"end":{"line":2103,"column":null}},{"start":{"line":2104,"column":7},"end":{"line":2104,"column":null}}],"line":2100},"88":{"loc":{"start":{"line":2101,"column":7},"end":{"line":2103,"column":null}},"type":"cond-expr","locations":[{"start":{"line":2102,"column":8},"end":{"line":2102,"column":null}},{"start":{"line":2103,"column":8},"end":{"line":2103,"column":null}}],"line":2101},"89":{"loc":{"start":{"line":2124,"column":4},"end":{"line":2128,"column":null}},"type":"cond-expr","locations":[{"start":{"line":2125,"column":7},"end":{"line":2127,"column":null}},{"start":{"line":2128,"column":7},"end":{"line":2128,"column":null}}],"line":2124},"90":{"loc":{"start":{"line":2125,"column":7},"end":{"line":2127,"column":null}},"type":"cond-expr","locations":[{"start":{"line":2126,"column":8},"end":{"line":2126,"column":null}},{"start":{"line":2127,"column":8},"end":{"line":2127,"column":null}}],"line":2125},"91":{"loc":{"start":{"line":2148,"column":4},"end":{"line":2152,"column":null}},"type":"cond-expr","locations":[{"start":{"line":2149,"column":7},"end":{"line":2151,"column":null}},{"start":{"line":2152,"column":7},"end":{"line":2152,"column":null}}],"line":2148},"92":{"loc":{"start":{"line":2149,"column":7},"end":{"line":2151,"column":null}},"type":"cond-expr","locations":[{"start":{"line":2150,"column":8},"end":{"line":2150,"column":null}},{"start":{"line":2151,"column":8},"end":{"line":2151,"column":null}}],"line":2149},"93":{"loc":{"start":{"line":2172,"column":4},"end":{"line":2176,"column":null}},"type":"cond-expr","locations":[{"start":{"line":2173,"column":7},"end":{"line":2175,"column":null}},{"start":{"line":2176,"column":7},"end":{"line":2176,"column":null}}],"line":2172},"94":{"loc":{"start":{"line":2173,"column":7},"end":{"line":2175,"column":null}},"type":"cond-expr","locations":[{"start":{"line":2174,"column":8},"end":{"line":2174,"column":null}},{"start":{"line":2175,"column":8},"end":{"line":2175,"column":null}}],"line":2173},"95":{"loc":{"start":{"line":2194,"column":4},"end":{"line":2198,"column":null}},"type":"cond-expr","locations":[{"start":{"line":2195,"column":7},"end":{"line":2197,"column":null}},{"start":{"line":2198,"column":7},"end":{"line":2198,"column":null}}],"line":2194},"96":{"loc":{"start":{"line":2195,"column":7},"end":{"line":2197,"column":null}},"type":"cond-expr","locations":[{"start":{"line":2196,"column":8},"end":{"line":2196,"column":null}},{"start":{"line":2197,"column":8},"end":{"line":2197,"column":null}}],"line":2195},"97":{"loc":{"start":{"line":2216,"column":4},"end":{"line":2220,"column":null}},"type":"cond-expr","locations":[{"start":{"line":2217,"column":7},"end":{"line":2219,"column":null}},{"start":{"line":2220,"column":7},"end":{"line":2220,"column":null}}],"line":2216},"98":{"loc":{"start":{"line":2217,"column":7},"end":{"line":2219,"column":null}},"type":"cond-expr","locations":[{"start":{"line":2218,"column":8},"end":{"line":2218,"column":null}},{"start":{"line":2219,"column":8},"end":{"line":2219,"column":null}}],"line":2217},"99":{"loc":{"start":{"line":2240,"column":4},"end":{"line":2244,"column":null}},"type":"cond-expr","locations":[{"start":{"line":2241,"column":7},"end":{"line":2243,"column":null}},{"start":{"line":2244,"column":7},"end":{"line":2244,"column":null}}],"line":2240},"100":{"loc":{"start":{"line":2241,"column":7},"end":{"line":2243,"column":null}},"type":"cond-expr","locations":[{"start":{"line":2242,"column":8},"end":{"line":2242,"column":null}},{"start":{"line":2243,"column":8},"end":{"line":2243,"column":null}}],"line":2241},"101":{"loc":{"start":{"line":2264,"column":4},"end":{"line":2268,"column":null}},"type":"cond-expr","locations":[{"start":{"line":2265,"column":7},"end":{"line":2267,"column":null}},{"start":{"line":2268,"column":7},"end":{"line":2268,"column":null}}],"line":2264},"102":{"loc":{"start":{"line":2265,"column":7},"end":{"line":2267,"column":null}},"type":"cond-expr","locations":[{"start":{"line":2266,"column":8},"end":{"line":2266,"column":null}},{"start":{"line":2267,"column":8},"end":{"line":2267,"column":null}}],"line":2265},"103":{"loc":{"start":{"line":2288,"column":4},"end":{"line":2292,"column":null}},"type":"cond-expr","locations":[{"start":{"line":2289,"column":7},"end":{"line":2291,"column":null}},{"start":{"line":2292,"column":7},"end":{"line":2292,"column":null}}],"line":2288},"104":{"loc":{"start":{"line":2289,"column":7},"end":{"line":2291,"column":null}},"type":"cond-expr","locations":[{"start":{"line":2290,"column":8},"end":{"line":2290,"column":null}},{"start":{"line":2291,"column":8},"end":{"line":2291,"column":null}}],"line":2289},"105":{"loc":{"start":{"line":2312,"column":4},"end":{"line":2316,"column":null}},"type":"cond-expr","locations":[{"start":{"line":2313,"column":7},"end":{"line":2315,"column":null}},{"start":{"line":2316,"column":7},"end":{"line":2316,"column":null}}],"line":2312},"106":{"loc":{"start":{"line":2313,"column":7},"end":{"line":2315,"column":null}},"type":"cond-expr","locations":[{"start":{"line":2314,"column":8},"end":{"line":2314,"column":null}},{"start":{"line":2315,"column":8},"end":{"line":2315,"column":null}}],"line":2313},"107":{"loc":{"start":{"line":2336,"column":4},"end":{"line":2340,"column":null}},"type":"cond-expr","locations":[{"start":{"line":2337,"column":7},"end":{"line":2339,"column":null}},{"start":{"line":2340,"column":7},"end":{"line":2340,"column":null}}],"line":2336},"108":{"loc":{"start":{"line":2337,"column":7},"end":{"line":2339,"column":null}},"type":"cond-expr","locations":[{"start":{"line":2338,"column":8},"end":{"line":2338,"column":null}},{"start":{"line":2339,"column":8},"end":{"line":2339,"column":null}}],"line":2337},"109":{"loc":{"start":{"line":2360,"column":4},"end":{"line":2364,"column":null}},"type":"cond-expr","locations":[{"start":{"line":2361,"column":7},"end":{"line":2363,"column":null}},{"start":{"line":2364,"column":7},"end":{"line":2364,"column":null}}],"line":2360},"110":{"loc":{"start":{"line":2361,"column":7},"end":{"line":2363,"column":null}},"type":"cond-expr","locations":[{"start":{"line":2362,"column":8},"end":{"line":2362,"column":null}},{"start":{"line":2363,"column":8},"end":{"line":2363,"column":null}}],"line":2361},"111":{"loc":{"start":{"line":2384,"column":4},"end":{"line":2388,"column":null}},"type":"cond-expr","locations":[{"start":{"line":2385,"column":7},"end":{"line":2387,"column":null}},{"start":{"line":2388,"column":7},"end":{"line":2388,"column":null}}],"line":2384},"112":{"loc":{"start":{"line":2385,"column":7},"end":{"line":2387,"column":null}},"type":"cond-expr","locations":[{"start":{"line":2386,"column":8},"end":{"line":2386,"column":null}},{"start":{"line":2387,"column":8},"end":{"line":2387,"column":null}}],"line":2385},"113":{"loc":{"start":{"line":2408,"column":4},"end":{"line":2412,"column":null}},"type":"cond-expr","locations":[{"start":{"line":2409,"column":7},"end":{"line":2411,"column":null}},{"start":{"line":2412,"column":7},"end":{"line":2412,"column":null}}],"line":2408},"114":{"loc":{"start":{"line":2409,"column":7},"end":{"line":2411,"column":null}},"type":"cond-expr","locations":[{"start":{"line":2410,"column":8},"end":{"line":2410,"column":null}},{"start":{"line":2411,"column":8},"end":{"line":2411,"column":null}}],"line":2409},"115":{"loc":{"start":{"line":2432,"column":4},"end":{"line":2436,"column":null}},"type":"cond-expr","locations":[{"start":{"line":2433,"column":7},"end":{"line":2435,"column":null}},{"start":{"line":2436,"column":7},"end":{"line":2436,"column":null}}],"line":2432},"116":{"loc":{"start":{"line":2433,"column":7},"end":{"line":2435,"column":null}},"type":"cond-expr","locations":[{"start":{"line":2434,"column":8},"end":{"line":2434,"column":null}},{"start":{"line":2435,"column":8},"end":{"line":2435,"column":null}}],"line":2433},"117":{"loc":{"start":{"line":2456,"column":4},"end":{"line":2460,"column":null}},"type":"cond-expr","locations":[{"start":{"line":2457,"column":7},"end":{"line":2459,"column":null}},{"start":{"line":2460,"column":7},"end":{"line":2460,"column":null}}],"line":2456},"118":{"loc":{"start":{"line":2457,"column":7},"end":{"line":2459,"column":null}},"type":"cond-expr","locations":[{"start":{"line":2458,"column":8},"end":{"line":2458,"column":null}},{"start":{"line":2459,"column":8},"end":{"line":2459,"column":null}}],"line":2457},"119":{"loc":{"start":{"line":2480,"column":4},"end":{"line":2484,"column":null}},"type":"cond-expr","locations":[{"start":{"line":2481,"column":7},"end":{"line":2483,"column":null}},{"start":{"line":2484,"column":7},"end":{"line":2484,"column":null}}],"line":2480},"120":{"loc":{"start":{"line":2481,"column":7},"end":{"line":2483,"column":null}},"type":"cond-expr","locations":[{"start":{"line":2482,"column":8},"end":{"line":2482,"column":null}},{"start":{"line":2483,"column":8},"end":{"line":2483,"column":null}}],"line":2481}},"s":{"0":33,"1":0,"2":33,"3":0,"4":33,"5":0,"6":33,"7":0,"8":33,"9":0,"10":33,"11":0,"12":33,"13":0,"14":0,"15":0,"16":0,"17":0,"18":0,"19":0,"20":33,"21":0,"22":0,"23":0,"24":0,"25":0,"26":33,"27":0,"28":0,"29":0,"30":0,"31":0,"32":33,"33":0,"34":0,"35":0,"36":0,"37":0,"38":33,"39":0,"40":33,"41":0,"42":33,"43":0,"44":33,"45":0,"46":33,"47":0,"48":33,"49":0,"50":33,"51":0,"52":33,"53":0,"54":33,"55":0,"56":0,"57":0,"58":33,"59":0,"60":33,"61":0,"62":0,"63":0,"64":33,"65":0,"66":33,"67":0,"68":33,"69":0,"70":33,"71":0,"72":33,"73":0,"74":0,"75":0,"76":33,"77":0,"78":33,"79":0,"80":33,"81":0,"82":33,"83":0,"84":33,"85":0,"86":0,"87":0,"88":0,"89":0,"90":0,"91":0,"92":33,"93":0,"94":33,"95":0,"96":0,"97":0,"98":33,"99":0,"100":33,"101":0,"102":33,"103":0,"104":33,"105":0,"106":33,"107":0,"108":0,"109":0,"110":33,"111":0,"112":33,"113":0,"114":0,"115":0,"116":33,"117":33,"118":0,"119":0,"120":0,"121":33,"122":33,"123":0,"124":33,"125":33,"126":0,"127":33,"128":33,"129":0,"130":33,"131":33,"132":0,"133":33,"134":33,"135":0,"136":33,"137":33,"138":0,"139":33,"140":33,"141":0,"142":33,"143":33,"144":0,"145":33,"146":33,"147":0,"148":33,"149":33,"150":0,"151":33,"152":33,"153":0,"154":33,"155":33,"156":0,"157":33,"158":33,"159":0,"160":33,"161":33,"162":0,"163":33,"164":33,"165":0,"166":33,"167":33,"168":0,"169":33,"170":33,"171":0,"172":33,"173":33,"174":0,"175":33,"176":33,"177":0,"178":33,"179":33,"180":0,"181":33,"182":33,"183":0,"184":33,"185":33,"186":0,"187":33,"188":33,"189":0,"190":33,"191":33,"192":0,"193":33,"194":33,"195":0,"196":33,"197":33,"198":0,"199":33,"200":33,"201":0,"202":33,"203":33,"204":0,"205":33,"206":33,"207":0,"208":33,"209":33,"210":0,"211":33,"212":33,"213":0,"214":33,"215":33,"216":0,"217":33,"218":33,"219":0,"220":33,"221":33,"222":0,"223":33,"224":33,"225":0,"226":33,"227":33,"228":0,"229":33,"230":
[...]
},"27":{"start":{"line":81,"column":1},"end":{"line":81,"column":null}},"28":{"start":{"line":88,"column":1},"end":{"line":88,"column":null}},"29":{"start":{"line":88,"column":36},"end":{"line":88,"column":null}},"30":{"start":{"line":89,"column":1},"end":{"line":89,"column":null}},"31":{"start":{"line":96,"column":16},"end":{"line":96,"column":null}},"32":{"start":{"line":97,"column":1},"end":{"line":97,"column":null}},"33":{"start":{"line":97,"column":14},"end":{"line":97,"column":null}},"34":{"start":{"line":99,"column":20},"end":{"line":99,"column":null}},"35":{"start":{"line":100,"column":1},"end":{"line":100,"column":null}},"36":{"start":{"line":107,"column":1},"end":{"line":107,"column":null}},"37":{"start":{"line":107,"column":36},"end":{"line":107,"column":null}},"38":{"start":{"line":108,"column":1},"end":{"line":108,"column":null}},"39":{"start":{"line":109,"column":1},"end":{"line":109,"column":null}},"40":{"start":{"line":110,"column":1},"end":{"line":110,"column":null}},"41":{"start":{"line":113,"column":1},"end":{"line":113,"column":null}},"42":{"start":{"line":120,"column":1},"end":{"line":120,"column":null}},"43":{"start":{"line":120,"column":36},"end":{"line":120,"column":null}},"44":{"start":{"line":121,"column":1},"end":{"line":121,"column":null}},"45":{"start":{"line":124,"column":20},"end":{"line":124,"column":null}},"46":{"start":{"line":125,"column":1},"end":{"line":125,"column":null}},"47":{"start":{"line":128,"column":1},"end":{"line":128,"column":null}},"48":{"start":{"line":135,"column":1},"end":{"line":135,"column":null}},"49":{"start":{"line":135,"column":36},"end":{"line":135,"column":null}},"50":{"start":{"line":136,"column":1},"end":{"line":136,"column":null}}},"fnMap":{"0":{"name":"authRequestInterceptor","decl":{"start":{"line":12,"column":16},"end":{"line":12,"column":39}},"loc":{"start":{"line":12,"column":74},"end":{"line":24,"column":null}},"line":12},"1":{"name":"authResponseInterceptor","decl":{"start":{"line":29,"column":22},"end":{"line":29,"column":46}},"loc":{"start":{"line":29,"column":85},"end":{"line":48,"column":null}},"line":29},"2":{"name":"errorLoggingInterceptor","decl":{"start":{"line":53,"column":16},"end":{"line":53,"column":40}},"loc":{"start":{"line":53,"column":70},"end":{"line":62,"column":null}},"line":53},"3":{"name":"getAuthToken","decl":{"start":{"line":67,"column":16},"end":{"line":67,"column":46}},"loc":{"start":{"line":67,"column":46},"end":{"line":82,"column":null}},"line":67},"4":{"name":"getRefreshToken","decl":{"start":{"line":87,"column":16},"end":{"line":87,"column":49}},"loc":{"start":{"line":87,"column":49},"end":{"line":90,"column":null}},"line":87},"5":{"name":"isTokenExpired","decl":{"start":{"line":95,"column":16},"end":{"line":95,"column":42}},"loc":{"start":{"line":95,"column":42},"end":{"line":101,"column":null}},"line":95},"6":{"name":"removeAuthToken","decl":{"start":{"line":106,"column":16},"end":{"line":106,"column":40}},"loc":{"start":{"line":106,"column":40},"end":{"line":114,"column":null}},"line":106},"7":{"name":"setAuthToken","decl":{"start":{"line":119,"column":16},"end":{"line":119,"column":29}},"loc":{"start":{"line":119,"column":76},"end":{"line":129,"column":null}},"line":119},"8":{"name":"setRefreshToken","decl":{"start":{"line":134,"column":16},"end":{"line":134,"column":32}},"loc":{"start":{"line":134,"column":53},"end":{"line":137,"column":null}},"line":134}},"branchMap":{"0":{"loc":{"start":{"line":14,"column":1},"end":{"line":22,"column":null}},"type":"if","locations":[{"start":{"line":14,"column":1},"end":{"line":22,"column":null}},{"start":{},"end":{}}],"line":14},"1":{"loc":{"start":{"line":31,"column":1},"end":{"line":37,"column":null}},"type":"if","locations":[{"start":{"line":31,"column":1},"end":{"line":37,"column":null}},{"start":{},"end":{}}],"line":31},"2":{"loc":{"start":{"line":34,"column":2},"end":{"line":36,"column":null}},"type":"if","locations":[{"start":{"line":34,"column":2},"end":{"line":36,"column":null}},{"start":{},"end":{}}],"line":34},"3":{"loc":{"start":{"line":40,"column":1},"end":{"line":45,"column":null}},"type":"if","locations":[{"start":{"line":40,"column":1},"end":{"line":45,"column":null}},{"start":{},"end":{}}],"line":40},"4":{"loc":{"start":{"line":42,"column":2},"end":{"line":44,"column":null}},"type":"if","locations":[{"start":{"line":42,"column":2},"end":{"line":44,"column":null}},{"start":{},"end":{}}],"line":42},"5":{"loc":{"start":{"line":54,"column":1},"end":{"line":60,"column":null}},"type":"if","locations":[{"start":{"line":54,"column":1},"end":{"line":60,"column":null}},{"start":{},"end":{}}],"line":54},"6":{"loc":{"start":{"line":68,"column":1},"end":{"line":68,"column":null}},"type":"if","locations":[{"start":{"line":68,"column":1},"end":{"line":68,"column":null}},{"start":{},"end":{}}],"line":68},"7":{"loc":{"start":{"line":73,"column":1},"end":{"line":79,"column":null}},"type":"if","locations":[{"start":{"line":73,"column":1},"end":{"line":79,"column":null}},{"start":{},"end":{}}],"line":73},"8":{"loc":{"start":{"line":73,"column":5},"end":{"line":73,"column":22}},"type":"binary-expr","locations":[{"start":{"line":73,"column":5},"end":{"line":73,"column":15}},{"start":{"line":73,"column":15},"end":{"line":73,"column":22}}],"line":73},"9":{"loc":{"start":{"line":75,"column":2},"end":{"line":78,"column":null}},"type":"if","locations":[{"start":{"line":75,"column":2},"end":{"line":78,"column":null}},{"start":{},"end":{}}],"line":75},"10":{"loc":{"start":{"line":88,"column":1},"end":{"line":88,"column":null}},"type":"if","locations":[{"start":{"line":88,"column":1},"end":{"line":88,"column":null}},{"start":{},"end":{}}],"line":88},"11":{"loc":{"start":{"line":97,"column":1},"end":{"line":97,"column":null}},"type":"if","locations":[{"start":{"line":97,"column":1},"end":{"line":97,"column":null}},{"start":{},"end":{}}],"line":97},"12":{"loc":{"start":{"line":107,"column":1},"end":{"line":107,"column":null}},"type":"if","locations":[{"start":{"line":107,"column":1},"end":{"line":107,"column":null}},{"start":{},"end":{}}],"line":107},"13":{"loc":{"start":{"line":119,"column":44},"end":{"line":119,"column":76}},"type":"default-arg","locations":[{"start":{"line":119,"column":64},"end":{"line":119,"column":76}}],"line":119},"14":{"loc":{"start":{"line":120,"column":1},"end":{"line":120,"column":null}},"type":"if","locations":[{"start":{"line":120,"column":1},"end":{"line":120,"column":null}},{"start":{},"end":{}}],"line":120},"15":{"loc":{"start":{"line":135,"column":1},"end":{"line":135,"column":null}},"type":"if","locations":[{"start":{"line":135,"column":1},"end":{"line":135,"column":null}},{"start":{},"end":{}}],"line":135}},"s":{"0":2,"1":2,"2":2,"3":6,"4":6,"5":4,"6":2,"7":3,"8":1,"9":1,"10":1,"11":3,"12":1,"13":1,"14":3,"15":2,"16":1,"17":2,"18":14,"19":2,"20":12,"21":12,"22":12,"23":8,"24":8,"25":2,"26":2,"27":10,"28":6,"29":2,"30":4,"31":6,"32":6,"33":2,"34":4,"35":4,"36":9,"37":2,"38":7,"39":7,"40":7,"41":7,"42":6,"43":2,"44":4,"45":4,"46":4,"47":4,"48":4,"49":2,"50":2},"f":{"0":6,"1":3,"2":2,"3":14,"4":6,"5":6,"6":9,"7":6,"8":4},"b":{"0":[4,2],"1":[1,2],"2":[1,0],"3":[1,2],"4":[1,0],"5":[1,1],"6":[2,12],"7":[8,4],"8":[12,8],"9":[2,6],"10":[2,4],"11":[2,4],"12":[2,7],"13":[6],"14":[2,4],"15":[2,2]},"meta":{"lastBranch":16,"lastFunction":9,"lastStatement":51,"seen":{"s:5:18:5:Infinity":0,"s:6:26:6:Infinity":1,"s:7:25:7:Infinity":2,"f:12:16:12:39":0,"s:13:15:13:Infinity":3,"b:14:1:22:Infinity:undefined:undefined:undefined:undefined":0,"s:14:1:22:Infinity":4,"s:15:2:21:Infinity":5,"s:23:1:23:Infinity":6,"f:29:22:29:46":1,"b:31:1:37:Infinity:undefined:undefined:undefined:undefined":1,"s:31:1:37:Infinity":7,"s:32:2:32:Infinity":8,"b:34:2:36:Infinity:undefined:undefined:undefined:undefined":2,"s:34:2:36:Infinity":9,"s:35:3:35:Infinity":10,"b:40:1:45:Infinity:undefined:undefined:undefined:undefined":3,"s:40:1:45:Infinity":11,"b:42:2:44:Infinity:undefined:undefined:undefined:undefined":4,"s:42:2:44:Infinity":12,"s:43:3:43:Infinity":13,"s:47:1:47:Infinity":14,"f:53:16:53:40":2,"b:54:1:60:Infinity:undefined:undefined:undefined:undefined":5,"s:54:1:60:Infinity":15,"s:55:2:59:Infinity":16,"s:61:1:61:Infinity":17,"f:67:16:67:46":3,"b:68:1:68:Infinity:undefined:undefined:undefined:undefined":6,"s:68:1:68:Infinity":18,"s:68:36:68:Infinity":19,"s:69:15:69:Infinity":20,"s:72:16:72:Infinity":21,"b:73:1:79:Infinity:undefined:undefined:undefined:undefined":7,"s:73:1:79:Infinity":22,"b:73:5:73:15:73:15:73:22":8,"s:74:21:74:Infinity":23,"b:75:2:78:Infinity:undefined:undefined:undefined:undefined":9,"s:75:2:78:Infinity":24,"s:76:3:76:Infinity":25,"s:77:3:77:Infinity":26,"s:81:1:81:Infinity":27,"f:87:16:87:49":4,"b:88:1:88:Infinity:undefined:undefined:undefined:undefined":10,"s:88:1:88:Infinity":28,"s:88:36:88:Infinity":29,"s:89:1:89:Infinity":30,"f:95:16:95:42":5,"s:96:16:96:Infinity":31,"b:97:1:97:Infinity:undefined:undefined:undefined:undefined":11,"s:97:1:97:Infinity":32,"s:97:14:97:Infinity":33,"s:99:20:99:Infinity":34,"s:100:1:100:Infinity":35,"f:106:16:106:40":6,"b:107:1:107:Infinity:undefined:undefined:undefined:undefined":12,"s:107:1:107:Infinity":36,"s:107:36:107:Infinity":37,"s:108:1:108:Infinity":38,"s:109:1:109:Infinity":39,"s:110:1:110:Infinity":40,"s:113:1:113:Infinity":41,"f:119:16:119:29":7,"b:119:64:119:76":13,"b:120:1:120:Infinity:undefined:undefined:undefined:undefined":14,"s:120:1:120:Infinity":42,"s:120:36:120:Infinity":43,"s:121:1:121:Infinity":44,"s:124:20:124:Infinity":45,"s:125:1:125:Infinity":46,"s:128:1:128:Infinity":47,"f:134:16:134:32":8,"b:135:1:135:Infinity:undefined:undefined:undefined:undefined":15,"s:135:1:135:Infinity":48,"s:135:36:135:Infinity":49,"s:136:1:136:Infinity":50},"fnNames":{}}}
,"/home/davidtan/_Workspaces/WebDevelopment/taskmanager/sveltekit-taskmanager-frontend/src/lib/shared/utils/error.utils.ts": {"path":"/home/davidtan/_Workspaces/WebDevelopment/taskmanager/sveltekit-taskmanager-frontend/src/lib/shared/utils/error.utils.ts","statementMap":{"0":{"start":{"line":19,"column":2},"end":{"line":19,"column":null}},"1":{"start":{"line":15,"column":9},"end":{"line":15,"column":null}},"2":{"start":{"line":16,"column":9},"end":{"line":16,"column":null}},"3":{"start":{"line":17,"column":9},"end":{"line":17,"column":null}},"4":{"start":{"line":20,"column":2},"end":{"line":20,"column":null}},"5":{"start":{"line":29,"column":2},"end":{"line":29,"column":null}},"6":{"start":{"line":30,"column":2},"end":{"line":30,"column":null}},"7":{"start":{"line":42,"column":2},"end":{"line":42,"column":null}},"8":{"start":{"line":39,"column":9},"end":{"line":39,"column":null}},"9":{"start":{"line":43,"column":2},"end":{"line":43,"column":null}},"10":{"start":{"line":50,"column":38},"end":{"line":50,"column":null}},"11":{"start":{"line":56,"column":1},"end":{"line":56,"column":null}},"12":{"start":{"line":63,"column":1},"end":{"line":80,"column":null}},"13":{"start":{"line":64,"column":2},"end":{"line":79,"column":null}},"14":{"start":{"line":66,"column":4},"end":{"line":66,"column":null}},"15":{"start":{"line":68,"column":4},"end":{"line":68,"column":null}},"16":{"start":{"line":70,"column":4},"end":{"line":70,"column":null}},"17":{"start":{"line":72,"column":4},"end":{"line":72,"column":null}},"18":{"start":{"line":74,"column":4},"end":{"line":74,"column":null}},"19":{"start":{"line":76,"column":4},"end":{"line":76,"column":null}},"20":{"start":{"line":78,"column":4},"end":{"line":78,"column":null}},"21":{"start":{"line":82,"column":1},"end":{"line":84,"column":null}},"22":{"start":{"line":83,"column":2},"end":{"line":83,"column":null}},"23":{"start":{"line":86,"column":1},"end":{"line":88,"column":null}},"24":{"start":{"line":87,"column":2},"end":{"line":87,"column":null}},"25":{"start":{"line":90,"column":1},"end":{"line":92,"column":null}},"26":{"start":{"line":91,"column":2},"end":{"line":91,"column":null}},"27":{"start":{"line":94,"column":1},"end":{"line":94,"column":null}},"28":{"start":{"line":101,"column":1},"end":{"line":101,"column":null}},"29":{"start":{"line":105,"column":1},"end":{"line":105,"column":null}},"30":{"start":{"line":109,"column":1},"end":{"line":109,"column":null}},"31":{"start":{"line":116,"column":1},"end":{"line":116,"column":null}},"32":{"start":{"line":123,"column":1},"end":{"line":134,"column":null}},"33":{"start":{"line":124,"column":2},"end":{"line":124,"column":null}},"34":{"start":{"line":126,"column":25},"end":{"line":126,"column":null}},"35":{"start":{"line":128,"column":2},"end":{"line":130,"column":null}},"36":{"start":{"line":129,"column":3},"end":{"line":129,"column":null}},"37":{"start":{"line":132,"column":2},"end":{"line":132,"column":null}},"38":{"start":{"line":133,"column":2},"end":{"line":133,"column":null}},"39":{"start":{"line":141,"column":1},"end":{"line":147,"column":null}},"40":{"start":{"line":142,"column":2},"end":{"line":146,"column":null}},"41":{"start":{"line":143,"column":3},"end":{"line":143,"column":null}},"42":{"start":{"line":145,"column":3},"end":{"line":145,"column":null}}},"fnMap":{"0":{"name":"constructor","decl":{"start":{"line":14,"column":1},"end":{"line":14,"column":null}},"loc":{"start":{"line":18,"column":3},"end":{"line":21,"column":null}},"line":18},"1":{"name":"constructor_2","decl":{"start":{"line":28,"column":1},"end":{"line":28,"column":13}},"loc":{"start":{"line":28,"column":56},"end":{"line":31,"column":null}},"line":28},"2":{"name":"constructor_3","decl":{"start":{"line":38,"column":1},"end":{"line":38,"column":null}},"loc":{"start":{"line":41,"column":3},"end":{"line":44,"column":null}},"line":41},"3":{"name":"clearErrorHandlers","decl":{"start":{"line":55,"column":16},"end":{"line":55,"column":43}},"loc":{"start":{"line":55,"column":43},"end":{"line":57,"column":null}},"line":55},"4":{"name":"getErrorMessage","decl":{"start":{"line":62,"column":16},"end":{"line":62,"column":32}},"loc":{"start":{"line":62,"column":56},"end":{"line":95,"column":null}},"line":62},"5":{"name":"isApiError","decl":{"start":{"line":100,"column":16},"end":{"line":100,"column":27}},"loc":{"start":{"line":100,"column":62},"end":{"line":102,"column":null}},"line":100},"6":{"name":"isAuthenticationError","decl":{"start":{"line":104,"column":16},"end":{"line":104,"column":38}},"loc":{"start":{"line":104,"column":84},"end":{"line":106,"column":null}},"line":104},"7":{"name":"isValidationError","decl":{"start":{"line":108,"column":16},"end":{"line":108,"column":34}},"loc":{"start":{"line":108,"column":76},"end":{"line":110,"column":null}},"line":108},"8":{"name":"registerErrorHandler","decl":{"start":{"line":115,"column":16},"end":{"line":115,"column":37}},"loc":{"start":{"line":115,"column":66},"end":{"line":117,"column":null}},"line":115},"9":{"name":"withErrorHandling","decl":{"start":{"line":122,"column":22},"end":{"line":122,"column":43}},"loc":{"start":{"line":122,"column":95},"end":{"line":135,"column":null}},"line":122},"10":{"name":"executeErrorHandlers","decl":{"start":{"line":140,"column":9},"end":{"line":140,"column":30}},"loc":{"start":{"line":140,"column":50},"end":{"line":148,"column":null}},"line":140},"11":{"name":"(anonymous_11)","decl":{"start":{"line":141,"column":15},"end":{"line":141,"column":24}},"loc":{"start":{"line":141,"column":36},"end":{"line":147,"column":2}},"line":141}},"branchMap":{"0":{"loc":{"start":{"line":28,"column":13},"end":{"line":28,"column":56}},"type":"default-arg","locations":[{"start":{"line":28,"column":31},"end":{"line":28,"column":56}}],"line":28},"1":{"loc":{"start":{"line":63,"column":1},"end":{"line":80,"column":null}},"type":"if","locations":[{"start":{"line":63,"column":1},"end":{"line":80,"column":null}},{"start":{},"end":{}}],"line":63},"2":{"loc":{"start":{"line":64,"column":2},"end":{"line":79,"column":null}},"type":"switch","locations":[{"start":{"line":65,"column":3},"end":{"line":66,"column":null}},{"start":{"line":67,"column":3},"end":{"line":68,"column":null}},{"start":{"line":69,"column":3},"end":{"line":70,"column":null}},{"start":{"line":71,"column":3},"end":{"line":72,"column":null}},{"start":{"line":73,"column":3},"end":{"line":74,"column":null}},{"start":{"line":75,"column":3},"end":{"line":76,"column":null}},{"start":{"line":77,"column":3},"end":{"line":78,"column":null}}],"line":64},"3":{"loc":{"start":{"line":78,"column":11},"end":{"line":78,"column":null}},"type":"binary-expr","locations":[{"start":{"line":78,"column":11},"end":{"line":78,"column":31}},{"start":{"line":78,"column":31},"end":{"line":78,"column":null}}],"line":78},"4":{"loc":{"start":{"line":82,"column":1},"end":{"line":84,"column":null}},"type":"if","locations":[{"start":{"line":82,"column":1},"end":{"line":84,"column":null}},{"start":{},"end":{}}],"line":82},"5":{"loc":{"start":{"line":86,"column":1},"end":{"line":88,"column":null}},"type":"if","locations":[{"start":{"line":86,"column":1},"end":{"line":88,"column":null}},{"start":{},"end":{}}],"line":86},"6":{"loc":{"start":{"line":90,"column":1},"end":{"line":92,"column":null}},"type":"if","locations":[{"start":{"line":90,"column":1},"end":{"line":92,"column":null}},{"start":{},"end":{}}],"line":90},"7":{"loc":{"start":{"line":126,"column":25},"end":{"line":126,"column":null}},"type":"cond-expr","locations":[{"start":{"line":126,"column":50},"end":{"line":126,"column":58}},{"start":{"line":126,"column":58},"end":{"line":126,"column":null}}],"line":126},"8":{"loc":{"start":{"line":128,"column":2},"end":{"line":130,"column":null}},"type":"if","locations":[{"start":{"line":128,"column":2},"end":{"line":130,"column":null}},{"start":{},"end":{}}],"line":128}},"s":{"0":16,"1":16,"2":16,"3":16,"4":16,"5":5,"6":5,"7":4,"8":4,"9":4,"10":2,"11":28,"12":13,"13":7,"14":1,"15":1,"16":1,"17":1,"18":1,"19":1,"20":1,"21":6,"22":1,"23":5,"24":1,"25":4,"26":1,"27":3,"28":19,"29":9,"30":10,"31":7,"32":10,"33":10,"34":8,"35":8,"36":1,"37":8,"38":8,"39":8,"40":7,"41":7,"42":2},"f":{"0":16,"1":5,"2":4,"3":28,"4":13,"5":19,"6":9,"7":10,"8":7,"9":10,"10":8,"11":7},"b":{"0":[5],"1":[7,6],"2":[1,1,1,1,1,1,1],"3":[1,0],"4":[1,5],"5":[1,4],"6":[1,3],"7":[7,1],"8":[1,7]},"meta":{"lastBranch":9,"lastFunction":12,"lastStatement":43,"seen":{"f:14:1:14:Infinity":0,"s:19:2:19:Infinity":0,"s:15:9:15:Infinity":1,"s:16:9:16:Infinity":2,"s:17:9:17:Infinity":3,"s:20:2:20:Infinity":4,"f:28:1:28:13":1,"b:28:31:28:56":0,"s:29:2:29:Infinity":5,"s:30:2:30:Infinity":6,"f:38:1:38:Infinity":2,"s:42:2:42:Infinity":7,"s:39:9:39:Infinity":8,"s:43:2:43:Infinity":9,"s:50:38:50:Infinity":10,"f:55:16:55:43":3,"s:56:1:56:Infinity":11,"f:62:16:62:32":4,"b:63:1:80:Infinity:undefined:undefined:undefined:undefined":1,"s:63:1:80:Infinity":12,"b:65:3:66:Infinity:67:3:68:Infinity:69:3:70:Infinity:71:3:72:Infinity:73:3:74:Infinity:75:3:76:Infinity:77:3:78:Infinity":2,"s:64:2:79:Infinity":13,"s:66:4:66:Infinity":14,"s:68:4:68:Infinity":15,"s:70:4:70:Infinity":16,"s:72:4:72:Infinity":17,"s:74:4:74:Infinity":18,"s:76:4:76:Infinity":19,"s:78:4:78:Infinity":20,"b:78:11:78:31:78:31:78:Infinity":3,"b:82:1:84:Infinity:undefined:undefined:undefined:undefined":4,"s:82:1:84:Infinity":21,"s:83:2:83:Infinity":22,"b:86:1:88:Infinity:undefined:undefined:undefined:undefined":5,"s:86:1:88:Infinity":23,"s:87:2:87:Infinity":24,"b:90:1:92:Infinity:undefined:undefined:undefined:undefined":6,"s:90:1:92:Infinity":25,"s:91:2:91:Infinity":26,"s:94:1:94:Infinity":27,"f:100:16:100:27":5,"s:101:1:101:Infinity":28,"f:104:16:104:38":6,"s:105:1:105:Infinity":29,"f:108:16:108:34":7,"s:109:1:109:Infinity":30,"f:115:16:115:37":8,"s:116:1:116:Infinity":31,"f:122:22:122:43":9,"s:123:1:134:Infinity":32,"s:124:2:124:Infinity":33,"s:126:25:126:Infinity":34,"b:126:50:126:58:126:58:126:Infinity":7,"b:128:2:130:Infinity:undefined:undefined:undefined:undefined":8,"s:128:2:130:Infinity":35,"s:129:3:129:Infinity":36,"s:132:2:132:Infinity":37,"s:133:2:133:Infinity":38,"f:140:9:140:30":10,"s:141:1:147:Infinity":39,"f:141:15:141:24":11,"s:142:2:146:Infinity":40,"s:143:3:143:Infinity":41,"s:145:3:145:Infinity":42},"fnNames":{}}}
}
