TN:
SF:src/lib/api/handlers.ts
FNF:0
FNH:0
DA:50,33
LF:1
LH:1
BRF:0
BRH:0
end_of_record
TN:
SF:src/lib/features/auth/api/auth.api.ts
FN:70,forgotPassword
FN:77,getCurrentUser
FN:84,login
FN:91,logout
FN:98,refreshToken
FN:110,register
FN:117,resetPassword
FNF:7
FNH:7
FNDA:2,forgotPassword
FNDA:2,getCurrentUser
FNDA:2,login
FNDA:2,logout
FNDA:2,refreshToken
FNDA:2,register
FNDA:2,resetPassword
DA:66,1
DA:71,2
DA:78,2
DA:85,2
DA:92,2
DA:101,2
DA:111,2
DA:118,2
LF:8
LH:8
BRF:0
BRH:0
end_of_record
TN:
SF:src/lib/features/auth/schemas/auth.schemas.ts
FN:15,(anonymous_0)
FN:36,(anonymous_1)
FN:71,(anonymous_2)
FNF:3
FNH:3
FNDA:12,(anonymous_0)
FNDA:8,(anonymous_1)
FNDA:5,(anonymous_2)
DA:10,1
DA:15,12
DA:20,1
DA:32,1
DA:36,8
DA:41,1
DA:49,1
DA:58,1
DA:65,1
DA:71,5
LF:10
LH:10
BRF:0
BRH:0
end_of_record
TN:
SF:src/lib/features/categories/schemas/category.schemas.ts
FN:14,(anonymous_0)
FN:22,(anonymous_1)
FNF:2
FNH:2
FNDA:13,(anonymous_0)
FNDA:4,(anonymous_1)
DA:10,1
DA:14,13
DA:19,1
DA:22,4
DA:28,1
DA:36,1
DA:46,1
LF:7
LH:7
BRF:0
BRH:0
end_of_record
TN:
SF:src/lib/features/tags/schemas/tag.schemas.ts
FN:14,(anonymous_0)
FNF:1
FNH:1
FNDA:11,(anonymous_0)
DA:10,1
DA:14,11
DA:19,1
DA:27,1
DA:35,1
LF:5
LH:5
BRF:0
BRH:0
end_of_record
TN:
SF:src/lib/features/tasks/schemas/task.schemas.ts
FN:14,(anonymous_0)
FN:22,(anonymous_1)
FNF:2
FNH:2
FNDA:16,(anonymous_0)
FNDA:3,(anonymous_1)
DA:10,1
DA:14,16
DA:19,1
DA:22,3
DA:28,1
DA:36,1
DA:41,1
DA:48,1
DA:55,1
DA:67,1
DA:80,1
LF:11
LH:11
BRF:0
BRH:0
end_of_record
TN:
SF:src/lib/shared/performance-monitoring.ts
FN:48,constructor
FN:60,clearMetrics
FN:72,getPerformanceData
FN:85,setEnabled
FN:92,setReportingEndpoint
FN:99,trackApiCall
FN:120,trackComponentRender
FN:141,trackPageRender
FN:162,initializeWebVitals
FN:166,(anonymous_9)
FN:171,(anonymous_10)
FN:176,(anonymous_11)
FN:181,(anonymous_12)
FN:186,(anonymous_13)
FN:198,reportMetric
FN:218,sendToReportingService
FN:231,(anonymous_16)
FN:242,getPerformanceMonitor
FN:263,getNavigationTiming
FN:282,mark
FN:291,measure
FN:308,measureFunction
FNF:22
FNH:16
FNDA:29,constructor
FNDA:1,clearMetrics
FNDA:7,getPerformanceData
FNDA:3,setEnabled
FNDA:1,setReportingEndpoint
FNDA:5,trackApiCall
FNDA:3,trackComponentRender
FNDA:3,trackPageRender
FNDA:8,initializeWebVitals
FNDA:0,(anonymous_9)
FNDA:0,(anonymous_10)
FNDA:0,(anonymous_11)
FNDA:0,(anonymous_12)
FNDA:0,(anonymous_13)
FNDA:0,reportMetric
FNDA:3,sendToReportingService
FNDA:3,(anonymous_16)
FNDA:4,getPerformanceMonitor
FNDA:2,getNavigationTiming
FNDA:1,mark
FNDA:2,measure
FNDA:3,measureFunction
DA:39,29
DA:45,29
DA:49,29
DA:50,29
DA:52,29
DA:53,8
DA:61,1
DA:62,1
DA:73,7
DA:86,3
DA:93,1
DA:100,5
DA:101,5
DA:103,5
DA:104,3
DA:106,3
DA:107,1
DA:121,3
DA:122,3
DA:124,3
DA:125,2
DA:127,2
DA:128,1
DA:142,3
DA:143,3
DA:145,3
DA:146,2
DA:148,2
DA:149,1
DA:163,8
DA:164,8
DA:166,0
DA:167,0
DA:168,0
DA:171,0
DA:172,0
DA:173,0
DA:176,0
DA:177,0
DA:178,0
DA:181,0
DA:182,0
DA:183,0
DA:186,0
DA:187,0
DA:188,0
DA:191,0
DA:199,0
DA:201,0
DA:204,0
DA:205,0
DA:219,3
DA:222,3
DA:223,0
DA:224,0
DA:227,3
DA:231,3
DA:243,4
DA:244,1
DA:245,1
DA:247,1
DA:253,4
DA:259,1
DA:264,2
DA:265,1
DA:268,1
DA:269,1
DA:283,1
DA:284,0
DA:292,2
DA:293,1
DA:294,1
DA:295,1
DA:296,1
DA:298,1
DA:299,1
DA:302,1
DA:309,3
DA:310,3
DA:311,3
DA:312,2
DA:314,2
DA:315,2
DA:318,2
DA:320,1
DA:321,1
DA:322,1
LF:87
LH:64
BRDA:48,0,0,29
BRDA:49,1,0,29
BRDA:49,1,1,2
BRDA:52,2,0,8
BRDA:52,2,1,21
BRDA:52,3,0,29
BRDA:52,3,1,8
BRDA:76,4,0,7
BRDA:76,4,1,0
BRDA:77,5,0,7
BRDA:77,5,1,0
BRDA:103,6,0,3
BRDA:103,6,1,2
BRDA:106,7,0,1
BRDA:106,7,1,2
BRDA:124,8,0,2
BRDA:124,8,1,1
BRDA:127,9,0,1
BRDA:127,9,1,1
BRDA:145,10,0,2
BRDA:145,10,1,1
BRDA:148,11,0,1
BRDA:148,11,1,1
BRDA:199,12,0,0
BRDA:199,12,1,0
BRDA:204,13,0,0
BRDA:204,13,1,0
BRDA:219,14,0,0
BRDA:219,14,1,3
BRDA:222,15,0,0
BRDA:222,15,1,3
BRDA:243,16,0,1
BRDA:243,16,1,3
BRDA:264,17,0,1
BRDA:264,17,1,1
BRDA:264,18,0,2
BRDA:264,18,1,1
BRDA:283,19,0,0
BRDA:283,19,1,1
BRDA:292,20,0,1
BRDA:292,20,1,1
BRDA:296,21,0,1
BRDA:296,21,1,0
BRDA:314,22,0,2
BRDA:314,22,1,0
BRF:45
BRH:34
end_of_record
TN:
SF:src/lib/shared/utils/api.utils.ts
FN:54,constructor
FN:67,addRequestInterceptor
FN:74,addResponseInterceptor
FN:81,delete
FN:88,get
FN:95,patch
FN:106,post
FN:117,put
FN:128,applyRequestInterceptors
FN:139,applyResponseInterceptors
FN:150,createTimeoutController
FN:152,(anonymous_11)
FN:159,parseErrorData
FN:170,request
FN:227,sleep
FN:228,(anonymous_15)
FN:239,get_2
FN:255,fetchJson
FNF:18
FNH:15
FNDA:17,constructor
FNDA:2,addRequestInterceptor
FNDA:3,addResponseInterceptor
FNDA:1,delete
FNDA:10,get
FNDA:1,patch
FNDA:1,post
FNDA:1,put
FNDA:16,applyRequestInterceptors
FNDA:16,applyResponseInterceptors
FNDA:16,createTimeoutController
FNDA:0,(anonymous_11)
FNDA:5,parseErrorData
FNDA:14,request
FNDA:0,sleep
FNDA:0,(anonymous_15)
FNDA:11,get_2
FNDA:1,fetchJson
DA:13,1
DA:51,17
DA:52,17
DA:55,17
DA:56,17
DA:68,2
DA:75,3
DA:82,1
DA:89,10
DA:96,1
DA:107,1
DA:118,1
DA:129,16
DA:130,16
DA:131,2
DA:133,16
DA:140,16
DA:141,16
DA:142,3
DA:144,16
DA:151,16
DA:152,16
DA:153,16
DA:160,5
DA:161,5
DA:163,2
DA:171,14
DA:172,14
DA:173,14
DA:175,14
DA:176,16
DA:177,16
DA:179,16
DA:189,16
DA:190,16
DA:192,16
DA:193,5
DA:194,5
DA:197,11
DA:199,5
DA:202,5
DA:210,3
DA:214,2
DA:215,2
DA:216,2
DA:221,3
DA:228,0
DA:236,1
DA:238,1
DA:240,11
DA:241,1
DA:243,1
DA:244,1
DA:245,1
DA:247,11
DA:256,1
DA:257,1
LF:57
LH:56
BRDA:13,0,0,1
BRDA:13,0,1,0
BRDA:54,1,0,17
BRDA:170,2,0,14
BRDA:172,3,0,14
BRDA:172,3,1,0
BRDA:177,4,0,16
BRDA:177,4,1,0
BRDA:192,5,0,5
BRDA:192,5,1,11
BRDA:202,6,0,3
BRDA:202,6,1,2
BRDA:203,7,0,5
BRDA:203,7,1,5
BRDA:203,7,2,5
BRDA:203,7,3,5
BRDA:203,7,4,5
BRDA:203,7,5,4
BRDA:214,8,0,2
BRDA:214,8,1,0
BRDA:215,9,0,2
BRDA:215,9,1,2
BRDA:221,10,0,3
BRDA:221,10,1,0
BRDA:240,11,0,1
BRDA:240,11,1,10
BRF:26
BRH:21
end_of_record
TN:
SF:src/lib/shared/utils/auth.interceptors.ts
FN:12,authRequestInterceptor
FN:29,authResponseInterceptor
FN:53,errorLoggingInterceptor
FN:67,getAuthToken
FN:87,getRefreshToken
FN:95,isTokenExpired
FN:106,removeAuthToken
FN:119,setAuthToken
FN:134,setRefreshToken
FNF:9
FNH:9
FNDA:7,authRequestInterceptor
FNDA:4,authResponseInterceptor
FNDA:3,errorLoggingInterceptor
FNDA:15,getAuthToken
FNDA:6,getRefreshToken
FNDA:6,isTokenExpired
FNDA:9,removeAuthToken
FNDA:6,setAuthToken
FNDA:4,setRefreshToken
DA:5,2
DA:6,2
DA:7,2
DA:13,7
DA:14,7
DA:15,4
DA:23,3
DA:31,4
DA:32,1
DA:34,1
DA:35,1
DA:40,4
DA:42,1
DA:43,1
DA:47,4
DA:54,3
DA:55,1
DA:61,3
DA:68,15
DA:69,13
DA:72,13
DA:73,13
DA:74,8
DA:75,8
DA:76,2
DA:77,2
DA:81,11
DA:88,6
DA:89,4
DA:96,6
DA:97,6
DA:99,4
DA:100,4
DA:107,9
DA:108,7
DA:109,7
DA:110,7
DA:113,7
DA:120,6
DA:121,4
DA:124,4
DA:125,4
DA:128,4
DA:135,4
DA:136,2
LF:45
LH:45
BRDA:14,0,0,4
BRDA:14,0,1,3
BRDA:31,1,0,1
BRDA:31,1,1,3
BRDA:34,2,0,1
BRDA:34,2,1,0
BRDA:40,3,0,1
BRDA:40,3,1,3
BRDA:42,4,0,1
BRDA:42,4,1,0
BRDA:54,5,0,1
BRDA:54,5,1,2
BRDA:68,6,0,2
BRDA:68,6,1,13
BRDA:73,7,0,8
BRDA:73,7,1,5
BRDA:73,8,0,13
BRDA:73,8,1,8
BRDA:75,9,0,2
BRDA:75,9,1,6
BRDA:88,10,0,2
BRDA:88,10,1,4
BRDA:97,11,0,2
BRDA:97,11,1,4
BRDA:107,12,0,2
BRDA:107,12,1,7
BRDA:119,13,0,6
BRDA:120,14,0,2
BRDA:120,14,1,4
BRDA:135,15,0,2
BRDA:135,15,1,2
BRF:31
BRH:29
end_of_record
TN:
SF:src/lib/shared/utils/error.utils.ts
FN:14,constructor
FN:28,constructor_2
FN:38,constructor_3
FN:55,clearErrorHandlers
FN:62,getErrorMessage
FN:100,isApiError
FN:104,isAuthenticationError
FN:108,isValidationError
FN:115,registerErrorHandler
FN:122,withErrorHandling
FN:140,executeErrorHandlers
FN:141,(anonymous_11)
FNF:12
FNH:12
FNDA:16,constructor
FNDA:5,constructor_2
FNDA:4,constructor_3
FNDA:28,clearErrorHandlers
FNDA:13,getErrorMessage
FNDA:19,isApiError
FNDA:9,isAuthenticationError
FNDA:10,isValidationError
FNDA:7,registerErrorHandler
FNDA:10,withErrorHandling
FNDA:8,executeErrorHandlers
FNDA:7,(anonymous_11)
DA:15,16
DA:16,16
DA:17,16
DA:19,16
DA:20,16
DA:29,5
DA:30,5
DA:39,4
DA:42,4
DA:43,4
DA:50,2
DA:56,28
DA:63,13
DA:64,7
DA:66,1
DA:68,1
DA:70,1
DA:72,1
DA:74,1
DA:76,1
DA:78,1
DA:82,6
DA:83,1
DA:86,5
DA:87,1
DA:90,4
DA:91,1
DA:94,3
DA:101,19
DA:105,9
DA:109,10
DA:116,7
DA:123,10
DA:124,10
DA:126,8
DA:128,8
DA:129,1
DA:132,8
DA:133,8
DA:141,8
DA:142,7
DA:143,7
DA:145,2
LF:43
LH:43
BRDA:28,0,0,5
BRDA:63,1,0,7
BRDA:63,1,1,6
BRDA:64,2,0,1
BRDA:64,2,1,1
BRDA:64,2,2,1
BRDA:64,2,3,1
BRDA:64,2,4,1
BRDA:64,2,5,1
BRDA:64,2,6,1
BRDA:78,3,0,1
BRDA:78,3,1,0
BRDA:82,4,0,1
BRDA:82,4,1,5
BRDA:86,5,0,1
BRDA:86,5,1,4
BRDA:90,6,0,1
BRDA:90,6,1,3
BRDA:126,7,0,7
BRDA:126,7,1,1
BRDA:128,8,0,1
BRDA:128,8,1,7
BRF:22
BRH:21
end_of_record
