TN:
SF:src/lib/api/handlers.ts
FNF:0
FNH:0
DA:50,33
LF:1
LH:1
BRF:0
BRH:0
end_of_record
TN:
SF:src/lib/api/index.msw.ts
FN:23,(anonymous_0)
FN:25,(anonymous_1)
FN:44,(anonymous_2)
FN:88,(anonymous_3)
FN:107,(anonymous_4)
FN:142,(anonymous_5)
FN:177,(anonymous_6)
FN:191,(anonymous_7)
FN:191,(anonymous_8)
FN:233,(anonymous_9)
FN:233,(anonymous_10)
FN:251,(anonymous_11)
FN:251,(anonymous_12)
FN:290,(anonymous_13)
FN:338,(anonymous_14)
FN:338,(anonymous_15)
FN:354,(anonymous_16)
FN:354,(anonymous_17)
FN:377,(anonymous_18)
FN:425,(anonymous_19)
FN:425,(anonymous_20)
FN:441,(anonymous_21)
FN:441,(anonymous_22)
FN:464,(anonymous_23)
FN:512,(anonymous_24)
FN:512,(anonymous_25)
FN:528,(anonymous_26)
FN:528,(anonymous_27)
FN:551,(anonymous_28)
FN:570,(anonymous_29)
FN:589,(anonymous_30)
FN:608,(anonymous_31)
FN:627,(anonymous_32)
FN:663,(anonymous_33)
FN:682,(anonymous_34)
FN:701,(anonymous_35)
FN:720,(anonymous_36)
FN:732,(anonymous_37)
FN:732,(anonymous_38)
FN:754,(anonymous_39)
FN:773,(anonymous_40)
FN:785,(anonymous_41)
FN:785,(anonymous_42)
FN:807,(anonymous_43)
FN:841,(anonymous_44)
FN:875,(anonymous_45)
FN:909,(anonymous_46)
FN:928,(anonymous_47)
FN:940,(anonymous_48)
FN:940,(anonymous_49)
FN:962,(anonymous_50)
FN:996,(anonymous_51)
FN:1030,(anonymous_52)
FN:1064,(anonymous_53)
FN:1083,(anonymous_54)
FN:1097,(anonymous_55)
FN:1097,(anonymous_56)
FN:1139,(anonymous_57)
FN:1139,(anonymous_58)
FN:1157,(anonymous_59)
FN:1157,(anonymous_60)
FN:1196,(anonymous_61)
FN:1228,(anonymous_62)
FN:1240,(anonymous_63)
FN:1240,(anonymous_64)
FN:1260,(anonymous_65)
FN:1292,(anonymous_66)
FN:1324,(anonymous_67)
FN:1343,(anonymous_68)
FN:1375,(anonymous_69)
FN:1387,(anonymous_70)
FN:1387,(anonymous_71)
FN:1429,(anonymous_72)
FN:1483,(anonymous_73)
FN:1495,(anonymous_74)
FN:1495,(anonymous_75)
FN:1537,(anonymous_76)
FN:1545,(anonymous_77)
FN:1560,(anonymous_78)
FN:1570,(anonymous_79)
FN:1584,(anonymous_80)
FN:1594,(anonymous_81)
FN:1608,(anonymous_82)
FN:1618,(anonymous_83)
FN:1632,(anonymous_84)
FN:1642,(anonymous_85)
FN:1656,(anonymous_86)
FN:1666,(anonymous_87)
FN:1680,(anonymous_88)
FN:1690,(anonymous_89)
FN:1704,(anonymous_90)
FN:1714,(anonymous_91)
FN:1728,(anonymous_92)
FN:1738,(anonymous_93)
FN:1752,(anonymous_94)
FN:1762,(anonymous_95)
FN:1776,(anonymous_96)
FN:1786,(anonymous_97)
FN:1800,(anonymous_98)
FN:1810,(anonymous_99)
FN:1824,(anonymous_100)
FN:1834,(anonymous_101)
FN:1848,(anonymous_102)
FN:1858,(anonymous_103)
FN:1872,(anonymous_104)
FN:1882,(anonymous_105)
FN:1896,(anonymous_106)
FN:1906,(anonymous_107)
FN:1920,(anonymous_108)
FN:1930,(anonymous_109)
FN:1944,(anonymous_110)
FN:1954,(anonymous_111)
FN:1968,(anonymous_112)
FN:1978,(anonymous_113)
FN:1992,(anonymous_114)
FN:2002,(anonymous_115)
FN:2016,(anonymous_116)
FN:2026,(anonymous_117)
FN:2040,(anonymous_118)
FN:2050,(anonymous_119)
FN:2064,(anonymous_120)
FN:2074,(anonymous_121)
FN:2088,(anonymous_122)
FN:2098,(anonymous_123)
FN:2112,(anonymous_124)
FN:2122,(anonymous_125)
FN:2136,(anonymous_126)
FN:2146,(anonymous_127)
FN:2160,(anonymous_128)
FN:2170,(anonymous_129)
FN:2184,(anonymous_130)
FN:2192,(anonymous_131)
FN:2206,(anonymous_132)
FN:2214,(anonymous_133)
FN:2228,(anonymous_134)
FN:2238,(anonymous_135)
FN:2252,(anonymous_136)
FN:2262,(anonymous_137)
FN:2276,(anonymous_138)
FN:2286,(anonymous_139)
FN:2300,(anonymous_140)
FN:2310,(anonymous_141)
FN:2324,(anonymous_142)
FN:2334,(anonymous_143)
FN:2348,(anonymous_144)
FN:2358,(anonymous_145)
FN:2372,(anonymous_146)
FN:2382,(anonymous_147)
FN:2396,(anonymous_148)
FN:2406,(anonymous_149)
FN:2420,(anonymous_150)
FN:2430,(anonymous_151)
FN:2444,(anonymous_152)
FN:2454,(anonymous_153)
FN:2468,(anonymous_154)
FN:2478,(anonymous_155)
FN:2491,(anonymous_156)
FNF:157
FNH:40
FNDA:0,(anonymous_0)
FNDA:0,(anonymous_1)
FNDA:0,(anonymous_2)
FNDA:0,(anonymous_3)
FNDA:0,(anonymous_4)
FNDA:0,(anonymous_5)
FNDA:0,(anonymous_6)
FNDA:0,(anonymous_7)
FNDA:0,(anonymous_8)
FNDA:0,(anonymous_9)
FNDA:0,(anonymous_10)
FNDA:0,(anonymous_11)
FNDA:0,(anonymous_12)
FNDA:0,(anonymous_13)
FNDA:0,(anonymous_14)
FNDA:0,(anonymous_15)
FNDA:0,(anonymous_16)
FNDA:0,(anonymous_17)
FNDA:0,(anonymous_18)
FNDA:0,(anonymous_19)
FNDA:0,(anonymous_20)
FNDA:0,(anonymous_21)
FNDA:0,(anonymous_22)
FNDA:0,(anonymous_23)
FNDA:0,(anonymous_24)
FNDA:0,(anonymous_25)
FNDA:0,(anonymous_26)
FNDA:0,(anonymous_27)
FNDA:0,(anonymous_28)
FNDA:0,(anonymous_29)
FNDA:0,(anonymous_30)
FNDA:0,(anonymous_31)
FNDA:0,(anonymous_32)
FNDA:0,(anonymous_33)
FNDA:0,(anonymous_34)
FNDA:0,(anonymous_35)
FNDA:0,(anonymous_36)
FNDA:0,(anonymous_37)
FNDA:0,(anonymous_38)
FNDA:0,(anonymous_39)
FNDA:0,(anonymous_40)
FNDA:0,(anonymous_41)
FNDA:0,(anonymous_42)
FNDA:0,(anonymous_43)
FNDA:0,(anonymous_44)
FNDA:0,(anonymous_45)
FNDA:0,(anonymous_46)
FNDA:0,(anonymous_47)
FNDA:0,(anonymous_48)
FNDA:0,(anonymous_49)
FNDA:0,(anonymous_50)
FNDA:0,(anonymous_51)
FNDA:0,(anonymous_52)
FNDA:0,(anonymous_53)
FNDA:0,(anonymous_54)
FNDA:0,(anonymous_55)
FNDA:0,(anonymous_56)
FNDA:0,(anonymous_57)
FNDA:0,(anonymous_58)
FNDA:0,(anonymous_59)
FNDA:0,(anonymous_60)
FNDA:0,(anonymous_61)
FNDA:0,(anonymous_62)
FNDA:0,(anonymous_63)
FNDA:0,(anonymous_64)
FNDA:0,(anonymous_65)
FNDA:0,(anonymous_66)
FNDA:0,(anonymous_67)
FNDA:0,(anonymous_68)
FNDA:0,(anonymous_69)
FNDA:0,(anonymous_70)
FNDA:0,(anonymous_71)
FNDA:0,(anonymous_72)
FNDA:0,(anonymous_73)
FNDA:0,(anonymous_74)
FNDA:0,(anonymous_75)
FNDA:33,(anonymous_76)
FNDA:0,(anonymous_77)
FNDA:33,(anonymous_78)
FNDA:0,(anonymous_79)
FNDA:33,(anonymous_80)
FNDA:0,(anonymous_81)
FNDA:33,(anonymous_82)
FNDA:0,(anonymous_83)
FNDA:33,(anonymous_84)
FNDA:0,(anonymous_85)
FNDA:33,(anonymous_86)
FNDA:0,(anonymous_87)
FNDA:33,(anonymous_88)
FNDA:0,(anonymous_89)
FNDA:33,(anonymous_90)
FNDA:0,(anonymous_91)
FNDA:33,(anonymous_92)
FNDA:0,(anonymous_93)
FNDA:33,(anonymous_94)
FNDA:0,(anonymous_95)
FNDA:33,(anonymous_96)
FNDA:0,(anonymous_97)
FNDA:33,(anonymous_98)
FNDA:0,(anonymous_99)
FNDA:33,(anonymous_100)
FNDA:0,(anonymous_101)
FNDA:33,(anonymous_102)
FNDA:0,(anonymous_103)
FNDA:33,(anonymous_104)
FNDA:0,(anonymous_105)
FNDA:33,(anonymous_106)
FNDA:0,(anonymous_107)
FNDA:33,(anonymous_108)
FNDA:0,(anonymous_109)
FNDA:33,(anonymous_110)
FNDA:0,(anonymous_111)
FNDA:33,(anonymous_112)
FNDA:0,(anonymous_113)
FNDA:33,(anonymous_114)
FNDA:0,(anonymous_115)
FNDA:33,(anonymous_116)
FNDA:0,(anonymous_117)
FNDA:33,(anonymous_118)
FNDA:0,(anonymous_119)
FNDA:33,(anonymous_120)
FNDA:0,(anonymous_121)
FNDA:33,(anonymous_122)
FNDA:0,(anonymous_123)
FNDA:33,(anonymous_124)
FNDA:0,(anonymous_125)
FNDA:33,(anonymous_126)
FNDA:0,(anonymous_127)
FNDA:33,(anonymous_128)
FNDA:0,(anonymous_129)
FNDA:33,(anonymous_130)
FNDA:0,(anonymous_131)
FNDA:33,(anonymous_132)
FNDA:0,(anonymous_133)
FNDA:33,(anonymous_134)
FNDA:0,(anonymous_135)
FNDA:33,(anonymous_136)
FNDA:0,(anonymous_137)
FNDA:33,(anonymous_138)
FNDA:0,(anonymous_139)
FNDA:33,(anonymous_140)
FNDA:0,(anonymous_141)
FNDA:33,(anonymous_142)
FNDA:0,(anonymous_143)
FNDA:33,(anonymous_144)
FNDA:0,(anonymous_145)
FNDA:33,(anonymous_146)
FNDA:0,(anonymous_147)
FNDA:33,(anonymous_148)
FNDA:0,(anonymous_149)
FNDA:33,(anonymous_150)
FNDA:0,(anonymous_151)
FNDA:33,(anonymous_152)
FNDA:0,(anonymous_153)
FNDA:33,(anonymous_154)
FNDA:0,(anonymous_155)
FNDA:0,(anonymous_156)
DA:23,33
DA:25,33
DA:27,0
DA:44,33
DA:46,0
DA:88,33
DA:90,0
DA:107,33
DA:109,0
DA:142,33
DA:144,0
DA:177,33
DA:179,0
DA:191,0
DA:233,0
DA:234,0
DA:251,0
DA:252,0
DA:290,33
DA:292,0
DA:338,0
DA:354,0
DA:377,33
DA:379,0
DA:425,0
DA:441,0
DA:464,33
DA:466,0
DA:512,0
DA:528,0
DA:551,33
DA:553,0
DA:570,33
DA:572,0
DA:589,33
DA:591,0
DA:608,33
DA:610,0
DA:627,33
DA:629,0
DA:663,33
DA:665,0
DA:682,33
DA:684,0
DA:701,33
DA:703,0
DA:720,33
DA:722,0
DA:732,0
DA:754,33
DA:756,0
DA:773,33
DA:775,0
DA:785,0
DA:807,33
DA:809,0
DA:841,33
DA:843,0
DA:875,33
DA:877,0
DA:909,33
DA:911,0
DA:928,33
DA:930,0
DA:940,0
DA:962,33
DA:964,0
DA:996,33
DA:998,0
DA:1030,33
DA:1032,0
DA:1064,33
DA:1066,0
DA:1083,33
DA:1085,0
DA:1097,0
DA:1139,0
DA:1140,0
DA:1157,0
DA:1158,0
DA:1196,33
DA:1198,0
DA:1228,33
DA:1230,0
DA:1240,0
DA:1260,33
DA:1262,0
DA:1292,33
DA:1294,0
DA:1324,33
DA:1326,0
DA:1343,33
DA:1345,0
DA:1375,33
DA:1377,0
DA:1387,0
DA:1429,33
DA:1431,0
DA:1483,33
DA:1485,0
DA:1495,0
DA:1537,33
DA:1543,33
DA:1547,0
DA:1553,0
DA:1554,0
DA:1560,33
DA:1568,33
DA:1571,0
DA:1584,33
DA:1592,33
DA:1595,0
DA:1608,33
DA:1616,33
DA:1619,0
DA:1632,33
DA:1640,33
DA:1643,0
DA:1656,33
DA:1664,33
DA:1667,0
DA:1680,33
DA:1688,33
DA:1691,0
DA:1704,33
DA:1712,33
DA:1715,0
DA:1728,33
DA:1736,33
DA:1739,0
DA:1752,33
DA:1760,33
DA:1763,0
DA:1776,33
DA:1784,33
DA:1787,0
DA:1800,33
DA:1808,33
DA:1811,0
DA:1824,33
DA:1832,33
DA:1835,0
DA:1848,33
DA:1856,33
DA:1859,0
DA:1872,33
DA:1880,33
DA:1883,0
DA:1896,33
DA:1904,33
DA:1907,0
DA:1920,33
DA:1928,33
DA:1931,0
DA:1944,33
DA:1952,33
DA:1955,0
DA:1968,33
DA:1976,33
DA:1979,0
DA:1992,33
DA:2000,33
DA:2003,0
DA:2016,33
DA:2024,33
DA:2027,0
DA:2040,33
DA:2048,33
DA:2051,0
DA:2064,33
DA:2072,33
DA:2075,0
DA:2088,33
DA:2096,33
DA:2099,0
DA:2112,33
DA:2120,33
DA:2123,0
DA:2136,33
DA:2144,33
DA:2147,0
DA:2160,33
DA:2168,33
DA:2171,0
DA:2184,33
DA:2190,33
DA:2193,0
DA:2206,33
DA:2212,33
DA:2215,0
DA:2228,33
DA:2236,33
DA:2239,0
DA:2252,33
DA:2260,33
DA:2263,0
DA:2276,33
DA:2284,33
DA:2287,0
DA:2300,33
DA:2308,33
DA:2311,0
DA:2324,33
DA:2332,33
DA:2335,0
DA:2348,33
DA:2356,33
DA:2359,0
DA:2372,33
DA:2380,33
DA:2383,0
DA:2396,33
DA:2404,33
DA:2407,0
DA:2420,33
DA:2428,33
DA:2431,0
DA:2444,33
DA:2452,33
DA:2455,0
DA:2468,33
DA:2476,33
DA:2479,0
DA:2491,33
LF:224
LH:121
BRDA:26,0,0,0
BRDA:45,1,0,0
BRDA:89,2,0,0
BRDA:108,3,0,0
BRDA:143,4,0,0
BRDA:178,5,0,0
BRDA:291,6,0,0
BRDA:378,7,0,0
BRDA:465,8,0,0
BRDA:552,9,0,0
BRDA:571,10,0,0
BRDA:590,11,0,0
BRDA:609,12,0,0
BRDA:628,13,0,0
BRDA:664,14,0,0
BRDA:683,15,0,0
BRDA:702,16,0,0
BRDA:721,17,0,0
BRDA:755,18,0,0
BRDA:774,19,0,0
BRDA:808,20,0,0
BRDA:842,21,0,0
BRDA:876,22,0,0
BRDA:910,23,0,0
BRDA:929,24,0,0
BRDA:963,25,0,0
BRDA:997,26,0,0
BRDA:1031,27,0,0
BRDA:1065,28,0,0
BRDA:1084,29,0,0
BRDA:1197,30,0,0
BRDA:1229,31,0,0
BRDA:1261,32,0,0
BRDA:1293,33,0,0
BRDA:1325,34,0,0
BRDA:1344,35,0,0
BRDA:1376,36,0,0
BRDA:1430,37,0,0
BRDA:1484,38,0,0
BRDA:1547,39,0,0
BRDA:1547,39,1,0
BRDA:1548,40,0,0
BRDA:1548,40,1,0
BRDA:1553,41,0,0
BRDA:1553,41,1,0
BRDA:1553,42,0,0
BRDA:1553,42,1,0
BRDA:1572,43,0,0
BRDA:1572,43,1,0
BRDA:1573,44,0,0
BRDA:1573,44,1,0
BRDA:1596,45,0,0
BRDA:1596,45,1,0
BRDA:1597,46,0,0
BRDA:1597,46,1,0
BRDA:1620,47,0,0
BRDA:1620,47,1,0
BRDA:1621,48,0,0
BRDA:1621,48,1,0
BRDA:1644,49,0,0
BRDA:1644,49,1,0
BRDA:1645,50,0,0
BRDA:1645,50,1,0
BRDA:1668,51,0,0
BRDA:1668,51,1,0
BRDA:1669,52,0,0
BRDA:1669,52,1,0
BRDA:1692,53,0,0
BRDA:1692,53,1,0
BRDA:1693,54,0,0
BRDA:1693,54,1,0
BRDA:1716,55,0,0
BRDA:1716,55,1,0
BRDA:1717,56,0,0
BRDA:1717,56,1,0
BRDA:1740,57,0,0
BRDA:1740,57,1,0
BRDA:1741,58,0,0
BRDA:1741,58,1,0
BRDA:1764,59,0,0
BRDA:1764,59,1,0
BRDA:1765,60,0,0
BRDA:1765,60,1,0
BRDA:1788,61,0,0
BRDA:1788,61,1,0
BRDA:1789,62,0,0
BRDA:1789,62,1,0
BRDA:1812,63,0,0
BRDA:1812,63,1,0
BRDA:1813,64,0,0
BRDA:1813,64,1,0
BRDA:1836,65,0,0
BRDA:1836,65,1,0
BRDA:1837,66,0,0
BRDA:1837,66,1,0
BRDA:1860,67,0,0
BRDA:1860,67,1,0
BRDA:1861,68,0,0
BRDA:1861,68,1,0
BRDA:1884,69,0,0
BRDA:1884,69,1,0
BRDA:1885,70,0,0
BRDA:1885,70,1,0
BRDA:1908,71,0,0
BRDA:1908,71,1,0
BRDA:1909,72,0,0
BRDA:1909,72,1,0
BRDA:1932,73,0,0
BRDA:1932,73,1,0
BRDA:1933,74,0,0
BRDA:1933,74,1,0
BRDA:1956,75,0,0
BRDA:1956,75,1,0
BRDA:1957,76,0,0
BRDA:1957,76,1,0
BRDA:1980,77,0,0
BRDA:1980,77,1,0
BRDA:1981,78,0,0
BRDA:1981,78,1,0
BRDA:2004,79,0,0
BRDA:2004,79,1,0
BRDA:2005,80,0,0
BRDA:2005,80,1,0
BRDA:2028,81,0,0
BRDA:2028,81,1,0
BRDA:2029,82,0,0
BRDA:2029,82,1,0
BRDA:2052,83,0,0
BRDA:2052,83,1,0
BRDA:2053,84,0,0
BRDA:2053,84,1,0
BRDA:2076,85,0,0
BRDA:2076,85,1,0
BRDA:2077,86,0,0
BRDA:2077,86,1,0
BRDA:2100,87,0,0
BRDA:2100,87,1,0
BRDA:2101,88,0,0
BRDA:2101,88,1,0
BRDA:2124,89,0,0
BRDA:2124,89,1,0
BRDA:2125,90,0,0
BRDA:2125,90,1,0
BRDA:2148,91,0,0
BRDA:2148,91,1,0
BRDA:2149,92,0,0
BRDA:2149,92,1,0
BRDA:2172,93,0,0
BRDA:2172,93,1,0
BRDA:2173,94,0,0
BRDA:2173,94,1,0
BRDA:2194,95,0,0
BRDA:2194,95,1,0
BRDA:2195,96,0,0
BRDA:2195,96,1,0
BRDA:2216,97,0,0
BRDA:2216,97,1,0
BRDA:2217,98,0,0
BRDA:2217,98,1,0
BRDA:2240,99,0,0
BRDA:2240,99,1,0
BRDA:2241,100,0,0
BRDA:2241,100,1,0
BRDA:2264,101,0,0
BRDA:2264,101,1,0
BRDA:2265,102,0,0
BRDA:2265,102,1,0
BRDA:2288,103,0,0
BRDA:2288,103,1,0
BRDA:2289,104,0,0
BRDA:2289,104,1,0
BRDA:2312,105,0,0
BRDA:2312,105,1,0
BRDA:2313,106,0,0
BRDA:2313,106,1,0
BRDA:2336,107,0,0
BRDA:2336,107,1,0
BRDA:2337,108,0,0
BRDA:2337,108,1,0
BRDA:2360,109,0,0
BRDA:2360,109,1,0
BRDA:2361,110,0,0
BRDA:2361,110,1,0
BRDA:2384,111,0,0
BRDA:2384,111,1,0
BRDA:2385,112,0,0
BRDA:2385,112,1,0
BRDA:2408,113,0,0
BRDA:2408,113,1,0
BRDA:2409,114,0,0
BRDA:2409,114,1,0
BRDA:2432,115,0,0
BRDA:2432,115,1,0
BRDA:2433,116,0,0
BRDA:2433,116,1,0
BRDA:2456,117,0,0
BRDA:2456,117,1,0
BRDA:2457,118,0,0
BRDA:2457,118,1,0
BRDA:2480,119,0,0
BRDA:2480,119,1,0
BRDA:2481,120,0,0
BRDA:2481,120,1,0
BRF:203
BRH:0
end_of_record
TN:
SF:src/lib/features/auth/api/auth.api.ts
FN:70,forgotPassword
FN:77,getCurrentUser
FN:84,login
FN:91,logout
FN:98,refreshToken
FN:110,register
FN:117,resetPassword
FNF:7
FNH:7
FNDA:2,forgotPassword
FNDA:2,getCurrentUser
FNDA:2,login
FNDA:2,logout
FNDA:2,refreshToken
FNDA:2,register
FNDA:2,resetPassword
DA:66,1
DA:71,2
DA:78,2
DA:85,2
DA:92,2
DA:101,2
DA:111,2
DA:118,2
LF:8
LH:8
BRF:0
BRH:0
end_of_record
TN:
SF:src/lib/features/auth/schemas/auth.schemas.ts
FN:15,(anonymous_0)
FN:36,(anonymous_1)
FN:71,(anonymous_2)
FNF:3
FNH:3
FNDA:12,(anonymous_0)
FNDA:8,(anonymous_1)
FNDA:5,(anonymous_2)
DA:10,1
DA:15,12
DA:20,1
DA:32,1
DA:36,8
DA:41,1
DA:49,1
DA:58,1
DA:65,1
DA:71,5
LF:10
LH:10
BRF:0
BRH:0
end_of_record
TN:
SF:src/lib/features/categories/schemas/category.schemas.ts
FN:14,(anonymous_0)
FN:22,(anonymous_1)
FNF:2
FNH:2
FNDA:13,(anonymous_0)
FNDA:4,(anonymous_1)
DA:10,1
DA:14,13
DA:19,1
DA:22,4
DA:28,1
DA:36,1
DA:46,1
LF:7
LH:7
BRF:0
BRH:0
end_of_record
TN:
SF:src/lib/features/tags/schemas/tag.schemas.ts
FN:14,(anonymous_0)
FNF:1
FNH:1
FNDA:11,(anonymous_0)
DA:10,1
DA:14,11
DA:19,1
DA:27,1
DA:35,1
LF:5
LH:5
BRF:0
BRH:0
end_of_record
TN:
SF:src/lib/features/tasks/schemas/task.schemas.ts
FN:14,(anonymous_0)
FN:22,(anonymous_1)
FNF:2
FNH:2
FNDA:16,(anonymous_0)
FNDA:3,(anonymous_1)
DA:10,1
DA:14,16
DA:19,1
DA:22,3
DA:28,1
DA:36,1
DA:41,1
DA:48,1
DA:55,1
DA:67,1
DA:80,1
LF:11
LH:11
BRF:0
BRH:0
end_of_record
TN:
SF:src/lib/shared/performance-monitoring.ts
FN:48,constructor
FN:60,clearMetrics
FN:72,getPerformanceData
FN:85,setEnabled
FN:92,setReportingEndpoint
FN:99,trackApiCall
FN:120,trackComponentRender
FN:141,trackPageRender
FN:162,initializeWebVitals
FN:166,(anonymous_9)
FN:171,(anonymous_10)
FN:176,(anonymous_11)
FN:181,(anonymous_12)
FN:186,(anonymous_13)
FN:198,reportMetric
FN:218,sendToReportingService
FN:231,(anonymous_16)
FN:242,getPerformanceMonitor
FN:263,getNavigationTiming
FN:282,mark
FN:291,measure
FN:308,measureFunction
FNF:22
FNH:14
FNDA:23,constructor
FNDA:1,clearMetrics
FNDA:7,getPerformanceData
FNDA:2,setEnabled
FNDA:1,setReportingEndpoint
FNDA:4,trackApiCall
FNDA:2,trackComponentRender
FNDA:2,trackPageRender
FNDA:5,initializeWebVitals
FNDA:0,(anonymous_9)
FNDA:0,(anonymous_10)
FNDA:0,(anonymous_11)
FNDA:0,(anonymous_12)
FNDA:0,(anonymous_13)
FNDA:0,reportMetric
FNDA:0,sendToReportingService
FNDA:0,(anonymous_16)
FNDA:3,getPerformanceMonitor
FNDA:1,getNavigationTiming
FNDA:4,mark
FNDA:3,measure
FNDA:3,measureFunction
DA:39,23
DA:45,23
DA:49,23
DA:50,23
DA:52,23
DA:53,5
DA:61,1
DA:62,1
DA:73,7
DA:86,2
DA:93,1
DA:100,4
DA:101,4
DA:103,4
DA:104,1
DA:106,1
DA:107,0
DA:121,2
DA:122,2
DA:124,2
DA:125,1
DA:127,1
DA:128,0
DA:142,2
DA:143,2
DA:145,2
DA:146,1
DA:148,1
DA:149,0
DA:163,5
DA:164,5
DA:166,5
DA:167,0
DA:168,0
DA:171,5
DA:172,0
DA:173,0
DA:176,5
DA:177,0
DA:178,0
DA:181,5
DA:182,0
DA:183,0
DA:186,5
DA:187,0
DA:188,0
DA:191,0
DA:199,0
DA:201,0
DA:204,0
DA:205,0
DA:219,0
DA:222,0
DA:223,0
DA:224,0
DA:227,0
DA:231,0
DA:243,3
DA:244,1
DA:245,1
DA:247,1
DA:253,3
DA:259,1
DA:264,1
DA:265,1
DA:268,0
DA:269,0
DA:283,4
DA:284,3
DA:292,3
DA:293,2
DA:294,2
DA:295,2
DA:296,2
DA:298,1
DA:299,1
DA:302,1
DA:309,3
DA:310,3
DA:311,3
DA:312,2
DA:314,2
DA:315,2
DA:318,2
DA:320,1
DA:321,1
DA:322,1
LF:87
LH:61
BRDA:48,0,0,23
BRDA:49,1,0,23
BRDA:49,1,1,2
BRDA:52,2,0,5
BRDA:52,2,1,18
BRDA:52,3,0,23
BRDA:52,3,1,5
BRDA:76,4,0,7
BRDA:76,4,1,0
BRDA:77,5,0,7
BRDA:77,5,1,0
BRDA:103,6,0,1
BRDA:103,6,1,3
BRDA:106,7,0,0
BRDA:106,7,1,1
BRDA:124,8,0,1
BRDA:124,8,1,1
BRDA:127,9,0,0
BRDA:127,9,1,1
BRDA:145,10,0,1
BRDA:145,10,1,1
BRDA:148,11,0,0
BRDA:148,11,1,1
BRDA:199,12,0,0
BRDA:199,12,1,0
BRDA:204,13,0,0
BRDA:204,13,1,0
BRDA:219,14,0,0
BRDA:219,14,1,0
BRDA:222,15,0,0
BRDA:222,15,1,0
BRDA:243,16,0,1
BRDA:243,16,1,2
BRDA:264,17,0,1
BRDA:264,17,1,0
BRDA:264,18,0,1
BRDA:264,18,1,0
BRDA:283,19,0,3
BRDA:283,19,1,1
BRDA:292,20,0,2
BRDA:292,20,1,1
BRDA:296,21,0,2
BRDA:296,21,1,0
BRDA:314,22,0,2
BRDA:314,22,1,0
BRF:45
BRH:28
end_of_record
TN:
SF:src/lib/shared/utils/api.utils.ts
FN:54,constructor
FN:67,addRequestInterceptor
FN:74,addResponseInterceptor
FN:81,delete
FN:88,get
FN:95,patch
FN:106,post
FN:117,put
FN:128,applyRequestInterceptors
FN:139,applyResponseInterceptors
FN:150,createTimeoutController
FN:152,(anonymous_11)
FN:159,parseErrorData
FN:170,request
FN:227,sleep
FN:228,(anonymous_15)
FN:239,get_2
FN:255,fetchJson
FNF:18
FNH:13
FNDA:15,constructor
FNDA:1,addRequestInterceptor
FNDA:1,addResponseInterceptor
FNDA:1,delete
FNDA:9,get
FNDA:1,patch
FNDA:1,post
FNDA:1,put
FNDA:15,applyRequestInterceptors
FNDA:15,applyResponseInterceptors
FNDA:15,createTimeoutController
FNDA:0,(anonymous_11)
FNDA:5,parseErrorData
FNDA:13,request
FNDA:0,sleep
FNDA:0,(anonymous_15)
FNDA:0,get_2
FNDA:0,fetchJson
DA:13,1
DA:51,15
DA:52,15
DA:55,15
DA:56,15
DA:68,1
DA:75,1
DA:82,1
DA:89,9
DA:96,1
DA:107,1
DA:118,1
DA:129,15
DA:130,15
DA:131,1
DA:133,15
DA:140,15
DA:141,15
DA:142,1
DA:144,15
DA:151,15
DA:152,15
DA:153,15
DA:160,5
DA:161,5
DA:163,2
DA:171,13
DA:172,13
DA:173,13
DA:175,13
DA:176,15
DA:177,15
DA:179,15
DA:189,15
DA:190,15
DA:192,15
DA:193,5
DA:194,5
DA:197,10
DA:199,5
DA:202,5
DA:210,3
DA:214,2
DA:215,2
DA:216,2
DA:221,3
DA:228,0
DA:236,1
DA:238,1
DA:240,0
DA:241,0
DA:243,0
DA:244,0
DA:245,0
DA:247,0
DA:256,0
DA:257,0
LF:57
LH:48
BRDA:13,0,0,1
BRDA:13,0,1,0
BRDA:54,1,0,15
BRDA:170,2,0,13
BRDA:172,3,0,13
BRDA:172,3,1,0
BRDA:177,4,0,15
BRDA:177,4,1,0
BRDA:192,5,0,5
BRDA:192,5,1,10
BRDA:202,6,0,3
BRDA:202,6,1,2
BRDA:203,7,0,5
BRDA:203,7,1,5
BRDA:203,7,2,5
BRDA:203,7,3,5
BRDA:203,7,4,5
BRDA:203,7,5,4
BRDA:214,8,0,2
BRDA:214,8,1,0
BRDA:215,9,0,2
BRDA:215,9,1,2
BRDA:221,10,0,3
BRDA:221,10,1,0
BRDA:240,11,0,0
BRDA:240,11,1,0
BRF:26
BRH:19
end_of_record
TN:
SF:src/lib/shared/utils/auth.interceptors.ts
FN:12,authRequestInterceptor
FN:29,authResponseInterceptor
FN:53,errorLoggingInterceptor
FN:67,getAuthToken
FN:87,getRefreshToken
FN:95,isTokenExpired
FN:106,removeAuthToken
FN:119,setAuthToken
FN:134,setRefreshToken
FNF:9
FNH:9
FNDA:6,authRequestInterceptor
FNDA:3,authResponseInterceptor
FNDA:2,errorLoggingInterceptor
FNDA:14,getAuthToken
FNDA:6,getRefreshToken
FNDA:6,isTokenExpired
FNDA:9,removeAuthToken
FNDA:6,setAuthToken
FNDA:4,setRefreshToken
DA:5,2
DA:6,2
DA:7,2
DA:13,6
DA:14,6
DA:15,4
DA:23,2
DA:31,3
DA:32,1
DA:34,1
DA:35,1
DA:40,3
DA:42,1
DA:43,1
DA:47,3
DA:54,2
DA:55,1
DA:61,2
DA:68,14
DA:69,12
DA:72,12
DA:73,12
DA:74,8
DA:75,8
DA:76,2
DA:77,2
DA:81,10
DA:88,6
DA:89,4
DA:96,6
DA:97,6
DA:99,4
DA:100,4
DA:107,9
DA:108,7
DA:109,7
DA:110,7
DA:113,7
DA:120,6
DA:121,4
DA:124,4
DA:125,4
DA:128,4
DA:135,4
DA:136,2
LF:45
LH:45
BRDA:14,0,0,4
BRDA:14,0,1,2
BRDA:31,1,0,1
BRDA:31,1,1,2
BRDA:34,2,0,1
BRDA:34,2,1,0
BRDA:40,3,0,1
BRDA:40,3,1,2
BRDA:42,4,0,1
BRDA:42,4,1,0
BRDA:54,5,0,1
BRDA:54,5,1,1
BRDA:68,6,0,2
BRDA:68,6,1,12
BRDA:73,7,0,8
BRDA:73,7,1,4
BRDA:73,8,0,12
BRDA:73,8,1,8
BRDA:75,9,0,2
BRDA:75,9,1,6
BRDA:88,10,0,2
BRDA:88,10,1,4
BRDA:97,11,0,2
BRDA:97,11,1,4
BRDA:107,12,0,2
BRDA:107,12,1,7
BRDA:119,13,0,6
BRDA:120,14,0,2
BRDA:120,14,1,4
BRDA:135,15,0,2
BRDA:135,15,1,2
BRF:31
BRH:29
end_of_record
TN:
SF:src/lib/shared/utils/error.utils.ts
FN:14,constructor
FN:28,constructor_2
FN:38,constructor_3
FN:55,clearErrorHandlers
FN:62,getErrorMessage
FN:100,isApiError
FN:104,isAuthenticationError
FN:108,isValidationError
FN:115,registerErrorHandler
FN:122,withErrorHandling
FN:140,executeErrorHandlers
FN:141,(anonymous_11)
FNF:12
FNH:12
FNDA:16,constructor
FNDA:5,constructor_2
FNDA:4,constructor_3
FNDA:28,clearErrorHandlers
FNDA:13,getErrorMessage
FNDA:19,isApiError
FNDA:9,isAuthenticationError
FNDA:10,isValidationError
FNDA:7,registerErrorHandler
FNDA:10,withErrorHandling
FNDA:8,executeErrorHandlers
FNDA:7,(anonymous_11)
DA:15,16
DA:16,16
DA:17,16
DA:19,16
DA:20,16
DA:29,5
DA:30,5
DA:39,4
DA:42,4
DA:43,4
DA:50,2
DA:56,28
DA:63,13
DA:64,7
DA:66,1
DA:68,1
DA:70,1
DA:72,1
DA:74,1
DA:76,1
DA:78,1
DA:82,6
DA:83,1
DA:86,5
DA:87,1
DA:90,4
DA:91,1
DA:94,3
DA:101,19
DA:105,9
DA:109,10
DA:116,7
DA:123,10
DA:124,10
DA:126,8
DA:128,8
DA:129,1
DA:132,8
DA:133,8
DA:141,8
DA:142,7
DA:143,7
DA:145,2
LF:43
LH:43
BRDA:28,0,0,5
BRDA:63,1,0,7
BRDA:63,1,1,6
BRDA:64,2,0,1
BRDA:64,2,1,1
BRDA:64,2,2,1
BRDA:64,2,3,1
BRDA:64,2,4,1
BRDA:64,2,5,1
BRDA:64,2,6,1
BRDA:78,3,0,1
BRDA:78,3,1,0
BRDA:82,4,0,1
BRDA:82,4,1,5
BRDA:86,5,0,1
BRDA:86,5,1,4
BRDA:90,6,0,1
BRDA:90,6,1,3
BRDA:126,7,0,7
BRDA:126,7,1,1
BRDA:128,8,0,1
BRDA:128,8,1,7
BRF:22
BRH:21
end_of_record
